Removed Member From Class: ClassName=Sheet2 Member=R?
Change Component Designator: OldDesignator=C6 NewDesignator=C5
Change Component Designator: OldDesignator=C7 NewDesignator=C6
Change Component Designator: OldDesignator=D? NewDesignator=D5
Change Component Designator: OldDesignator=pg NewDesignator=pg1
Change Component Designator: OldDesignator=pir NewDesignator=pir1
Change Component Designator: OldDesignator=Q1 NewDesignator=Q2
Change Component Designator: OldDesignator=Q? NewDesignator=Q1
Change Component Designator: OldDesignator=Q? NewDesignator=Q3
Change Component Designator: OldDesignator=R4 NewDesignator=R5
Change Component Designator: OldDesignator=R6 NewDesignator=R8
Change Component Designator: OldDesignator=R9 NewDesignator=R11
Change Component Designator: OldDesignator=R10 NewDesignator=R12
Change Component Designator: OldDesignator=R? NewDesignator=R4
Change Component Designator: OldDesignator=R? NewDesignator=R6
Change Component Designator: OldDesignator=R? NewDesignator=R7
Change Component Designator: OldDesignator=R? NewDesignator=R9
Change Component Designator: OldDesignator=R? NewDesignator=R10
Change Component Designator: OldDesignator=status NewDesignator=status1
Change Component Designator: OldDesignator=U3 NewDesignator=U2
Change Component Designator: OldDesignator=U4 NewDesignator=U3
Change Net Name : Old Net Name=Netpg_1 New Net Name=Netpg1_1
Change Net Name : Old Net Name=NetQ1_1 New Net Name=NetQ2_1
Change Net Name : Old Net Name=NetQ?_1 New Net Name=NetQ1_1
Change Net Name : Old Net Name=NetR9_1 New Net Name=NetR11_1
Change Net Name : Old Net Name=NetR9_2 New Net Name=NetR11_2
Change Net Name : Old Net Name=NetR10_1 New Net Name=NetR12_1
Change Net Name : Old Net Name=NetR10_2 New Net Name=NetR12_2
Change Net Name : Old Net Name=NetR?_1 New Net Name=NetR6_1
Added Pin To Net: NetName=NetQ3_1 Pin=Q3-1
Added Pin To Net: NetName=NetQ3_1 Pin=R10-1
Added Net: Name=NetQ3_1
Added Member To Class: ClassName=Sheet2 Member=Component Q2 C945
Added Member To Class: ClassName=Sheet2 Member=Component R5 Res1
Added Member To Class: ClassName=Sheet2 Member=Component R7 Resistor SMD
Added Member To Class: ClassName=Sheet2 Member=Component R8 Res1
Added Member To Class: ClassName=Sheet2 Member=Component R11 Resistor SMD
Added Member To Class: ClassName=Sheet2 Member=Component R12 Resistor SMD
Added Room: Name=Sheet2
