Report       : senario with shamsi
Date         : 10-27-2020
Time         : 17:05:19

Compiler     : BASCOM-AVR LIBRARY V 2.0.7.8
Processor    : M128
SRAM         : 1000 hex
EEPROM       : 1000 hex
ROMSIZE      : 20000 hex

ROMIMAGE     : B43C hex  -> Will fit into ROM
ROMIMAGE     :  46140 dec
FLASH USED   :  35  %
BAUD         : 115200 Baud
XTAL         : 11059200 Hz
BAUD error   : 0.%

Stack start  : 10FF hex
Stack size   : 40 hex
S-Stacksize  : 64 hex
S-Stackstart : 10C0 hex
Framesize    : 64 hex
Framestart   : FF8 hex
Space left   :  3561  dec

LCD DB7      : PORTB.7
LCD DB6      : PORTB.6
LCD DB5      : PORTB.5
LCD DB4      : PORTB.4
LCD E        : PORTB.3
LCD RS       : PORTB.2
LCD mode     :  4  bit

--------------------------------------------------------------------------------
Variable                         Type            Address(hex)   Address(dec)
--------------------------------------------------------------------------------
UBRR1                            Word              0099          153 
TCNT3                            Word              0088          136 
OCR3A                            Word              0086          134 
PWM3A                            Word              0086          134 
OCR3B                            Word              0084          132 
PWM3B                            Word              0084          132 
OCR3C                            Word              0082          130 
PWM3C                            Word              0082          130 
ICR3                             Word              0080          128 
OCR1C                            Word              0078          120 
SP                               Word              005D          93 
TCNT1                            Word              004C          76 
OCR1A                            Word              004A          74 
PWM1A                            Word              004A          74 
OCR1B                            Word              0048          72 
PWM1B                            Word              0048          72 
ICR1                             Word              0046          70 
EEAR                             Word              003E          62 
ADC                              Word              0024          36 
TIMER3                           Word              0088          136 
COMPARE3A                        Word              0086          134 
PWM3A                            Word              0086          134 
COMPARE3B                        Word              0084          132 
PWM3B                            Word              0084          132 
COMPARE3C                        Word              0082          130 
PWM3C                            Word              0082          130 
CAPTURE3                         Word              0080          128 
COMPARE1C                        Word              0078          120 
TIMER1                           Word              004C          76 
COMPARE1A                        Word              004A          74 
COMPARE1B                        Word              0048          72 
CAPTURE1                         Word              0046          70 
HWSTACK                          Word              005D          93 
SWSTACK                          Word              001C          28 
FRAME                            Word              0004          4 
R0                                                 0000          0 
R1                                                 0001          1 
R2                                                 0002          2 
R3                                                 0003          3 
R4                                                 0004          4 
R5                                                 0005          5 
R6                                                 0006          6 
R7                                                 0007          7 
R8                                                 0008          8 
R9                                                 0009          9 
R10                                                000A          10 
R11                                                000B          11 
R12                                                000C          12 
R13                                                000D          13 
R14                                                000E          14 
R15                                                000F          15 
R16                                                0010          16 
R17                                                0011          17 
R18                                                0012          18 
R19                                                0013          19 
R20                                                0014          20 
R21                                                0015          21 
R22                                                0016          22 
R23                                                0017          23 
R24                                                0018          24 
R25                                                0019          25 
R26                                                001A          26 
R27                                                001B          27 
R28                                                001C          28 
R29                                                001D          29 
R30                                                001E          30 
R31                                                001F          31 
ADCD                             Word              0024          36 
COUNTER1                         Word              004C          76 
TIMER1                           Word              004C          76 
CAPTURE1                         Word              0046          70 
CAPTURE3                         Word              0080          128 
COMPARE1A                        Word              004A          74 
PWM1A                            Word              004A          74 
COMPARE1                         Word              004A          74 
PWM1B                            Word              0048          72 
COMPARE1B                        Word              0048          72 
PWM1C                            Word              0078          120 
COMPARE1C                        Word              0078          120 
COUNTER3                         Word              0088          136 
TIMER3                           Word              0088          136 
COMPARE3A                        Word              0086          134 
PWM3A                            Word              0086          134 
COMPARE3                         Word              0086          134 
PWM3B                            Word              0084          132 
COMPARE3B                        Word              0084          132 
PWM3C                            Word              0082          130 
COMPARE3C                        Word              0082          130 
PWM0                             Byte              0051          81 
ERR                              Bit [2]           0006          6 
DS18B20_ID_1                     Byte(9)           0101          257 
DS18B20_ID_2                     Byte(8)           010A          266 
ACTION                           Byte              0112          274 
TEMPERATURE                      String * 6        011F          287 
SENS1                            String * 6        0126          294 
SENS2                            String * 6        012D          301 
READSENS                         Integer           0134          308 
TMPREAD                          Bit [7]           0136          310 
TMP1                             Integer           0137          311 
TMP2                             Integer           0139          313 
ALARMTEMP                        Byte              013B          315 
SAHIH1                           Byte              013C          316 
SAHIH2                           Byte              013D          317 
ASHAR1                           Byte              013E          318 
ASHAR2                           Byte              013F          319 
EDAY                             EEPROM Byte       0000          0 
DAY                              Byte              0146          326 
WEEKDAY                          Byte              014C          332 
M_DAY                            Word              014D          333 
SH_DAY                           Word              014F          335 
M_YEAR                           Word              0151          337 
SH_YEAR                          Word              0153          339 
M_MONTH                          Word              0155          341 
SH_MONTH                         Word              0157          343 
KABISE                           Byte              0159          345 
KOLE_ROZ_M                       Word              015A          346 
KOLE_ROZ_SH                      Word              015C          348 
CONTER1                          Word              015E          350 
CONTER2                          Word              0160          352 
CONTER3                          Word              0162          354 
CONTER4                          Word              0164          356 
DAY_OF_MONTH                     Byte(12)          0166          358 
TEMP1                            Integer           0172          370 
TEMP2                            Integer           0174          372 
TEMP3                            Word              0176          374 
TEMP4                            Word              0178          376 
TEMP5                            Byte              017A          378 
SHOWTEMP                         Byte              017B          379 
MENU                             Byte              017C          380 
TEST                             Byte              017D          381 
TIMER_1                          Word              017E          382 
S1                               String * 16       0180          384 
S2                               String * 16       0191          401 
S3                               String * 16       01A2          418 
S4                               String * 16       01B3          435 
S                                String * 10       01C4          452 
BLINK_                           Bit [6]           0136          310 
SELECTION                        Byte              01CF          463 
A                                Byte              01D0          464 
BACKTIME                         Bit [5]           0136          310 
SUNSETH                          Byte              01D1          465 
SUNSETM                          Byte              01D2          466 
SUNRISEH                         Byte              01D3          467 
SUNRISEM                         Byte              01D4          468 
U                                Byte              01D5          469 
D                                Byte              01D6          470 
MAXIN                            Byte              01D7          471 
ID                               Byte              01D8          472 
TYP                              Byte              01D9          473 
CMD                              Byte              01DA          474 
STARTBIT                         Byte              01DB          475 
ENDBIT                           Byte              01DC          476 
FINDORDER                        Byte              01DD          477 
REMOTEID                         Byte              01DE          478 
REMOTEKEYID                      Byte              01DF          479 
LSTATUS                          EEPROM Byte       0001          1 
PSTATUS                          EEPROM Byte       0002          2 
WSTATUS                          EEPROM Byte       0003          3 
LDAYS                            EEPROM Byte       0004          4 
PDAYS                            EEPROM Byte       0005          5 
WDAYS                            EEPROM Byte       0006          6 
DAYS                             Byte              01E0          480 
LONHOUR                          EEPROM Byte       0007          7 
LONMIN                           EEPROM Byte       0008          8 
LOFFHOUR                         EEPROM Byte       0009          9 
LOFFMIN                          EEPROM Byte       000A          10 
PONHOUR                          EEPROM Byte       000B          11 
PONMIN                           EEPROM Byte       000C          12 
POFFHOUR                         EEPROM Byte       000D          13 
POFFMIN                          EEPROM Byte       000E          14 
WONHOUR                          EEPROM Byte       000F          15 
WONMIN                           EEPROM Byte       0010          16 
WOFFHOUR                         EEPROM Byte       0011          17 
WOFFMIN                          EEPROM Byte       0012          18 
ONHOUR                           Byte              01E1          481 
ONMIN                            Byte              01E2          482 
OFFHOUR                          Byte              01E3          483 
OFFMIN                           Byte              01E4          484 
STATUS                           Byte              01E5          485 
SETLIGHT                         Byte              01E6          486 
DIN                              Byte(5)           01E7          487 
INOK                             Bit [4]           0136          310 
LEARNOK                          Bit [3]           0136          310 
LEARNDONE                        Bit [2]           0136          310 
CLEARDONE                        Byte              01EC          492 
SETREMOTEDONE                    Bit [1]           0136          310 
DIRECT                           Byte              01ED          493 
X                                Word              01EE          494 
W                                Word              01F0          496 
Z                                Word              01F2          498 
PLANT_STATUS                     Byte              01F4          500 
PLANT_START_HOUR                 Byte              01F5          501 
PLANT_START_MIN                  Byte              01F6          502 
PLANT_STOP_HOUR                  Byte              01F7          503 
PLANT_STOP_MIN                   Byte              01F8          504 
PLANT_DAYS                       Byte(7)           01F9          505 
JSTATUS                          Bit [0]           0136          310 
BACKMENU                         Bit [7]           0200          512 
PASS                             Byte(4)           0201          513 
REERROR                          Byte              0205          517 
POOSH                            Word              0206          518 
TOUCH                            Byte              0208          520 
NEXTDAY                          Bit [6]           0200          512 
COUNT                            Byte              0209          521 
INPUTCOUNTER                     Byte              020A          522 
RELAYMODULECOUNTER               EEPROM Byte       0013          19 
PWMMODULECOUNTER                 EEPROM Byte       0014          20 
EINPUTCOUNTER                    EEPROM Byte       0015          21 
SYCNUM                           EEPROM Byte       0016          22 
CONFIGMODE                       Byte              020B          523 
OK1                              Bit [5]           0200          512 
OK2                              Bit [4]           0200          512 
OK3                              Bit [3]           0200          512 
OK4                              Bit [2]           0200          512 
I                                Byte              020C          524 
J                                Byte              020D          525 

--------------------------------------------------------------------------------
Constant                         Value
--------------------------------------------------------------------------------
UCSR1C                           &H9D
UDR1                             &H9C
UCSR1A                           &H9B
USR1                             &H9B
UCSR1B                           &H9A
UBRR1L                           &H99
UBRR1H                           &H98
UBRR1                            &H99
UCSR0C                           &H95
UCSRC                            &H95
UBRR0H                           &H90
UBRRHI                           &H90
TCCR3C                           &H8C
TCCR3A                           &H8B
TCCR3B                           &H8A
TCNT3H                           &H89
TCNT3L                           &H88
OCR3AH                           &H87
OCR3AL                           &H86
OCR3BH                           &H85
OCR3BL                           &H84
OCR3CH                           &H83
OCR3CL                           &H82
ICR3H                            &H81
ICR3L                            &H80
ETIMSK                           &H7D
ETIFR                            &H7C
TCCR1C                           &H7A
OCR1CH                           &H79
OCR1CL                           &H78
TWCR                             &H74
TWDR                             &H73
TWAR                             &H72
TWSR                             &H71
TWBR                             &H70
OSCCAL                           &H6F
XMCRA                            &H6D
XMCRB                            &H6C
EICRA                            &H6A
SPMCSR                           &H68
SPMCR                            &H68
PORTG                            &H65
DDRG                             &H64
PING                             &H63
PORTF                            &H62
DDRF                             &H61
SREG                             &H3F
SPH                              &H3E
SPL                              &H3D
XDIV                             &H3C
RAMPZ                            &H3B
EICRB                            &H3A
EIMSK                            &H39
GIMSK                            &H39
GICR                             &H39
EIFR                             &H38
GIFR                             &H38
TIMSK                            &H37
TIFR                             &H36
TIFR1                            &H36
MCUCR                            &H35
MCUCSR                           &H34
MCUSR                            &H34
TCCR0                            &H33
TCNT0                            &H32
COUNTER0                         &H32
TIMER0                           &H32
OCR0                             &H31
PWM0                             &H31
COMPARE0                         &H31
ASSR                             &H30
TCCR1A                           &H2F
TCCR1B                           &H2E
TCNT1H                           &H2D
TCNT1L                           &H2C
OCR1AH                           &H2B
OCR1AL                           &H2A
OCR1BH                           &H29
OCR1BL                           &H28
ICR1H                            &H27
ICR1L                            &H26
TCCR2                            &H25
TCNT2                            &H24
TIMER2                           &H24
COUNTER2                         &H24
OCR2                             &H23
PWM2                             &H23
COMPARE2                         &H23
OCDR                             &H22
WDTCR                            &H21
SFIOR                            &H20
EEARH                            &H1F
EEARL                            &H1E
EEDR                             &H1D
EECR                             &H1C
PORTA                            &H1B
DDRA                             &H1A
PINA                             &H19
PORTB                            &H18
DDRB                             &H17
PINB                             &H16
PORTC                            &H15
DDRC                             &H14
PINC                             &H13
PORTD                            &H12
DDRD                             &H11
PIND                             &H10
SPDR                             &H0F
SPSR                             &H0E
SPCR                             &H0D
UDR                              &H0C
UCSR0A                           &H0B
USR                              &H0B
UCSR0B                           &H0A
UCR                              &H0A
UBRR0L                           &H09
UBRR                             &H09
ACSR                             &H08
ADMUX                            &H07
ADCSR                            &H06
ADCSRA                           &H06
ADCH                             &H05
ADCL                             &H04
PORTE                            &H03
DDRE                             &H02
PINE                             &H01
PINF                             &H00
SRE                              7
SRW10                            6
SE                               5
SM1                              4
SM0                              3
SM2                              2
VSEL                             1
IVCE                             0
JTD                              7
JTRF                             4
WDRF                             3
BORF                             2
EXTRF                            1
PORF                             0
SRL2                             6
SRL1                             5
SRL0                             4
SRW01                            3
SRW00                            2
SRW11                            1
XMBK                             7
XMM2                             2
XMM1                             1
XMM0                             0
SPMIE                            7
ASB                              6
ASRE                             4
RWWSB                            6
RWWSRE                           4
BLBSET                           3
PGWRT                            2
PGERS                            1
SPMEN                            0
IDRD                             7
OCDR6                            6
OCDR5                            5
OCDR4                            4
OCDR3                            3
OCDR2                            2
OCDR1                            1
OCDR0                            0
XDIVEN                           7
XDIV6                            6
XDIV5                            5
XDIV4                            4
XDIV3                            3
XDIV2                            2
XDIV1                            1
XDIV0                            0
TSM                              7
ADHSM                            4
ACME                             3
PUD                              2
PSR0                             1
PSR1                             0
PSR2                             0
PSR3                             0
PSR321                           0
ADEN                             7
ADSC                             6
ADFR                             5
ADIF                             4
ADIE                             3
ADPS2                            2
ADPS1                            1
ADPS0                            0
REFS1                            7
REFS0                            6
ADLAR                            5
MUX4                             4
MUX3                             3
MUX2                             2
MUX1                             1
MUX0                             0
ACD                              7
ACBG                             6
ACO                              5
ACI                              4
ACIE                             3
ACIC                             2
ACIS1                            1
ACIS0                            0
INT7                             7
INT6                             6
INT5                             5
INT4                             4
INT3                             3
INT2                             2
INT1                             1
INT0                             0
INTF7                            7
INTF6                            6
INTF5                            5
INTF4                            4
INTF3                            3
INTF2                            2
INTF1                            1
INTF0                            0
ISC71                            7
ISC70                            6
ISC61                            5
ISC60                            4
ISC51                            3
ISC50                            2
ISC41                            1
ISC40                            0
ISC31                            7
ISC30                            6
ISC21                            5
ISC20                            4
ISC11                            3
ISC10                            2
ISC01                            1
ISC00                            0
OCIE2                            7
TOIE2                            6
TICIE1                           5
OCIE1A                           4
OCIE1B                           3
TOIE1                            2
OCIE0                            1
OCIE0A                           1
TOIE0                            0
TICIE3                           5
OCIE3A                           4
OCIE3B                           3
TOIE3                            2
OCIE3C                           1
OCIE1C                           0
OCF2                             7
TOV2                             6
ICF1                             5
OCF1A                            4
OCF1B                            3
TOV1                             2
OCF0                             1
TOV0                             0
ICF3                             5
OCF3A                            4
OCF3B                            3
TOV3                             2
OCF3C                            1
OCF1C                            0
AS2                              3
AS0                              3
TCN0UB                           2
OCR0UB                           1
TCR0UB                           0
FOC0                             7
WGM00                            6
COM01                            5
COM00                            4
WGM01                            3
CS02                             2
CS01                             1
CS00                             0
COM1A1                           7
COM1A0                           6
COM1B1                           5
COM1B0                           4
COM1C1                           3
COM1C0                           2
PWM11                            1
PWM10                            0
WGM11                            1
WGM10                            0
ICNC1                            7
ICES1                            6
CTC11                            4
CTC10                            3
WGM13                            4
WGM12                            3
CS12                             2
CS11                             1
CS10                             0
FOC1A                            7
FOC1B                            6
FOC1C                            5
FOC2                             7
WGM20                            6
COM21                            5
COM20                            4
WGM21                            3
CS22                             2
CS21                             1
CS20                             0
COM3A1                           7
COM3A0                           6
COM3B1                           5
COM3B0                           4
COM3C1                           3
COM3C0                           2
PWM31                            1
PWM30                            0
WGM31                            1
WGM30                            0
ICNC3                            7
ICES3                            6
CTC31                            4
CTC30                            3
WGM33                            4
WGM32                            3
CS32                             2
CS31                             1
CS30                             0
FOC3A                            7
FOC3B                            6
FOC3C                            5
WDCE                             4
WDTOE                            4
WDE                              3
WDP2                             2
WDP1                             1
WDP0                             0
EERIE                            3
EEMWE                            2
EEWE                             1
EERE                             0
RXC                              7
TXC                              6
UDRE                             5
FE                               4
DOR                              3
PE                               2
U2X                              1
MPCM                             0
RXC0                             7
TXC0                             6
UDRE0                            5
FE0                              4
DOR0                             3
UPE0                             2
U2X0                             1
MPCM0                            0
RXC1                             7
TXC1                             6
UDRE1                            5
FE1                              4
OR1                              3
UPE1                             2
U2X1                             1
MPCM1                            0
RXCIE                            7
TXCIE                            6
UDRIE                            5
RXEN                             4
TXEN                             3
UCSZ2                            2
RXB8                             1
TXB8                             0
RXCIE0                           7
TXCIE0                           6
UDRIE0                           5
RXEN0                            4
TXEN0                            3
UCSZ02                           2
RXB80                            1
TXB80                            0
RXCIE1                           7
TXCIE1                           6
UDRIE1                           5
RXEN1                            4
TXEN1                            3
UCSZ12                           2
RXB81                            1
TXB81                            0
UMSEL                            6
UPM1                             5
UPM0                             4
USBS                             3
UCSZ1                            2
UCSZ0                            1
UCPOL                            0
UMSEL0                           6
UPM01                            5
UPM00                            4
USBS0                            3
UCSZ01                           2
UCSZ00                           1
UCPOL0                           0
UMSEL1                           6
UPM11                            5
UPM10                            4
USBS1                            3
UCSZ11                           2
UCSZ10                           1
UCPOL1                           0
SPIE                             7
SPE                              6
DORD                             5
MSTR                             4
CPOL                             3
CPHA                             2
SPR1                             1
SPR0                             0
SPIF                             7
WCOL                             6
SPI2X                            0
TWINT                            7
TWEA                             6
TWSTA                            5
TWSTO                            4
TWWC                             3
TWEN                             2
TWIE                             0
TWS7                             7
TWS6                             6
TWS5                             5
TWS4                             4
TWS3                             3
TWPS1                            1
TWPS0                            0
TWA6                             7
TWA5                             6
TWA4                             5
TWA3                             4
TWA2                             3
TWA1                             2
TWA0                             1
TWGCE                            0
PA7                              7
PA6                              6
PA5                              5
PA4                              4
PA3                              3
PA2                              2
PA1                              1
PA0                              0
PORTA7                           7
PORTA6                           6
PORTA5                           5
PORTA4                           4
PORTA3                           3
PORTA2                           2
PORTA1                           1
PORTA0                           0
DDA7                             7
DDA6                             6
DDA5                             5
DDA4                             4
DDA3                             3
DDA2                             2
DDA1                             1
DDA0                             0
PINA7                            7
PINA6                            6
PINA5                            5
PINA4                            4
PINA3                            3
PINA2                            2
PINA1                            1
PINA0                            0
PB7                              7
PB6                              6
PB5                              5
PB4                              4
PB3                              3
PB2                              2
PB1                              1
PB0                              0
PORTB7                           7
PORTB6                           6
PORTB5                           5
PORTB4                           4
PORTB3                           3
PORTB2                           2
PORTB1                           1
PORTB0                           0
DDB7                             7
DDB6                             6
DDB5                             5
DDB4                             4
DDB3                             3
DDB2                             2
DDB1                             1
DDB0                             0
PINB7                            7
PINB6                            6
PINB5                            5
PINB4                            4
PINB3                            3
PINB2                            2
PINB1                            1
PINB0                            0
PC7                              7
PC6                              6
PC5                              5
PC4                              4
PC3                              3
PC2                              2
PC1                              1
PC0                              0
PORTC7                           7
PORTC6                           6
PORTC5                           5
PORTC4                           4
PORTC3                           3
PORTC2                           2
PORTC1                           1
PORTC0                           0
DDC7                             7
DDC6                             6
DDC5                             5
DDC4                             4
DDC3                             3
DDC2                             2
DDC1                             1
DDC0                             0
PINC7                            7
PINC6                            6
PINC5                            5
PINC4                            4
PINC3                            3
PINC2                            2
PINC1                            1
PINC0                            0
PD7                              7
PD6                              6
PD5                              5
PD4                              4
PD3                              3
PD2                              2
PD1                              1
PD0                              0
PORTD7                           7
PORTD6                           6
PORTD5                           5
PORTD4                           4
PORTD3                           3
PORTD2                           2
PORTD1                           1
PORTD0                           0
DDD7                             7
DDD6                             6
DDD5                             5
DDD4                             4
DDD3                             3
DDD2                             2
DDD1                             1
DDD0                             0
PIND7                            7
PIND6                            6
PIND5                            5
PIND4                            4
PIND3                            3
PIND2                            2
PIND1                            1
PIND0                            0
PE7                              7
PE6                              6
PE5                              5
PE4                              4
PE3                              3
PE2                              2
PE1                              1
PE0                              0
PORTE7                           7
PORTE6                           6
PORTE5                           5
PORTE4                           4
PORTE3                           3
PORTE2                           2
PORTE1                           1
PORTE0                           0
DDE7                             7
DDE6                             6
DDE5                             5
DDE4                             4
DDE3                             3
DDE2                             2
DDE1                             1
DDE0                             0
PINE7                            7
PINE6                            6
PINE5                            5
PINE4                            4
PINE3                            3
PINE2                            2
PINE1                            1
PINE0                            0
PF7                              7
PF6                              6
PF5                              5
PF4                              4
PF3                              3
PF2                              2
PF1                              1
PF0                              0
PORTF7                           7
PORTF6                           6
PORTF5                           5
PORTF4                           4
PORTF3                           3
PORTF2                           2
PORTF1                           1
PORTF0                           0
DDF7                             7
DDF6                             6
DDF5                             5
DDF4                             4
DDF3                             3
DDF2                             2
DDF1                             1
DDF0                             0
PINF7                            7
PINF6                            6
PINF5                            5
PINF4                            4
PINF3                            3
PINF2                            2
PINF1                            1
PINF0                            0
PG4                              4
PG3                              3
PG2                              2
PG1                              1
PG0                              0
DDG4                             4
DDG3                             3
DDG2                             2
DDG1                             1
DDG0                             0
PING4                            4
PING3                            3
PING2                            2
PING1                            1
PING0                            0
_DATE_FORMAT                     0
_DATE_SEPARATOR                  92
_GSTRBUF                         4088
_DECIMALPOINT                    46
_RTSCTS                          0
_RTSCTS1                         0
_RTSCTS3                         0
_RTSCTS4                         0
_RTSCTS5                         0
_RTSCTS6                         0
_RTSCTS7                         0
_RTSCTS8                         0
_CHIP                            20
_RAMSIZE                         4096
_ERAMSIZE                        4096
_SIM                             0
_HUGE                            0
_BASE                            1
_XTAL                            11059200
_BUILD                           20781
_COMPILER                        90
_HWMUL                           1
_ROMSIZE                         131072
_DOSFILEWRITE                    0
_DOSDIRWRITE                     0
_1WEXT                           0
_ADC_REFMODEL                    0
_UARTS                           2
_HWSTACKSTART                    4351
_TIMEOUT                         0
_PRDWORD                         0
_PBIN_EXTENDED                   0
_BIGSTRINGS                      0
SEROUT_EXTPULL                   1
_FPROTECT                        0
_HWSTACK_LOW                     &H10BF
_SWSTACK_LOW                     &H105C
_FRAME_HIGH                      &H105D
_XMEGA                           0
_GLCD_PORT                       &H62
_GLCD_PORT_DDR                   &H61
_GLCD_PORT_IN                    &H00
_GLCD_PORTM                      &H1B
DS1307W                          &HD0
DS1307R                          &HD1
KEYIN                            101
STEPS                            102
SENARIO                          103
REMOTE                           104
RELAYMODULE                      110
PWMMODULE                        111
OUTSTEP                          112
IDJACUZI                         51
IDWATER                          52
IDLIGHT                          53
IDPLANT                          54
ALLID                            99
ALLTYP                           115
READALLINPUT                     1
READ1INPUT                       2
SETIDKEY                         3
ENABLEBUZ                        4
DISABLEBUZ                       5
ENABLESENSOR                     6
DISABLESENSOR                    7
ENABLEINPUT                      8
DISABLEINPUT                     9
READSTEPS                        10
LEARNSTEPS                       11
ENABLESTEP                       12
DISABLESTEP                      13
READSENARIO                      14
READREMOTE                       15
OUTPUTBLANK                      16
RESETOUTPUT                      17
RESETALLOUTPUT                   18
SETOUTPUT                        19
CLEARID                          20
LEARNREMOTE                      21
CLEARREMOTE                      22
SETIDREMOTE                      23
SYCRELAYMODULEID                 24
SYCPWMMODULEID                   25
SETIDFORMODULES                  26
CLEARALL                         27
PWMLIGHT                         28
PWMBLINK                         29
READYOUTPUT                      30
TOMASTER                         252
TOOUTPUT                         232
TOINPUT                          242
DARK                             161
MINLIGHT                         162
MIDLIGHT                         163
MAXLIGHT                         164
MAIN_MENU_COUNTER                6
_SDA                             1
_SCL                             0
___I2CDELAY                      5
CBITINFINITY                     0
CMBITINFINITY                    1
CBITZERO                         1
CMBITZERO                        2
CBITNAN                          2
CMBITNAN                         4
CBITNANIFINF                     3
CMBITNANIFINF                    8
CBITNANIFMINUS                   4
CMBITNANIFMINUS                  16
CBITSIGN                         7
CMBITSIGN                        128
CEXPADDOFFSET                    0
CEXPSUBOFFSET                    12
CEXPMULOFFSET                    24
CEXPDIVOFFSET                    36


--------------------------------------------------------------------------------
Warnings:
--------------------------------------------------------------------------------
UBRR1                            not used
TCNT3                            not used
OCR3A                            not used
PWM3A                            not used
OCR3B                            not used
PWM3B                            not used
OCR3C                            not used
PWM3C                            not used
ICR3                             not used
OCR1C                            not used
SP                               not used
TCNT1                            not used
OCR1A                            not used
OCR1B                            not used
PWM1B                            not used
ICR1                             not used
EEAR                             not used
ADC                              not used
TIMER3                           not used
COMPARE3A                        not used
PWM3A                            not used
COMPARE3B                        not used
PWM3B                            not used
COMPARE3C                        not used
PWM3C                            not used
CAPTURE3                         not used
COMPARE1C                        not used
R0                               not used
R1                               not used
R2                               not used
R3                               not used
R4                               not used
R5                               not used
R6                               not used
R7                               not used
R8                               not used
R9                               not used
R10                              not used
R11                              not used
R12                              not used
R13                              not used
R14                              not used
R15                              not used
R16                              not used
R17                              not used
R18                              not used
R19                              not used
R20                              not used
R21                              not used
R22                              not used
R23                              not used
R24                              not used
R25                              not used
R26                              not used
R27                              not used
R28                              not used
R29                              not used
R30                              not used
R31                              not used
ADCD                             not used
CAPTURE3                         not used
COMPARE1                         not used
PWM1B                            not used
PWM1C                            not used
COMPARE1C                        not used
COUNTER3                         not used
TIMER3                           not used
COMPARE3A                        not used
PWM3A                            not used
COMPARE3                         not used
PWM3B                            not used
COMPARE3B                        not used
PWM3C                            not used
COMPARE3C                        not used
PWM0                             not used
ACTION                           not used
TMP2                             not used
SAHIH2                           not used
ASHAR2                           not used
KABISE                           not used
CONTER3                          not used
CONTER4                          not used
TEMP1                            not used
TEMP2                            not used
TEMP3                            not used
SHOWTEMP                         not used
MENU                             not used
TEST                             not used
S3                               not used
S4                               not used
REMOTEID                         not used
LEARNOK                          not used
X                                not used
W                                not used
Z                                not used
PLANT_STATUS                     not used
PLANT_START_HOUR                 not used
PLANT_START_MIN                  not used
PLANT_STOP_HOUR                  not used
PLANT_STOP_MIN                   not used
PLANT_DAYS                       not used

Source string could be too big to fit into target string [TEMPERATURE>___STRBUF]  in line  0 
Source string could be too big to fit into target string [S>___STRBUF]  in line  0 
Source string could be too big to fit into target string [S>___STRBUF]  in line  0 
Source string could be too big to fit into target string [S>___STRBUF]  in line  0 
Source string could be too big to fit into target string [S>___STRBUF]  in line  0 
Source string could be too big to fit into target string [S>___STRBUF]  in line  0 
Source string could be too big to fit into target string [S>___STRBUF]  in line  0 
Source string could be too big to fit into target string [S>___STRBUF]  in line  0 
Source string could be too big to fit into target string [S>___STRBUF]  in line  0 
Source string could be too big to fit into target string [S>___STRBUF]  in line  0 
Source string could be too big to fit into target string [S>___STRBUF]  in line  0 
