Removed Pin From Net: NetName=dio Pin=Atmega16-30
Removed Pin From Net: NetName=clk Pin=Atmega16-31
Removed Pin From Net: NetName=remote Pin=Atmega16-33
Removed Pin From Net: NetName=sensor1 Pin=Atmega16-34
Removed Pin From Net: NetName=sensor2 Pin=Atmega16-35
Removed Pin From Net: NetName=key1 Pin=Atmega16-36
Removed Pin From Net: NetName=key2 Pin=Atmega16-37
Removed Pin From Net: NetName=key3 Pin=Atmega16-40
Removed Pin From Net: NetName=+5v Pin=key & seg-6
Removed Pin From Net: NetName=+5v Pin=R4-2
Removed Pin From Net: NetName=+5v Pin=R5-2
Removed Pin From Net: NetName=+5v Pin=R6-2
Added Pin To Net: NetName=remote Pin=Atmega16-30
Added Pin To Net: NetName=sensor2 Pin=Atmega16-31
Added Pin To Net: NetName=sensor1 Pin=Atmega16-32
Added Pin To Net: NetName=clk Pin=Atmega16-33
Added Pin To Net: NetName=dio Pin=Atmega16-34
Added Pin To Net: NetName=key1 Pin=Atmega16-35
Added Pin To Net: NetName=key2 Pin=Atmega16-36
Added Pin To Net: NetName=key3 Pin=Atmega16-37
Added Pin To Net: NetName=NetLabel106 Pin=Atmega16-40
Added Pin To Net: NetName=vcc Pin=key & seg-6
Added Pin To Net: NetName=vcc Pin=R4-2
Added Pin To Net: NetName=vcc Pin=R5-2
Added Pin To Net: NetName=vcc Pin=R6-2
Added Member To Class: ClassName=Sheet2 Member=Component C4 470uF
Added Member To Class: ClassName=Sheet2 Member=Component R13 RES
Added Room: Name=Sheet2
