Removed Pin From Net: NetName=Netout_1 Pin=relay3-3
Removed Pin From Net: NetName=+12 Pin=relay3-5
Removed Pin From Net: NetName=out3 Pin=U?-2
Removed Member From Class: ClassName=Sheet2 Member=relay3
Added Component: Designator=MOC3021(DIP-6)
Add component (AddParameter): Name = "Designer"; Value = "Seyed Mohsen Ghasemian"; VariantName = "[No Variations]"
Add component (AddParameter): Name = "E-mail"; Value = "picpars@gmail.com"; VariantName = "[No Variations]"
Add component (AddParameter): Name = "LatestRevisionDate"; Value = "17-11-2011"; VariantName = "[No Variations]"
Add component (AddParameter): Name = "Published"; Value = "17-11-2011"; VariantName = "[No Variations]"
Add component (AddParameter): Name = "Publisher"; Value = "www.picpars.com"; VariantName = "[No Variations]"
Add component (AddParameter): Name = "WEB"; Value = "www.picpars.com"; VariantName = "[No Variations]"
Added Component: Designator=R15(CC2012-0805)
Add component (AddParameter): Name = "DatasheetDocument"; Value = "Nov-2002"; VariantName = "[No Variations]"
Add component (AddParameter): Name = "Published"; Value = "5-Jan-2004"; VariantName = "[No Variations]"
Add component (AddParameter): Name = "Publisher"; Value = "Altium Limited"; VariantName = "[No Variations]"
Added Component: Designator=U?(TO-252_M)
Add component (AddParameter): Name = "ComponentLink1Description"; Value = "Manufacturer URL"; VariantName = "[No Variations]"
Add component (AddParameter): Name = "ComponentLink1URL"; Value = "http://www.st.com"; VariantName = "[No Variations]"
Add component (AddParameter): Name = "ComponentLink2Description"; Value = "Datasheet"; VariantName = "[No Variations]"
Add component (AddParameter): Name = "ComponentLink2URL"; Value = "http://www.st.com/internet/com/TECHNICAL_RESOURCES/TECHNICAL_LITERATURE/DATASHEET/CD00000448.pdf"; VariantName = "[No Variations]"
Add component (AddParameter): Name = "DatasheetVersion"; Value = "1/11/2010"; VariantName = "[No Variations]"
Add component (AddParameter): Name = "PackageDescription"; Value = "3-Pin Transistor Outline Package 2.28 mm Pitch, 9.7 mm Lead Span (DPAK)"; VariantName = "[No Variations]"
Add component (AddParameter): Name = "PackageReference"; Value = "TO-252"; VariantName = "[No Variations]"
Add component (AddParameter): Name = "PackageVersion"; Value = "2011"; VariantName = "[No Variations]"
Added Pin To Net: NetName=out3 Pin=MOC3021-1
Added Pin To Net: NetName=GND Pin=R15-1
Added Pin To Net: NetName=Netout_1 Pin=U?-3
Added Pin To Net: NetName=NetMOC3021_2 Pin=MOC3021-2
Added Pin To Net: NetName=NetMOC3021_2 Pin=R15-2
Added Net: Name=NetMOC3021_2
Added Pin To Net: NetName=NetMOC3021_4 Pin=MOC3021-4
Added Pin To Net: NetName=NetMOC3021_4 Pin=out-2
Added Pin To Net: NetName=NetMOC3021_4 Pin=U?-4
Added Net: Name=NetMOC3021_4
Added Pin To Net: NetName=NetMOC3021_6 Pin=MOC3021-6
Added Pin To Net: NetName=NetMOC3021_6 Pin=U?-1
Added Net: Name=NetMOC3021_6
Added Member To Class: ClassName=Sheet2 Member=Component C4 470uF
Added Member To Class: ClassName=Sheet2 Member=Component MOC3021 MOC3021-3
Added Member To Class: ClassName=Sheet2 Member=Component R13 RES
Added Member To Class: ClassName=Sheet2 Member=Component R15 RES
Added Member To Class: ClassName=Sheet2 Member=Component U? L78M05ACDT-TR
Added Member To Class: ClassName=Sheet2 Member=Component U? Optoisolator1
Added Room: Name=Sheet2
