Removed Pin From Net: NetName=sensor1 Pin=jumper-1
Removed Pin From Net: NetName=sensor2 Pin=jumper?-1
Removed Pin From Net: NetName=vcc Pin=R13-2
Removed Pin From Net: NetName=vcc Pin=R14-2
Removed Pin From Net: NetName=NetD2_2 Pin=Vdc-1
Removed Pin From Net: NetName=+12 Pin=Vdc-2
Removed Member From Class: ClassName=Sheet2 Member=jumper?
Removed Member From Class: ClassName=Sheet2 Member=jumper
Added Pin To Net: NetName=sensor1 Pin=R13-1
Added Pin To Net: NetName=+5v Pin=R13-2
Added Pin To Net: NetName=sensor2 Pin=R14-1
Added Pin To Net: NetName=+5v Pin=R14-2
Added Pin To Net: NetName=sensor2 Pin=sensor-1
Added Pin To Net: NetName=sensor1 Pin=sensor-2
Added Pin To Net: NetName=out4 Pin=U?-16
Added Pin To Net: NetName=+12 Pin=Vdc-1
Added Pin To Net: NetName=NetD2_2 Pin=Vdc-2
Added Member To Class: ClassName=Sheet2 Member=Component C4 470uF
Added Member To Class: ClassName=Sheet2 Member=Component R13 RES
Added Room: Name=Sheet2
