Removed Pin From Net: NetName=remote Pin=Atmega16-30
Removed Pin From Net: NetName=sensor2 Pin=Atmega16-31
Removed Pin From Net: NetName=sensor1 Pin=Atmega16-32
Removed Pin From Net: NetName=clk Pin=Atmega16-33
Removed Pin From Net: NetName=dio Pin=Atmega16-34
Removed Pin From Net: NetName=key1 Pin=Atmega16-35
Removed Pin From Net: NetName=key2 Pin=Atmega16-36
Removed Pin From Net: NetName=key3 Pin=Atmega16-37
Removed Pin From Net: NetName=NetLabel106 Pin=Atmega16-40
Removed Pin From Net: NetName=clk Pin=key & seg-1
Removed Pin From Net: NetName=dio Pin=key & seg-2
Removed Pin From Net: NetName=key1 Pin=key & seg-3
Removed Pin From Net: NetName=key2 Pin=key & seg-4
Removed Pin From Net: NetName=key3 Pin=key & seg-5
Removed Pin From Net: NetName=vcc Pin=key & seg-6
Removed Pin From Net: NetName=GND Pin=key & seg-7
Removed Pin From Net: NetName=NetD?_1 Pin=optocoupler-1
Removed Pin From Net: NetName=vcc Pin=R4-2
Removed Pin From Net: NetName=vcc Pin=R5-2
Removed Pin From Net: NetName=vcc Pin=R6-2
Removed Pin From Net: NetName=vcc Pin=R7-2
Removed Pin From Net: NetName=vcc Pin=R8-2
Removed Pin From Net: NetName=sensor1 Pin=R13-1
Removed Pin From Net: NetName=+5v Pin=R13-2
Removed Pin From Net: NetName=sensor2 Pin=R14-1
Removed Pin From Net: NetName=+5v Pin=R14-2
Removed Pin From Net: NetName=sensor2 Pin=sensor-1
Removed Pin From Net: NetName=sensor1 Pin=sensor-2
Removed Pin From Net: NetName=out4 Pin=U?-16
Removed Pin From Net: NetName=+12 Pin=Vdc-1
Removed Pin From Net: NetName=NetD2_2 Pin=Vdc-2
Added Component: Designator=jumper?(AXIAL-0.2)
Add component (AddParameter): Name = "Published"; Value = "8-Jun-2000"; VariantName = "[No Variations]"
Add component (AddParameter): Name = "Publisher"; Value = "Altium Limited"; VariantName = "[No Variations]"
Add component (AddParameter): Name = "Revision"; Value = "July-2002: Re-released for DXP Platform."; VariantName = "[No Variations]"
Add component (AddParameter): Name = "Value"; Value = "1K"; VariantName = "[No Variations]"
Added Component: Designator=jumper(AXIAL-0.2)
Add component (AddParameter): Name = "Published"; Value = "8-Jun-2000"; VariantName = "[No Variations]"
Add component (AddParameter): Name = "Publisher"; Value = "Altium Limited"; VariantName = "[No Variations]"
Add component (AddParameter): Name = "Revision"; Value = "July-2002: Re-released for DXP Platform."; VariantName = "[No Variations]"
Add component (AddParameter): Name = "Value"; Value = "1K"; VariantName = "[No Variations]"
Added Component: Designator=R10(Axial 1W  7_0mm)
Add component (AddParameter): Name = "Data"; Value = "4-1-2017"; VariantName = "[No Variations]"
Add component (AddParameter): Name = "Desc."; Value = "RES Axial 1W"; VariantName = "[No Variations]"
Add component (AddParameter): Name = "Designer"; Value = "Abbas Basereh"; VariantName = "[No Variations]"
Added Pin To Net: NetName=vcc Pin=Atmega16-5
Added Pin To Net: NetName=GND Pin=Atmega16-6
Added Pin To Net: NetName=vcc Pin=Atmega16-17
Added Pin To Net: NetName=GND Pin=Atmega16-18
Added Pin To Net: NetName=dio Pin=Atmega16-30
Added Pin To Net: NetName=clk Pin=Atmega16-31
Added Pin To Net: NetName=remote Pin=Atmega16-33
Added Pin To Net: NetName=sensor1 Pin=Atmega16-34
Added Pin To Net: NetName=sensor2 Pin=Atmega16-35
Added Pin To Net: NetName=key1 Pin=Atmega16-36
Added Pin To Net: NetName=key2 Pin=Atmega16-37
Added Pin To Net: NetName=key3 Pin=Atmega16-40
Added Pin To Net: NetName=sensor1 Pin=jumper-1
Added Pin To Net: NetName=sensor2 Pin=jumper?-1
Added Pin To Net: NetName=key1 Pin=key & seg-1
Added Pin To Net: NetName=key2 Pin=key & seg-2
Added Pin To Net: NetName=key3 Pin=key & seg-3
Added Pin To Net: NetName=dio Pin=key & seg-4
Added Pin To Net: NetName=clk Pin=key & seg-5
Added Pin To Net: NetName=GND Pin=key & seg-6
Added Pin To Net: NetName=+5v Pin=key & seg-7
Added Pin To Net: NetName=+5v Pin=R4-2
Added Pin To Net: NetName=+5v Pin=R5-2
Added Pin To Net: NetName=+5v Pin=R6-2
Added Pin To Net: NetName=+5v Pin=R7-2
Added Pin To Net: NetName=+5v Pin=R8-2
Added Pin To Net: NetName=NetD?_1 Pin=R10-2
Added Pin To Net: NetName=vcc Pin=R13-2
Added Pin To Net: NetName=vcc Pin=R14-2
Added Pin To Net: NetName=NetD2_2 Pin=Vdc-1
Added Pin To Net: NetName=+12 Pin=Vdc-2
Added Net: Name=e1
Added Net: Name=e2
Added Net: Name=NetLabel125
Added Net: Name=Netoptocoupler_1
Added Member To Class: ClassName=Sheet2 Member=Component C4 470uF
Added Member To Class: ClassName=Sheet2 Member=Component jumper? 10K
Added Member To Class: ClassName=Sheet2 Member=Component jumper 10K
Added Member To Class: ClassName=Sheet2 Member=Component R10 1K
Added Member To Class: ClassName=Sheet2 Member=Component R13 RES
