
AVRASM ver. 2.1.30  E:\elec\electronic\pr0ject of univer\complet project\Distance Sensor Sharp 2YOA21 _ LCD\codem8_7seg\List\DistanceMeter.asm Mon Sep 03 16:44:43 2012

E:\elec\electronic\pr0ject of univer\complet project\Distance Sensor Sharp 2YOA21 _ LCD\codem8_7seg\List\DistanceMeter.asm(1070): warning: Register r5 already defined by the .DEF directive
E:\elec\electronic\pr0ject of univer\complet project\Distance Sensor Sharp 2YOA21 _ LCD\codem8_7seg\List\DistanceMeter.asm(1071): warning: Register r4 already defined by the .DEF directive
E:\elec\electronic\pr0ject of univer\complet project\Distance Sensor Sharp 2YOA21 _ LCD\codem8_7seg\List\DistanceMeter.asm(1072): warning: Register r7 already defined by the .DEF directive
E:\elec\electronic\pr0ject of univer\complet project\Distance Sensor Sharp 2YOA21 _ LCD\codem8_7seg\List\DistanceMeter.asm(1073): warning: Register r6 already defined by the .DEF directive
E:\elec\electronic\pr0ject of univer\complet project\Distance Sensor Sharp 2YOA21 _ LCD\codem8_7seg\List\DistanceMeter.asm(1074): warning: Register r8 already defined by the .DEF directive
E:\elec\electronic\pr0ject of univer\complet project\Distance Sensor Sharp 2YOA21 _ LCD\codem8_7seg\List\DistanceMeter.asm(1075): warning: Register r11 already defined by the .DEF directive
E:\elec\electronic\pr0ject of univer\complet project\Distance Sensor Sharp 2YOA21 _ LCD\codem8_7seg\List\DistanceMeter.asm(1076): warning: Register r10 already defined by the .DEF directive
E:\elec\electronic\pr0ject of univer\complet project\Distance Sensor Sharp 2YOA21 _ LCD\codem8_7seg\List\DistanceMeter.asm(1077): warning: Register r13 already defined by the .DEF directive
                 
                 
                 ;CodeVisionAVR C Compiler V2.05.3 Standard
                 ;(C) Copyright 1998-2011 Pavel Haiduc, HP InfoTech s.r.l.
                 ;http://www.hpinfotech.com
                 
                 ;Chip type                : ATmega8
                 ;Program type             : Application
                 ;Clock frequency          : 1.000000 MHz
                 ;Memory model             : Small
                 ;Optimize for             : Size
                 ;(s)printf features       : int, width
                 ;(s)scanf features        : int, width
                 ;External RAM size        : 0
                 ;Data Stack size          : 256 byte(s)
                 ;Heap size                : 0 byte(s)
                 ;Promote 'char' to 'int'  : Yes
                 ;'char' is unsigned       : Yes
                 ;8 bit enums              : Yes
                 ;Global 'const' stored in FLASH     : No
                 ;Enhanced function parameter passing: Yes
                 ;Enhanced core instructions         : On
                 ;Smart register allocation          : On
                 ;Automatic register allocation      : On
                 
                 	#pragma AVRPART ADMIN PART_NAME ATmega8
                 	#pragma AVRPART MEMORY PROG_FLASH 8192
                 	#pragma AVRPART MEMORY EEPROM 512
                 	#pragma AVRPART MEMORY INT_SRAM SIZE 1119
                 	#pragma AVRPART MEMORY INT_SRAM START_ADDR 0x60
                 
                 	.LISTMAC
                 	.EQU UDRE=0x5
                 	.EQU RXC=0x7
                 	.EQU USR=0xB
                 	.EQU UDR=0xC
                 	.EQU SPSR=0xE
                 	.EQU SPDR=0xF
                 	.EQU EERE=0x0
                 	.EQU EEWE=0x1
                 	.EQU EEMWE=0x2
                 	.EQU EECR=0x1C
                 	.EQU EEDR=0x1D
                 	.EQU EEARL=0x1E
                 	.EQU EEARH=0x1F
                 	.EQU WDTCR=0x21
                 	.EQU MCUCR=0x35
                 	.EQU GICR=0x3B
                 	.EQU SPL=0x3D
                 	.EQU SPH=0x3E
                 	.EQU SREG=0x3F
                 
                 	.DEF R0X0=R0
                 	.DEF R0X1=R1
                 	.DEF R0X2=R2
                 	.DEF R0X3=R3
                 	.DEF R0X4=R4
                 	.DEF R0X5=R5
                 	.DEF R0X6=R6
                 	.DEF R0X7=R7
                 	.DEF R0X8=R8
                 	.DEF R0X9=R9
                 	.DEF R0XA=R10
                 	.DEF R0XB=R11
                 	.DEF R0XC=R12
                 	.DEF R0XD=R13
                 	.DEF R0XE=R14
                 	.DEF R0XF=R15
                 	.DEF R0X10=R16
                 	.DEF R0X11=R17
                 	.DEF R0X12=R18
                 	.DEF R0X13=R19
                 	.DEF R0X14=R20
                 	.DEF R0X15=R21
                 	.DEF R0X16=R22
                 	.DEF R0X17=R23
                 	.DEF R0X18=R24
                 	.DEF R0X19=R25
                 	.DEF R0X1A=R26
                 	.DEF R0X1B=R27
                 	.DEF R0X1C=R28
                 	.DEF R0X1D=R29
                 	.DEF R0X1E=R30
                 	.DEF R0X1F=R31
                 
                 	.EQU __SRAM_START=0x0060
                 	.EQU __SRAM_END=0x045F
                 	.EQU __DSTACK_SIZE=0x0100
                 	.EQU __HEAP_SIZE=0x0000
                 	.EQU __CLEAR_SRAM_SIZE=__SRAM_END-__SRAM_START+1
                 
                 	.MACRO __CPD1N
                 	CPI  R30,LOW(@0)
                 	LDI  R26,HIGH(@0)
                 	CPC  R31,R26
                 	LDI  R26,BYTE3(@0)
                 	CPC  R22,R26
                 	LDI  R26,BYTE4(@0)
                 	CPC  R23,R26
                 	.ENDM
                 
                 	.MACRO __CPD2N
                 	CPI  R26,LOW(@0)
                 	LDI  R30,HIGH(@0)
                 	CPC  R27,R30
                 	LDI  R30,BYTE3(@0)
                 	CPC  R24,R30
                 	LDI  R30,BYTE4(@0)
                 	CPC  R25,R30
                 	.ENDM
                 
                 	.MACRO __CPWRR
                 	CP   R@0,R@2
                 	CPC  R@1,R@3
                 	.ENDM
                 
                 	.MACRO __CPWRN
                 	CPI  R@0,LOW(@2)
                 	LDI  R30,HIGH(@2)
                 	CPC  R@1,R30
                 	.ENDM
                 
                 	.MACRO __ADDB1MN
                 	SUBI R30,LOW(-@0-(@1))
                 	.ENDM
                 
                 	.MACRO __ADDB2MN
                 	SUBI R26,LOW(-@0-(@1))
                 	.ENDM
                 
                 	.MACRO __ADDW1MN
                 	SUBI R30,LOW(-@0-(@1))
                 	SBCI R31,HIGH(-@0-(@1))
                 	.ENDM
                 
                 	.MACRO __ADDW2MN
                 	SUBI R26,LOW(-@0-(@1))
                 	SBCI R27,HIGH(-@0-(@1))
                 	.ENDM
                 
                 	.MACRO __ADDW1FN
                 	SUBI R30,LOW(-2*@0-(@1))
                 	SBCI R31,HIGH(-2*@0-(@1))
                 	.ENDM
                 
                 	.MACRO __ADDD1FN
                 	SUBI R30,LOW(-2*@0-(@1))
                 	SBCI R31,HIGH(-2*@0-(@1))
                 	SBCI R22,BYTE3(-2*@0-(@1))
                 	.ENDM
                 
                 	.MACRO __ADDD1N
                 	SUBI R30,LOW(-@0)
                 	SBCI R31,HIGH(-@0)
                 	SBCI R22,BYTE3(-@0)
                 	SBCI R23,BYTE4(-@0)
                 	.ENDM
                 
                 	.MACRO __ADDD2N
                 	SUBI R26,LOW(-@0)
                 	SBCI R27,HIGH(-@0)
                 	SBCI R24,BYTE3(-@0)
                 	SBCI R25,BYTE4(-@0)
                 	.ENDM
                 
                 	.MACRO __SUBD1N
                 	SUBI R30,LOW(@0)
                 	SBCI R31,HIGH(@0)
                 	SBCI R22,BYTE3(@0)
                 	SBCI R23,BYTE4(@0)
                 	.ENDM
                 
                 	.MACRO __SUBD2N
                 	SUBI R26,LOW(@0)
                 	SBCI R27,HIGH(@0)
                 	SBCI R24,BYTE3(@0)
                 	SBCI R25,BYTE4(@0)
                 	.ENDM
                 
                 	.MACRO __ANDBMNN
                 	LDS  R30,@0+(@1)
                 	ANDI R30,LOW(@2)
                 	STS  @0+(@1),R30
                 	.ENDM
                 
                 	.MACRO __ANDWMNN
                 	LDS  R30,@0+(@1)
                 	ANDI R30,LOW(@2)
                 	STS  @0+(@1),R30
                 	LDS  R30,@0+(@1)+1
                 	ANDI R30,HIGH(@2)
                 	STS  @0+(@1)+1,R30
                 	.ENDM
                 
                 	.MACRO __ANDD1N
                 	ANDI R30,LOW(@0)
                 	ANDI R31,HIGH(@0)
                 	ANDI R22,BYTE3(@0)
                 	ANDI R23,BYTE4(@0)
                 	.ENDM
                 
                 	.MACRO __ANDD2N
                 	ANDI R26,LOW(@0)
                 	ANDI R27,HIGH(@0)
                 	ANDI R24,BYTE3(@0)
                 	ANDI R25,BYTE4(@0)
                 	.ENDM
                 
                 	.MACRO __ORBMNN
                 	LDS  R30,@0+(@1)
                 	ORI  R30,LOW(@2)
                 	STS  @0+(@1),R30
                 	.ENDM
                 
                 	.MACRO __ORWMNN
                 	LDS  R30,@0+(@1)
                 	ORI  R30,LOW(@2)
                 	STS  @0+(@1),R30
                 	LDS  R30,@0+(@1)+1
                 	ORI  R30,HIGH(@2)
                 	STS  @0+(@1)+1,R30
                 	.ENDM
                 
                 	.MACRO __ORD1N
                 	ORI  R30,LOW(@0)
                 	ORI  R31,HIGH(@0)
                 	ORI  R22,BYTE3(@0)
                 	ORI  R23,BYTE4(@0)
                 	.ENDM
                 
                 	.MACRO __ORD2N
                 	ORI  R26,LOW(@0)
                 	ORI  R27,HIGH(@0)
                 	ORI  R24,BYTE3(@0)
                 	ORI  R25,BYTE4(@0)
                 	.ENDM
                 
                 	.MACRO __DELAY_USB
                 	LDI  R24,LOW(@0)
                 __DELAY_USB_LOOP:
                 	DEC  R24
                 	BRNE __DELAY_USB_LOOP
                 	.ENDM
                 
                 	.MACRO __DELAY_USW
                 	LDI  R24,LOW(@0)
                 	LDI  R25,HIGH(@0)
                 __DELAY_USW_LOOP:
                 	SBIW R24,1
                 	BRNE __DELAY_USW_LOOP
                 	.ENDM
                 
                 	.MACRO __GETD1S
                 	LDD  R30,Y+@0
                 	LDD  R31,Y+@0+1
                 	LDD  R22,Y+@0+2
                 	LDD  R23,Y+@0+3
                 	.ENDM
                 
                 	.MACRO __GETD2S
                 	LDD  R26,Y+@0
                 	LDD  R27,Y+@0+1
                 	LDD  R24,Y+@0+2
                 	LDD  R25,Y+@0+3
                 	.ENDM
                 
                 	.MACRO __PUTD1S
                 	STD  Y+@0,R30
                 	STD  Y+@0+1,R31
                 	STD  Y+@0+2,R22
                 	STD  Y+@0+3,R23
                 	.ENDM
                 
                 	.MACRO __PUTD2S
                 	STD  Y+@0,R26
                 	STD  Y+@0+1,R27
                 	STD  Y+@0+2,R24
                 	STD  Y+@0+3,R25
                 	.ENDM
                 
                 	.MACRO __PUTDZ2
                 	STD  Z+@0,R26
                 	STD  Z+@0+1,R27
                 	STD  Z+@0+2,R24
                 	STD  Z+@0+3,R25
                 	.ENDM
                 
                 	.MACRO __CLRD1S
                 	STD  Y+@0,R30
                 	STD  Y+@0+1,R30
                 	STD  Y+@0+2,R30
                 	STD  Y+@0+3,R30
                 	.ENDM
                 
                 	.MACRO __POINTB1MN
                 	LDI  R30,LOW(@0+(@1))
                 	.ENDM
                 
                 	.MACRO __POINTW1MN
                 	LDI  R30,LOW(@0+(@1))
                 	LDI  R31,HIGH(@0+(@1))
                 	.ENDM
                 
                 	.MACRO __POINTD1M
                 	LDI  R30,LOW(@0)
                 	LDI  R31,HIGH(@0)
                 	LDI  R22,BYTE3(@0)
                 	LDI  R23,BYTE4(@0)
                 	.ENDM
                 
                 	.MACRO __POINTW1FN
                 	LDI  R30,LOW(2*@0+(@1))
                 	LDI  R31,HIGH(2*@0+(@1))
                 	.ENDM
                 
                 	.MACRO __POINTD1FN
                 	LDI  R30,LOW(2*@0+(@1))
                 	LDI  R31,HIGH(2*@0+(@1))
                 	LDI  R22,BYTE3(2*@0+(@1))
                 	LDI  R23,BYTE4(2*@0+(@1))
                 	.ENDM
                 
                 	.MACRO __POINTB2MN
                 	LDI  R26,LOW(@0+(@1))
                 	.ENDM
                 
                 	.MACRO __POINTW2MN
                 	LDI  R26,LOW(@0+(@1))
                 	LDI  R27,HIGH(@0+(@1))
                 	.ENDM
                 
                 	.MACRO __POINTW2FN
                 	LDI  R26,LOW(2*@0+(@1))
                 	LDI  R27,HIGH(2*@0+(@1))
                 	.ENDM
                 
                 	.MACRO __POINTD2FN
                 	LDI  R26,LOW(2*@0+(@1))
                 	LDI  R27,HIGH(2*@0+(@1))
                 	LDI  R24,BYTE3(2*@0+(@1))
                 	LDI  R25,BYTE4(2*@0+(@1))
                 	.ENDM
                 
                 	.MACRO __POINTBRM
                 	LDI  R@0,LOW(@1)
                 	.ENDM
                 
                 	.MACRO __POINTWRM
                 	LDI  R@0,LOW(@2)
                 	LDI  R@1,HIGH(@2)
                 	.ENDM
                 
                 	.MACRO __POINTBRMN
                 	LDI  R@0,LOW(@1+(@2))
                 	.ENDM
                 
                 	.MACRO __POINTWRMN
                 	LDI  R@0,LOW(@2+(@3))
                 	LDI  R@1,HIGH(@2+(@3))
                 	.ENDM
                 
                 	.MACRO __POINTWRFN
                 	LDI  R@0,LOW(@2*2+(@3))
                 	LDI  R@1,HIGH(@2*2+(@3))
                 	.ENDM
                 
                 	.MACRO __GETD1N
                 	LDI  R30,LOW(@0)
                 	LDI  R31,HIGH(@0)
                 	LDI  R22,BYTE3(@0)
                 	LDI  R23,BYTE4(@0)
                 	.ENDM
                 
                 	.MACRO __GETD2N
                 	LDI  R26,LOW(@0)
                 	LDI  R27,HIGH(@0)
                 	LDI  R24,BYTE3(@0)
                 	LDI  R25,BYTE4(@0)
                 	.ENDM
                 
                 	.MACRO __GETB1MN
                 	LDS  R30,@0+(@1)
                 	.ENDM
                 
                 	.MACRO __GETB1HMN
                 	LDS  R31,@0+(@1)
                 	.ENDM
                 
                 	.MACRO __GETW1MN
                 	LDS  R30,@0+(@1)
                 	LDS  R31,@0+(@1)+1
                 	.ENDM
                 
                 	.MACRO __GETD1MN
                 	LDS  R30,@0+(@1)
                 	LDS  R31,@0+(@1)+1
                 	LDS  R22,@0+(@1)+2
                 	LDS  R23,@0+(@1)+3
                 	.ENDM
                 
                 	.MACRO __GETBRMN
                 	LDS  R@0,@1+(@2)
                 	.ENDM
                 
                 	.MACRO __GETWRMN
                 	LDS  R@0,@2+(@3)
                 	LDS  R@1,@2+(@3)+1
                 	.ENDM
                 
                 	.MACRO __GETWRZ
                 	LDD  R@0,Z+@2
                 	LDD  R@1,Z+@2+1
                 	.ENDM
                 
                 	.MACRO __GETD2Z
                 	LDD  R26,Z+@0
                 	LDD  R27,Z+@0+1
                 	LDD  R24,Z+@0+2
                 	LDD  R25,Z+@0+3
                 	.ENDM
                 
                 	.MACRO __GETB2MN
                 	LDS  R26,@0+(@1)
                 	.ENDM
                 
                 	.MACRO __GETW2MN
                 	LDS  R26,@0+(@1)
                 	LDS  R27,@0+(@1)+1
                 	.ENDM
                 
                 	.MACRO __GETD2MN
                 	LDS  R26,@0+(@1)
                 	LDS  R27,@0+(@1)+1
                 	LDS  R24,@0+(@1)+2
                 	LDS  R25,@0+(@1)+3
                 	.ENDM
                 
                 	.MACRO __PUTB1MN
                 	STS  @0+(@1),R30
                 	.ENDM
                 
                 	.MACRO __PUTW1MN
                 	STS  @0+(@1),R30
                 	STS  @0+(@1)+1,R31
                 	.ENDM
                 
                 	.MACRO __PUTD1MN
                 	STS  @0+(@1),R30
                 	STS  @0+(@1)+1,R31
                 	STS  @0+(@1)+2,R22
                 	STS  @0+(@1)+3,R23
                 	.ENDM
                 
                 	.MACRO __PUTB1EN
                 	LDI  R26,LOW(@0+(@1))
                 	LDI  R27,HIGH(@0+(@1))
                 	RCALL __EEPROMWRB
                 	.ENDM
                 
                 	.MACRO __PUTW1EN
                 	LDI  R26,LOW(@0+(@1))
                 	LDI  R27,HIGH(@0+(@1))
                 	RCALL __EEPROMWRW
                 	.ENDM
                 
                 	.MACRO __PUTD1EN
                 	LDI  R26,LOW(@0+(@1))
                 	LDI  R27,HIGH(@0+(@1))
                 	RCALL __EEPROMWRD
                 	.ENDM
                 
                 	.MACRO __PUTBR0MN
                 	STS  @0+(@1),R0
                 	.ENDM
                 
                 	.MACRO __PUTBMRN
                 	STS  @0+(@1),R@2
                 	.ENDM
                 
                 	.MACRO __PUTWMRN
                 	STS  @0+(@1),R@2
                 	STS  @0+(@1)+1,R@3
                 	.ENDM
                 
                 	.MACRO __PUTBZR
                 	STD  Z+@1,R@0
                 	.ENDM
                 
                 	.MACRO __PUTWZR
                 	STD  Z+@2,R@0
                 	STD  Z+@2+1,R@1
                 	.ENDM
                 
                 	.MACRO __GETW1R
                 	MOV  R30,R@0
                 	MOV  R31,R@1
                 	.ENDM
                 
                 	.MACRO __GETW2R
                 	MOV  R26,R@0
                 	MOV  R27,R@1
                 	.ENDM
                 
                 	.MACRO __GETWRN
                 	LDI  R@0,LOW(@2)
                 	LDI  R@1,HIGH(@2)
                 	.ENDM
                 
                 	.MACRO __PUTW1R
                 	MOV  R@0,R30
                 	MOV  R@1,R31
                 	.ENDM
                 
                 	.MACRO __PUTW2R
                 	MOV  R@0,R26
                 	MOV  R@1,R27
                 	.ENDM
                 
                 	.MACRO __ADDWRN
                 	SUBI R@0,LOW(-@2)
                 	SBCI R@1,HIGH(-@2)
                 	.ENDM
                 
                 	.MACRO __ADDWRR
                 	ADD  R@0,R@2
                 	ADC  R@1,R@3
                 	.ENDM
                 
                 	.MACRO __SUBWRN
                 	SUBI R@0,LOW(@2)
                 	SBCI R@1,HIGH(@2)
                 	.ENDM
                 
                 	.MACRO __SUBWRR
                 	SUB  R@0,R@2
                 	SBC  R@1,R@3
                 	.ENDM
                 
                 	.MACRO __ANDWRN
                 	ANDI R@0,LOW(@2)
                 	ANDI R@1,HIGH(@2)
                 	.ENDM
                 
                 	.MACRO __ANDWRR
                 	AND  R@0,R@2
                 	AND  R@1,R@3
                 	.ENDM
                 
                 	.MACRO __ORWRN
                 	ORI  R@0,LOW(@2)
                 	ORI  R@1,HIGH(@2)
                 	.ENDM
                 
                 	.MACRO __ORWRR
                 	OR   R@0,R@2
                 	OR   R@1,R@3
                 	.ENDM
                 
                 	.MACRO __EORWRR
                 	EOR  R@0,R@2
                 	EOR  R@1,R@3
                 	.ENDM
                 
                 	.MACRO __GETWRS
                 	LDD  R@0,Y+@2
                 	LDD  R@1,Y+@2+1
                 	.ENDM
                 
                 	.MACRO __PUTBSR
                 	STD  Y+@1,R@0
                 	.ENDM
                 
                 	.MACRO __PUTWSR
                 	STD  Y+@2,R@0
                 	STD  Y+@2+1,R@1
                 	.ENDM
                 
                 	.MACRO __MOVEWRR
                 	MOV  R@0,R@2
                 	MOV  R@1,R@3
                 	.ENDM
                 
                 	.MACRO __INWR
                 	IN   R@0,@2
                 	IN   R@1,@2+1
                 	.ENDM
                 
                 	.MACRO __OUTWR
                 	OUT  @2+1,R@1
                 	OUT  @2,R@0
                 	.ENDM
                 
                 	.MACRO __CALL1MN
                 	LDS  R30,@0+(@1)
                 	LDS  R31,@0+(@1)+1
                 	ICALL
                 	.ENDM
                 
                 	.MACRO __CALL1FN
                 	LDI  R30,LOW(2*@0+(@1))
                 	LDI  R31,HIGH(2*@0+(@1))
                 	RCALL __GETW1PF
                 	ICALL
                 	.ENDM
                 
                 	.MACRO __CALL2EN
                 	LDI  R26,LOW(@0+(@1))
                 	LDI  R27,HIGH(@0+(@1))
                 	RCALL __EEPROMRDW
                 	ICALL
                 	.ENDM
                 
                 	.MACRO __GETW1STACK
                 	IN   R26,SPL
                 	IN   R27,SPH
                 	ADIW R26,@0+1
                 	LD   R30,X+
                 	LD   R31,X
                 	.ENDM
                 
                 	.MACRO __GETD1STACK
                 	IN   R26,SPL
                 	IN   R27,SPH
                 	ADIW R26,@0+1
                 	LD   R30,X+
                 	LD   R31,X+
                 	LD   R22,X
                 	.ENDM
                 
                 	.MACRO __NBST
                 	BST  R@0,@1
                 	IN   R30,SREG
                 	LDI  R31,0x40
                 	EOR  R30,R31
                 	OUT  SREG,R30
                 	.ENDM
                 
                 
                 	.MACRO __PUTB1SN
                 	LDD  R26,Y+@0
                 	LDD  R27,Y+@0+1
                 	SUBI R26,LOW(-@1)
                 	SBCI R27,HIGH(-@1)
                 	ST   X,R30
                 	.ENDM
                 
                 	.MACRO __PUTW1SN
                 	LDD  R26,Y+@0
                 	LDD  R27,Y+@0+1
                 	SUBI R26,LOW(-@1)
                 	SBCI R27,HIGH(-@1)
                 	ST   X+,R30
                 	ST   X,R31
                 	.ENDM
                 
                 	.MACRO __PUTD1SN
                 	LDD  R26,Y+@0
                 	LDD  R27,Y+@0+1
                 	SUBI R26,LOW(-@1)
                 	SBCI R27,HIGH(-@1)
                 	RCALL __PUTDP1
                 	.ENDM
                 
                 	.MACRO __PUTB1SNS
                 	LDD  R26,Y+@0
                 	LDD  R27,Y+@0+1
                 	ADIW R26,@1
                 	ST   X,R30
                 	.ENDM
                 
                 	.MACRO __PUTW1SNS
                 	LDD  R26,Y+@0
                 	LDD  R27,Y+@0+1
                 	ADIW R26,@1
                 	ST   X+,R30
                 	ST   X,R31
                 	.ENDM
                 
                 	.MACRO __PUTD1SNS
                 	LDD  R26,Y+@0
                 	LDD  R27,Y+@0+1
                 	ADIW R26,@1
                 	RCALL __PUTDP1
                 	.ENDM
                 
                 	.MACRO __PUTB1PMN
                 	LDS  R26,@0
                 	LDS  R27,@0+1
                 	SUBI R26,LOW(-@1)
                 	SBCI R27,HIGH(-@1)
                 	ST   X,R30
                 	.ENDM
                 
                 	.MACRO __PUTW1PMN
                 	LDS  R26,@0
                 	LDS  R27,@0+1
                 	SUBI R26,LOW(-@1)
                 	SBCI R27,HIGH(-@1)
                 	ST   X+,R30
                 	ST   X,R31
                 	.ENDM
                 
                 	.MACRO __PUTD1PMN
                 	LDS  R26,@0
                 	LDS  R27,@0+1
                 	SUBI R26,LOW(-@1)
                 	SBCI R27,HIGH(-@1)
                 	RCALL __PUTDP1
                 	.ENDM
                 
                 	.MACRO __PUTB1PMNS
                 	LDS  R26,@0
                 	LDS  R27,@0+1
                 	ADIW R26,@1
                 	ST   X,R30
                 	.ENDM
                 
                 	.MACRO __PUTW1PMNS
                 	LDS  R26,@0
                 	LDS  R27,@0+1
                 	ADIW R26,@1
                 	ST   X+,R30
                 	ST   X,R31
                 	.ENDM
                 
                 	.MACRO __PUTD1PMNS
                 	LDS  R26,@0
                 	LDS  R27,@0+1
                 	ADIW R26,@1
                 	RCALL __PUTDP1
                 	.ENDM
                 
                 	.MACRO __PUTB1RN
                 	MOVW R26,R@0
                 	SUBI R26,LOW(-@1)
                 	SBCI R27,HIGH(-@1)
                 	ST   X,R30
                 	.ENDM
                 
                 	.MACRO __PUTW1RN
                 	MOVW R26,R@0
                 	SUBI R26,LOW(-@1)
                 	SBCI R27,HIGH(-@1)
                 	ST   X+,R30
                 	ST   X,R31
                 	.ENDM
                 
                 	.MACRO __PUTD1RN
                 	MOVW R26,R@0
                 	SUBI R26,LOW(-@1)
                 	SBCI R27,HIGH(-@1)
                 	RCALL __PUTDP1
                 	.ENDM
                 
                 	.MACRO __PUTB1RNS
                 	MOVW R26,R@0
                 	ADIW R26,@1
                 	ST   X,R30
                 	.ENDM
                 
                 	.MACRO __PUTW1RNS
                 	MOVW R26,R@0
                 	ADIW R26,@1
                 	ST   X+,R30
                 	ST   X,R31
                 	.ENDM
                 
                 	.MACRO __PUTD1RNS
                 	MOVW R26,R@0
                 	ADIW R26,@1
                 	RCALL __PUTDP1
                 	.ENDM
                 
                 	.MACRO __PUTB1RON
                 	MOV  R26,R@0
                 	MOV  R27,R@1
                 	SUBI R26,LOW(-@2)
                 	SBCI R27,HIGH(-@2)
                 	ST   X,R30
                 	.ENDM
                 
                 	.MACRO __PUTW1RON
                 	MOV  R26,R@0
                 	MOV  R27,R@1
                 	SUBI R26,LOW(-@2)
                 	SBCI R27,HIGH(-@2)
                 	ST   X+,R30
                 	ST   X,R31
                 	.ENDM
                 
                 	.MACRO __PUTD1RON
                 	MOV  R26,R@0
                 	MOV  R27,R@1
                 	SUBI R26,LOW(-@2)
                 	SBCI R27,HIGH(-@2)
                 	RCALL __PUTDP1
                 	.ENDM
                 
                 	.MACRO __PUTB1RONS
                 	MOV  R26,R@0
                 	MOV  R27,R@1
                 	ADIW R26,@2
                 	ST   X,R30
                 	.ENDM
                 
                 	.MACRO __PUTW1RONS
                 	MOV  R26,R@0
                 	MOV  R27,R@1
                 	ADIW R26,@2
                 	ST   X+,R30
                 	ST   X,R31
                 	.ENDM
                 
                 	.MACRO __PUTD1RONS
                 	MOV  R26,R@0
                 	MOV  R27,R@1
                 	ADIW R26,@2
                 	RCALL __PUTDP1
                 	.ENDM
                 
                 
                 	.MACRO __GETB1SX
                 	MOVW R30,R28
                 	SUBI R30,LOW(-@0)
                 	SBCI R31,HIGH(-@0)
                 	LD   R30,Z
                 	.ENDM
                 
                 	.MACRO __GETB1HSX
                 	MOVW R30,R28
                 	SUBI R30,LOW(-@0)
                 	SBCI R31,HIGH(-@0)
                 	LD   R31,Z
                 	.ENDM
                 
                 	.MACRO __GETW1SX
                 	MOVW R30,R28
                 	SUBI R30,LOW(-@0)
                 	SBCI R31,HIGH(-@0)
                 	LD   R0,Z+
                 	LD   R31,Z
                 	MOV  R30,R0
                 	.ENDM
                 
                 	.MACRO __GETD1SX
                 	MOVW R30,R28
                 	SUBI R30,LOW(-@0)
                 	SBCI R31,HIGH(-@0)
                 	LD   R0,Z+
                 	LD   R1,Z+
                 	LD   R22,Z+
                 	LD   R23,Z
                 	MOVW R30,R0
                 	.ENDM
                 
                 	.MACRO __GETB2SX
                 	MOVW R26,R28
                 	SUBI R26,LOW(-@0)
                 	SBCI R27,HIGH(-@0)
                 	LD   R26,X
                 	.ENDM
                 
                 	.MACRO __GETW2SX
                 	MOVW R26,R28
                 	SUBI R26,LOW(-@0)
                 	SBCI R27,HIGH(-@0)
                 	LD   R0,X+
                 	LD   R27,X
                 	MOV  R26,R0
                 	.ENDM
                 
                 	.MACRO __GETD2SX
                 	MOVW R26,R28
                 	SUBI R26,LOW(-@0)
                 	SBCI R27,HIGH(-@0)
                 	LD   R0,X+
                 	LD   R1,X+
                 	LD   R24,X+
                 	LD   R25,X
                 	MOVW R26,R0
                 	.ENDM
                 
                 	.MACRO __GETBRSX
                 	MOVW R30,R28
                 	SUBI R30,LOW(-@1)
                 	SBCI R31,HIGH(-@1)
                 	LD   R@0,Z
                 	.ENDM
                 
                 	.MACRO __GETWRSX
                 	MOVW R30,R28
                 	SUBI R30,LOW(-@2)
                 	SBCI R31,HIGH(-@2)
                 	LD   R@0,Z+
                 	LD   R@1,Z
                 	.ENDM
                 
                 	.MACRO __GETBRSX2
                 	MOVW R26,R28
                 	SUBI R26,LOW(-@1)
                 	SBCI R27,HIGH(-@1)
                 	LD   R@0,X
                 	.ENDM
                 
                 	.MACRO __GETWRSX2
                 	MOVW R26,R28
                 	SUBI R26,LOW(-@2)
                 	SBCI R27,HIGH(-@2)
                 	LD   R@0,X+
                 	LD   R@1,X
                 	.ENDM
                 
                 	.MACRO __LSLW8SX
                 	MOVW R30,R28
                 	SUBI R30,LOW(-@0)
                 	SBCI R31,HIGH(-@0)
                 	LD   R31,Z
                 	CLR  R30
                 	.ENDM
                 
                 	.MACRO __PUTB1SX
                 	MOVW R26,R28
                 	SUBI R26,LOW(-@0)
                 	SBCI R27,HIGH(-@0)
                 	ST   X,R30
                 	.ENDM
                 
                 	.MACRO __PUTW1SX
                 	MOVW R26,R28
                 	SUBI R26,LOW(-@0)
                 	SBCI R27,HIGH(-@0)
                 	ST   X+,R30
                 	ST   X,R31
                 	.ENDM
                 
                 	.MACRO __PUTD1SX
                 	MOVW R26,R28
                 	SUBI R26,LOW(-@0)
                 	SBCI R27,HIGH(-@0)
                 	ST   X+,R30
                 	ST   X+,R31
                 	ST   X+,R22
                 	ST   X,R23
                 	.ENDM
                 
                 	.MACRO __CLRW1SX
                 	MOVW R26,R28
                 	SUBI R26,LOW(-@0)
                 	SBCI R27,HIGH(-@0)
                 	ST   X+,R30
                 	ST   X,R30
                 	.ENDM
                 
                 	.MACRO __CLRD1SX
                 	MOVW R26,R28
                 	SUBI R26,LOW(-@0)
                 	SBCI R27,HIGH(-@0)
                 	ST   X+,R30
                 	ST   X+,R30
                 	ST   X+,R30
                 	ST   X,R30
                 	.ENDM
                 
                 	.MACRO __PUTB2SX
                 	MOVW R30,R28
                 	SUBI R30,LOW(-@0)
                 	SBCI R31,HIGH(-@0)
                 	ST   Z,R26
                 	.ENDM
                 
                 	.MACRO __PUTW2SX
                 	MOVW R30,R28
                 	SUBI R30,LOW(-@0)
                 	SBCI R31,HIGH(-@0)
                 	ST   Z+,R26
                 	ST   Z,R27
                 	.ENDM
                 
                 	.MACRO __PUTD2SX
                 	MOVW R30,R28
                 	SUBI R30,LOW(-@0)
                 	SBCI R31,HIGH(-@0)
                 	ST   Z+,R26
                 	ST   Z+,R27
                 	ST   Z+,R24
                 	ST   Z,R25
                 	.ENDM
                 
                 	.MACRO __PUTBSRX
                 	MOVW R30,R28
                 	SUBI R30,LOW(-@1)
                 	SBCI R31,HIGH(-@1)
                 	ST   Z,R@0
                 	.ENDM
                 
                 	.MACRO __PUTWSRX
                 	MOVW R30,R28
                 	SUBI R30,LOW(-@2)
                 	SBCI R31,HIGH(-@2)
                 	ST   Z+,R@0
                 	ST   Z,R@1
                 	.ENDM
                 
                 	.MACRO __PUTB1SNX
                 	MOVW R26,R28
                 	SUBI R26,LOW(-@0)
                 	SBCI R27,HIGH(-@0)
                 	LD   R0,X+
                 	LD   R27,X
                 	MOV  R26,R0
                 	SUBI R26,LOW(-@1)
                 	SBCI R27,HIGH(-@1)
                 	ST   X,R30
                 	.ENDM
                 
                 	.MACRO __PUTW1SNX
                 	MOVW R26,R28
                 	SUBI R26,LOW(-@0)
                 	SBCI R27,HIGH(-@0)
                 	LD   R0,X+
                 	LD   R27,X
                 	MOV  R26,R0
                 	SUBI R26,LOW(-@1)
                 	SBCI R27,HIGH(-@1)
                 	ST   X+,R30
                 	ST   X,R31
                 	.ENDM
                 
                 	.MACRO __PUTD1SNX
                 	MOVW R26,R28
                 	SUBI R26,LOW(-@0)
                 	SBCI R27,HIGH(-@0)
                 	LD   R0,X+
                 	LD   R27,X
                 	MOV  R26,R0
                 	SUBI R26,LOW(-@1)
                 	SBCI R27,HIGH(-@1)
                 	ST   X+,R30
                 	ST   X+,R31
                 	ST   X+,R22
                 	ST   X,R23
                 	.ENDM
                 
                 	.MACRO __MULBRR
                 	MULS R@0,R@1
                 	MOVW R30,R0
                 	.ENDM
                 
                 	.MACRO __MULBRRU
                 	MUL  R@0,R@1
                 	MOVW R30,R0
                 	.ENDM
                 
                 	.MACRO __MULBRR0
                 	MULS R@0,R@1
                 	.ENDM
                 
                 	.MACRO __MULBRRU0
                 	MUL  R@0,R@1
                 	.ENDM
                 
                 	.MACRO __MULBNWRU
                 	LDI  R26,@2
                 	MUL  R26,R@0
                 	MOVW R30,R0
                 	MUL  R26,R@1
                 	ADD  R31,R0
                 	.ENDM
                 
                 ;NAME DEFINITIONS FOR GLOBAL VARIABLES ALLOCATED TO REGISTERS
                 	.DEF _a=R5
                 	.DEF _b=R4
                 	.DEF _c=R7
                 	.DEF _d=R6
                 	.DEF _i=R8
                 	.DEF __lcd_x=R11
                 	.DEF __lcd_y=R10
                 	.DEF __lcd_maxx=R13
                 
                 	.CSEG
                 	.ORG 0x00
                 
                 ;START OF CODE MARKER
                 __START_OF_CODE:
                 
                 ;INTERRUPT VECTORS
000000 c02f      	RJMP __RESET
000001 cffe      	RJMP 0x00
000002 cffd      	RJMP 0x00
000003 cffc      	RJMP 0x00
000004 cffb      	RJMP 0x00
000005 cffa      	RJMP 0x00
000006 cff9      	RJMP 0x00
000007 cff8      	RJMP 0x00
000008 cff7      	RJMP 0x00
000009 cff6      	RJMP 0x00
00000a cff5      	RJMP 0x00
00000b cff4      	RJMP 0x00
00000c cff3      	RJMP 0x00
00000d cff2      	RJMP 0x00
00000e cff1      	RJMP 0x00
00000f cff0      	RJMP 0x00
000010 cfef      	RJMP 0x00
000011 cfee      	RJMP 0x00
000012 cfed      	RJMP 0x00
                 
                 _sev:
000013 f9c0
000014 b0a4
000015 9299
000016 f882      	.DB  0xC0,0xF9,0xA4,0xB0,0x99,0x92,0x82,0xF8
000017 9080      	.DB  0x80,0x90
                 
                 _0xF:
000018 0000      	.DB  0x0,0x0
                 _0x0:
000019 6143
00001a 636c
00001b 756c
00001c 7461      	.DB  0x43,0x61,0x6C,0x63,0x6C,0x75,0x61,0x74
00001d 6e69
00001e 0067      	.DB  0x69,0x6E,0x67,0x0
                 _0x2000060:
E:\elec\electronic\pr0ject of univer\complet project\Distance Sensor Sharp 2YOA21 _ LCD\codem8_7seg\List\DistanceMeter.asm(1116): warning: .cseg .db misalignment - padding zero byte
00001f 0001      	.DB  0x1
                 _0x2000000:
000020 4e2d
000021 4e41
000022 4900
000023 464e      	.DB  0x2D,0x4E,0x41,0x4E,0x0,0x49,0x4E,0x46
E:\elec\electronic\pr0ject of univer\complet project\Distance Sensor Sharp 2YOA21 _ LCD\codem8_7seg\List\DistanceMeter.asm(1119): warning: .cseg .db misalignment - padding zero byte
000024 0000      	.DB  0x0
                 _0x2020003:
000025 c080      	.DB  0x80,0xC0
                 
                 __GLOBAL_INI_TBL:
000026 0002      	.DW  0x02
000027 0008      	.DW  0x08
000028 0030      	.DW  _0xF*2
                 
000029 0001      	.DW  0x01
00002a 0160      	.DW  __seed_G100
00002b 003e      	.DW  _0x2000060*2
                 
00002c 0002      	.DW  0x02
00002d 0164      	.DW  __base_y_G101
00002e 004a      	.DW  _0x2020003*2
                 
                 _0xFFFFFFFF:
00002f 0000      	.DW  0
                 
                 __RESET:
000030 94f8      	CLI
000031 27ee      	CLR  R30
000032 bbec      	OUT  EECR,R30
                 
                 ;INTERRUPT VECTORS ARE PLACED
                 ;AT THE START OF FLASH
000033 e0f1      	LDI  R31,1
000034 bffb      	OUT  GICR,R31
000035 bfeb      	OUT  GICR,R30
000036 bfe5      	OUT  MCUCR,R30
                 
                 ;DISABLE WATCHDOG
000037 e1f8      	LDI  R31,0x18
000038 bdf1      	OUT  WDTCR,R31
000039 bde1      	OUT  WDTCR,R30
                 
                 ;CLEAR R2-R14
00003a e08d      	LDI  R24,(14-2)+1
00003b e0a2      	LDI  R26,2
00003c 27bb      	CLR  R27
                 __CLEAR_REG:
00003d 93ed      	ST   X+,R30
00003e 958a      	DEC  R24
00003f f7e9      	BRNE __CLEAR_REG
                 
                 ;CLEAR SRAM
000040 e080      	LDI  R24,LOW(__CLEAR_SRAM_SIZE)
000041 e094      	LDI  R25,HIGH(__CLEAR_SRAM_SIZE)
000042 e6a0      	LDI  R26,__SRAM_START
                 __CLEAR_SRAM:
000043 93ed      	ST   X+,R30
000044 9701      	SBIW R24,1
000045 f7e9      	BRNE __CLEAR_SRAM
                 
                 ;GLOBAL VARIABLES INITIALIZATION
000046 e4ec      	LDI  R30,LOW(__GLOBAL_INI_TBL*2)
000047 e0f0      	LDI  R31,HIGH(__GLOBAL_INI_TBL*2)
                 __GLOBAL_INI_NEXT:
000048 9185      	LPM  R24,Z+
000049 9195      	LPM  R25,Z+
00004a 9700      	SBIW R24,0
00004b f061      	BREQ __GLOBAL_INI_END
00004c 91a5      	LPM  R26,Z+
00004d 91b5      	LPM  R27,Z+
00004e 9005      	LPM  R0,Z+
00004f 9015      	LPM  R1,Z+
000050 01bf      	MOVW R22,R30
000051 01f0      	MOVW R30,R0
                 __GLOBAL_INI_LOOP:
000052 9005      	LPM  R0,Z+
000053 920d      	ST   X+,R0
000054 9701      	SBIW R24,1
000055 f7e1      	BRNE __GLOBAL_INI_LOOP
000056 01fb      	MOVW R30,R22
000057 cff0      	RJMP __GLOBAL_INI_NEXT
                 __GLOBAL_INI_END:
                 
                 ;HARDWARE STACK POINTER INITIALIZATION
000058 e5ef      	LDI  R30,LOW(__SRAM_END-__HEAP_SIZE)
000059 bfed      	OUT  SPL,R30
00005a e0e4      	LDI  R30,HIGH(__SRAM_END-__HEAP_SIZE)
00005b bfee      	OUT  SPH,R30
                 
                 ;DATA STACK POINTER INITIALIZATION
00005c e6c0      	LDI  R28,LOW(__SRAM_START+__DSTACK_SIZE)
00005d e0d1      	LDI  R29,HIGH(__SRAM_START+__DSTACK_SIZE)
                 
00005e c00d      	RJMP _main
                 
                 	.ESEG
                 	.ORG 0
                 
                 	.DSEG
                 	.ORG 0x160
                 
                 	.CSEG
                 ;/*****************************************************
                 ;This program was produced by the
                 ;CodeWizardAVR V2.05.0 Professional
                 ;Automatic Program Generator
                 ;© Copyright 1998-2010 Pavel Haiduc, HP InfoTech s.r.l.
                 ;http://www.hpinfotech.com
                 ;
                 ;Project : DistanceMeter
                 ;Version : 1.0
                 ;Date    : 3/9/2012
                 ;Author  : Fardin Abdali Mohammadi
                 ;Company : Isfahan University
                 ;Comments:
                 ;
                 ;
                 ;Chip type               : ATmega8
                 ;Program type            : Application
                 ;AVR Core Clock frequency: 8.000000 MHz
                 ;Memory model            : Small
                 ;External RAM size       : 0
                 ;Data Stack size         : 512
                 ;*****************************************************/
                 ;
                 ;#include <mega8.h>
                 	#ifndef __SLEEP_DEFINED__
                 	#define __SLEEP_DEFINED__
                 	.EQU __se_bit=0x80
                 	.EQU __sm_mask=0x70
                 	.EQU __sm_powerdown=0x20
                 	.EQU __sm_powersave=0x30
                 	.EQU __sm_standby=0x60
                 	.EQU __sm_ext_standby=0x70
                 	.EQU __sm_adc_noise_red=0x10
                 	.SET power_ctrl_reg=mcucr
                 	#endif
                 ;#include <stdlib.h>
                 ;#include <delay.h>
                 ;#include <GP2Y0A21.h>
                 ;// Alphanumeric LCD Module functions
                 ;#include <alcd.h>
                 ;#define ADC_VREF_TYPE 0x00
                 ;char a,b,c,d;
                 ;unsigned int i=0;
                 ;flash char sev[10]={0xc0,0xf9,0xa4,0xb0,0x99,0x92,0x82,0xf8,0x80,0x90};
                 ;
                 ;// Read the AD conversion result
                 ;unsigned int read_adc(unsigned char adc_input)
                 ; 0000 0025 {
                 
                 	.CSEG
                 _read_adc:
                 ; 0000 0026 ADMUX=adc_input | (ADC_VREF_TYPE & 0xff);
00005f 93aa      	ST   -Y,R26
                 ;	adc_input -> Y+0
000060 81e8      	LD   R30,Y
000061 b9e7      	OUT  0x7,R30
                 ; 0000 0027 // Delay needed for the stabilization of the ADC input voltage
                 ; 0000 0028 delay_us(10);
                +
000062 e083     +LDI R24 , LOW ( 3 )
                +__DELAY_USB_LOOP :
000063 958a     +DEC R24
000064 f7f1     +BRNE __DELAY_USB_LOOP
                 	__DELAY_USB 3
                 ; 0000 0029 // Start the AD conversion
                 ; 0000 002A ADCSRA|=0x40;
000065 9a36      	SBI  0x6,6
                 ; 0000 002B // Wait for the AD conversion to complete
                 ; 0000 002C while ((ADCSRA & 0x10)==0);
                 _0x3:
000066 9b34      	SBIS 0x6,4
000067 cffe      	RJMP _0x3
                 ; 0000 002D ADCSRA|=0x10;
000068 9a34      	SBI  0x6,4
                 ; 0000 002E return ADCW;
000069 b1e4      	IN   R30,0x4
00006a b1f5      	IN   R31,0x4+1
00006b c117      	RJMP _0x20A0001
                 ; 0000 002F }
                 ;
                 ;// Declare your global variables here
                 ;
                 ;void main(void)
                 ; 0000 0034 {
                 _main:
                 ; 0000 0035 
                 ; 0000 0036        const ir_distance_sensor GP2Y0A21YK = { 5461, -17, 2 };
                 ; 0000 0037 unsigned int SensorVoltage;
                 ; 0000 0038 
                 ; 0000 0039 signed short distance;
                 ; 0000 003A signed short prevDistance;
                 ; 0000 003B //float distance;
                 ; 0000 003C //float prevDistance;
                 ; 0000 003D 
                 ; 0000 003E // Declare your local variables here
                 ; 0000 003F 
                 ; 0000 0040 // Input/Output Ports initialization
                 ; 0000 0041 // Port A initialization
                 ; 0000 0042 // Func7=In Func6=In Func5=In Func4=In Func3=In Func2=In Func1=In Func0=In
                 ; 0000 0043 // State7=T State6=T State5=T State4=T State3=T State2=T State1=T State0=T
                 ; 0000 0044 
                 ; 0000 0045 
                 ; 0000 0046 // Port B initialization
                 ; 0000 0047 // Func7=Out Func6=Out Func5=Out Func4=Out Func3=Out Func2=Out Func1=Out Func0=Out
                 ; 0000 0048 // State7=0 State6=0 State5=0 State4=0 State3=0 State2=0 State1=0 State0=0
                 ; 0000 0049 PORTB=0x00;
00006c 9726      	SBIW R28,6
00006d e5e5      	LDI  R30,LOW(85)
00006e 83e8      	ST   Y,R30
00006f e1e5      	LDI  R30,LOW(21)
000070 83e9      	STD  Y+1,R30
000071 eeef      	LDI  R30,LOW(239)
000072 83ea      	STD  Y+2,R30
000073 efef      	LDI  R30,LOW(255)
000074 83eb      	STD  Y+3,R30
000075 e0e2      	LDI  R30,LOW(2)
000076 83ec      	STD  Y+4,R30
000077 e0e0      	LDI  R30,LOW(0)
000078 83ed      	STD  Y+5,R30
                 ;	GP2Y0A21YK -> Y+0
                 ;	SensorVoltage -> R16,R17
                 ;	distance -> R18,R19
                 ;	prevDistance -> R20,R21
000079 bbe8      	OUT  0x18,R30
                 ; 0000 004A DDRB=0xff;
00007a efef      	LDI  R30,LOW(255)
00007b bbe7      	OUT  0x17,R30
                 ; 0000 004B 
                 ; 0000 004C // Port C initialization
                 ; 0000 004D // Func7=In Func6=In Func5=In Func4=In Func3=In Func2=In Func1=In Func0=In
                 ; 0000 004E // State7=T State6=T State5=T State4=T State3=T State2=T State1=T State0=T
                 ; 0000 004F PORTC=0x00;
00007c e0e0      	LDI  R30,LOW(0)
00007d bbe5      	OUT  0x15,R30
                 ; 0000 0050 DDRC=0x00;
00007e bbe4      	OUT  0x14,R30
                 ; 0000 0051 
                 ; 0000 0052 // Port D initialization
                 ; 0000 0053 // Func7=In Func6=In Func5=In Func4=In Func3=In Func2=In Func1=In Func0=In
                 ; 0000 0054 // State7=T State6=T State5=T State4=T State3=T State2=T State1=T State0=T
                 ; 0000 0055 PORTD=0x00;
00007f d105      	RCALL SUBOPT_0x0
                 ; 0000 0056 DDRD=0xFF;
000080 efef      	LDI  R30,LOW(255)
000081 bbe1      	OUT  0x11,R30
                 ; 0000 0057 
                 ; 0000 0058 // ADC initialization
                 ; 0000 0059 // ADC Clock frequency: 750.000 kHz
                 ; 0000 005A // ADC Voltage Reference: AREF pin
                 ; 0000 005B ADMUX=ADC_VREF_TYPE & 0xff;
000082 e0e0      	LDI  R30,LOW(0)
000083 b9e7      	OUT  0x7,R30
                 ; 0000 005C ADCSRA=0x84;
000084 e8e4      	LDI  R30,LOW(132)
000085 b9e6      	OUT  0x6,R30
                 ; 0000 005D 
                 ; 0000 005E // Alphanumeric LCD initialization
                 ; 0000 005F // Connections specified in the
                 ; 0000 0060 // Project|Configure|C Compiler|Libraries|Alphanumeric LCD menu:
                 ; 0000 0061 // RS - PORTB Bit 4
                 ; 0000 0062 // RD - PORTB Bit 5
                 ; 0000 0063 // EN - PORTB Bit 6
                 ; 0000 0064 // D4 - PORTB Bit 0
                 ; 0000 0065 // D5 - PORTB Bit 1
                 ; 0000 0066 // D6 - PORTB Bit 2
                 ; 0000 0067 // D7 - PORTB Bit 3
                 ; 0000 0068 // Characters/line: 16
                 ; 0000 0069 lcd_init(16);
000086 e1a0      	LDI  R26,LOW(16)
000087 d0d4      	RCALL _lcd_init
                 ; 0000 006A // go on the second LCD line
                 ; 0000 006B lcd_gotoxy(0,1);
000088 e0e0      	LDI  R30,LOW(0)
000089 93ea      	ST   -Y,R30
00008a e0a1      	LDI  R26,LOW(1)
00008b d091      	RCALL _lcd_gotoxy
                 ; 0000 006C 
                 ; 0000 006D // display the message
                 ; 0000 006E lcd_putsf("Calcluating");
                +
00008c e3a2     +LDI R26 , LOW ( 2 * _0x0 + ( 0 ) )
00008d e0b0     +LDI R27 , HIGH ( 2 * _0x0 + ( 0 ) )
                 	__POINTW2FN _0x0,0
00008e d0ba      	RCALL _lcd_putsf
                 ; 0000 006F  prevDistance = 0;
                +
00008f e040     +LDI R20 , LOW ( 0 )
000090 e050     +LDI R21 , HIGH ( 0 )
                 	__GETWRN 20,21,0
                 ; 0000 0070 
                 ; 0000 0071 while (1)
                 _0x6:
                 ; 0000 0072       {
                 ; 0000 0073 
                 ; 0000 0074       SensorVoltage =  read_adc(0);
000091 e0a0      	LDI  R26,LOW(0)
000092 dfcc      	RCALL _read_adc
000093 018f      	MOVW R16,R30
                 ; 0000 0075        if (SensorVoltage<18) {
                +
000094 3102     +CPI R16 , LOW ( 18 )
000095 e0e0     +LDI R30 , HIGH ( 18 )
000096 071e     +CPC R17 , R30
                 	__CPWRN 16,17,18
000097 f410      	BRSH _0x9
                 ; 0000 0076          SensorVoltage=18;};
                +
000098 e102     +LDI R16 , LOW ( 18 )
000099 e010     +LDI R17 , HIGH ( 18 )
                 	__GETWRN 16,17,18
                 _0x9:
                 ; 0000 0077       distance = ir_distance_calculate_cm(GP2Y0A21YK, SensorVoltage);
00009a 01fe      	MOVW R30,R28
00009b e0a6      	LDI  R26,6
00009c d146      	RCALL __PUTPARL
00009d 01d8      	MOVW R26,R16
00009e d042      	RCALL _ir_distance_calculate_cm
00009f 019f      	MOVW R18,R30
                 ; 0000 0078       // Place your code here
                 ; 0000 0079        if (prevDistance!= distance) {
                +
0000a0 1724     +CP R18 , R20
0000a1 0735     +CPC R19 , R21
                 	__CPWRR 18,19,20,21
0000a2 f0e9      	BREQ _0xA
                 ; 0000 007A            prevDistance = distance;
0000a3 01a9      	MOVW R20,R18
                 ; 0000 007B       a=distance/1000;
0000a4 01d9      	MOVW R26,R18
0000a5 eee8      	LDI  R30,LOW(1000)
0000a6 e0f3      	LDI  R31,HIGH(1000)
0000a7 d11a      	RCALL __DIVW21
0000a8 2e5e      	MOV  R5,R30
                 ; 0000 007C       b=(distance%1000)/100;
0000a9 01d9      	MOVW R26,R18
0000aa eee8      	LDI  R30,LOW(1000)
0000ab e0f3      	LDI  R31,HIGH(1000)
0000ac d11a      	RCALL __MODW21
0000ad 01df      	MOVW R26,R30
0000ae e6e4      	LDI  R30,LOW(100)
0000af e0f0      	LDI  R31,HIGH(100)
0000b0 d111      	RCALL __DIVW21
0000b1 2e4e      	MOV  R4,R30
                 ; 0000 007D       c=(distance%100)/10;
0000b2 01d9      	MOVW R26,R18
0000b3 e6e4      	LDI  R30,LOW(100)
0000b4 e0f0      	LDI  R31,HIGH(100)
0000b5 d111      	RCALL __MODW21
0000b6 01df      	MOVW R26,R30
0000b7 e0ea      	LDI  R30,LOW(10)
0000b8 e0f0      	LDI  R31,HIGH(10)
0000b9 d108      	RCALL __DIVW21
0000ba 2e7e      	MOV  R7,R30
                 ; 0000 007E       d=distance%10;
0000bb 01d9      	MOVW R26,R18
0000bc e0ea      	LDI  R30,LOW(10)
0000bd e0f0      	LDI  R31,HIGH(10)
0000be d108      	RCALL __MODW21
0000bf 2e6e      	MOV  R6,R30
                 ; 0000 007F            }
                 ; 0000 0080 
                 ; 0000 0081 
                 ; 0000 0082 
                 ; 0000 0083       while (i<=900)
                 _0xA:
                 _0xB:
0000c0 e8e4      	LDI  R30,LOW(900)
0000c1 e0f3      	LDI  R31,HIGH(900)
0000c2 15e8      	CP   R30,R8
0000c3 05f9      	CPC  R31,R9
0000c4 f0c0      	BRLO _0xD
                 ; 0000 0084       {
                 ; 0000 0085       PORTD=0X01;
0000c5 e0e1      	LDI  R30,LOW(1)
0000c6 bbe2      	OUT  0x12,R30
                 ; 0000 0086       PORTB=sev[d];
0000c7 2de6      	MOV  R30,R6
0000c8 d0bf      	RCALL SUBOPT_0x1
                 ; 0000 0087       delay_us(500);
0000c9 d0c4      	RCALL SUBOPT_0x2
                 ; 0000 0088       PORTD=0X00;
                 ; 0000 0089 
                 ; 0000 008A       PORTB=sev[c];
0000ca 2de7      	MOV  R30,R7
0000cb d0bc      	RCALL SUBOPT_0x1
                 ; 0000 008B       PORTD=0X02;
0000cc e0e2      	LDI  R30,LOW(2)
0000cd bbe2      	OUT  0x12,R30
                 ; 0000 008C       delay_us(500);
0000ce d0bf      	RCALL SUBOPT_0x2
                 ; 0000 008D 
                 ; 0000 008E 
                 ; 0000 008F       PORTD=0X00;
                 ; 0000 0090       PORTB=sev[b];
0000cf 2de4      	MOV  R30,R4
0000d0 d0b7      	RCALL SUBOPT_0x1
                 ; 0000 0091       PORTD=0X4;
0000d1 e0e4      	LDI  R30,LOW(4)
0000d2 bbe2      	OUT  0x12,R30
                 ; 0000 0092       delay_us(500);
0000d3 d0ba      	RCALL SUBOPT_0x2
                 ; 0000 0093 
                 ; 0000 0094       PORTD=0X00;
                 ; 0000 0095       PORTB=sev[a];
0000d4 2de5      	MOV  R30,R5
0000d5 d0b2      	RCALL SUBOPT_0x1
                 ; 0000 0096       PORTD=0X8;
0000d6 e0e8      	LDI  R30,LOW(8)
0000d7 bbe2      	OUT  0x12,R30
                 ; 0000 0097       delay_us(500);
0000d8 d0b5      	RCALL SUBOPT_0x2
                 ; 0000 0098       PORTD=0X00;
                 ; 0000 0099       i++;
0000d9 01f4      	MOVW R30,R8
0000da 9631      	ADIW R30,1
0000db 014f      	MOVW R8,R30
                 ; 0000 009A       };
0000dc cfe3      	RJMP _0xB
                 _0xD:
                 ; 0000 009B      i=0;
0000dd 2488      	CLR  R8
0000de 2499      	CLR  R9
                 ; 0000 009C 
                 ; 0000 009D     };
0000df cfb1      	RJMP _0x6
                 ; 0000 009E }
                 _0xE:
0000e0 cfff      	RJMP _0xE
                 ;
                 ;
                 ;#include "GP2Y0A21.h"
                 ;#include "math.h"
                 ;
                 ;signed short ir_distance_calculate_cm(ir_distance_sensor sensor,
                 ; 0001 0006 	unsigned short adc_value)
                 ; 0001 0007 {
                 
                 	.CSEG
                 _ir_distance_calculate_cm:
                 ; 0001 0008 	if (adc_value + sensor.b <= 0)
0000e1 93ba      	ST   -Y,R27
0000e2 93aa      	ST   -Y,R26
                 ;	sensor -> Y+2
                 ;	adc_value -> Y+0
0000e3 d0ae      	RCALL SUBOPT_0x3
0000e4 0fae      	ADD  R26,R30
0000e5 1fbf      	ADC  R27,R31
0000e6 9710      	SBIW R26,0
0000e7 f419      	BRNE _0x20003
                 ; 0001 0009 	{
                 ; 0001 000A 		return -1;
0000e8 efef      	LDI  R30,LOW(65535)
0000e9 efff      	LDI  R31,HIGH(65535)
0000ea c00f      	RJMP _0x20A0002
                 ; 0001 000B 	}
                 ; 0001 000C 
                 ; 0001 000D 	return 200-(sensor.a / (adc_value + sensor.b) - sensor.k);
                 _0x20003:
0000eb d0a6      	RCALL SUBOPT_0x3
0000ec 0fea      	ADD  R30,R26
0000ed 1ffb      	ADC  R31,R27
0000ee 81aa      	LDD  R26,Y+2
0000ef 81bb      	LDD  R27,Y+2+1
0000f0 d0be      	RCALL __DIVW21U
0000f1 81ae      	LDD  R26,Y+6
0000f2 81bf      	LDD  R27,Y+6+1
0000f3 1bea      	SUB  R30,R26
0000f4 0bfb      	SBC  R31,R27
0000f5 eca8      	LDI  R26,LOW(200)
0000f6 e0b0      	LDI  R27,HIGH(200)
0000f7 d0f3      	RCALL __SWAPW12
0000f8 1bea      	SUB  R30,R26
0000f9 0bfb      	SBC  R31,R27
                 _0x20A0002:
0000fa 9628      	ADIW R28,8
0000fb 9508      	RET
                 ; 0001 000E }
                 ;
                 ;float calculate_distance(unsigned short adc_value)
                 ; 0001 0011 {
                 ; 0001 0012 float x;
                 ; 0001 0013 float y;
                 ; 0001 0014 float ans;
                 ; 0001 0015 x = adc_value; /* A/D data = Voltage V*/
                 ;	adc_value -> Y+12
                 ;	x -> Y+8
                 ;	y -> Y+4
                 ;	ans -> Y+0
                 ; 0001 0016 y = -1.2027;
                 ; 0001 0017 ans = pow(x, y); /* ans = x^(-1.2027) */
                 ; 0001 0018 ans=200-(27.22 * ans);
                 ; 0001 0019 
                 ; 0001 001A return (ans);
                 ; 0001 001B }
                 
                 	.CSEG
                 
                 	.DSEG
                 
                 	.CSEG
                 	#ifndef __SLEEP_DEFINED__
                 	#endif
                 
                 	.DSEG
                 
                 	.CSEG
                 __lcd_write_nibble_G101:
0000fc 93aa      	ST   -Y,R26
0000fd b3e2      	IN   R30,0x12
0000fe 7fe0      	ANDI R30,LOW(0xF0)
0000ff 2fae      	MOV  R26,R30
000100 81e8      	LD   R30,Y
000101 95e2      	SWAP R30
000102 70ef      	ANDI R30,0xF
000103 2bea      	OR   R30,R26
000104 bbe2      	OUT  0x12,R30
                +
000105 e081     +LDI R24 , LOW ( 1 )
                +__DELAY_USB_LOOP :
000106 958a     +DEC R24
000107 f7f1     +BRNE __DELAY_USB_LOOP
                 	__DELAY_USB 1
000108 9a96      	SBI  0x12,6
                +
000109 e082     +LDI R24 , LOW ( 2 )
                +__DELAY_USB_LOOP :
00010a 958a     +DEC R24
00010b f7f1     +BRNE __DELAY_USB_LOOP
                 	__DELAY_USB 2
00010c 9896      	CBI  0x12,6
                +
00010d e082     +LDI R24 , LOW ( 2 )
                +__DELAY_USB_LOOP :
00010e 958a     +DEC R24
00010f f7f1     +BRNE __DELAY_USB_LOOP
                 	__DELAY_USB 2
000110 c072      	RJMP _0x20A0001
                 __lcd_write_data:
000111 93aa      	ST   -Y,R26
000112 81a8      	LD   R26,Y
000113 dfe8      	RCALL __lcd_write_nibble_G101
000114 81e8          ld    r30,y
000115 95e2          swap  r30
000116 83e8          st    y,r30
000117 81a8      	LD   R26,Y
000118 dfe3      	RCALL __lcd_write_nibble_G101
                +
000119 e181     +LDI R24 , LOW ( 17 )
                +__DELAY_USB_LOOP :
00011a 958a     +DEC R24
00011b f7f1     +BRNE __DELAY_USB_LOOP
                 	__DELAY_USB 17
00011c c066      	RJMP _0x20A0001
                 _lcd_gotoxy:
00011d 93aa      	ST   -Y,R26
00011e 81e8      	LD   R30,Y
00011f e0f0      	LDI  R31,0
000120 59ec      	SUBI R30,LOW(-__base_y_G101)
000121 4ffe      	SBCI R31,HIGH(-__base_y_G101)
000122 81e0      	LD   R30,Z
000123 81a9      	LDD  R26,Y+1
000124 0fae      	ADD  R26,R30
000125 dfeb      	RCALL __lcd_write_data
000126 80b9      	LDD  R11,Y+1
000127 80a8      	LDD  R10,Y+0
000128 9622      	ADIW R28,2
000129 9508      	RET
                 _lcd_clear:
00012a e0a2      	LDI  R26,LOW(2)
00012b d06b      	RCALL SUBOPT_0x4
00012c e0ac      	LDI  R26,LOW(12)
00012d dfe3      	RCALL __lcd_write_data
00012e e0a1      	LDI  R26,LOW(1)
00012f d067      	RCALL SUBOPT_0x4
000130 e0e0      	LDI  R30,LOW(0)
000131 2eae      	MOV  R10,R30
000132 2ebe      	MOV  R11,R30
000133 9508      	RET
                 _lcd_putchar:
000134 93aa      	ST   -Y,R26
000135 81a8      	LD   R26,Y
000136 30aa      	CPI  R26,LOW(0xA)
000137 f011      	BREQ _0x2020005
000138 14bd      	CP   R11,R13
000139 f048      	BRLO _0x2020004
                 _0x2020005:
00013a e0e0      	LDI  R30,LOW(0)
00013b 93ea      	ST   -Y,R30
00013c 94a3      	INC  R10
00013d 2daa      	MOV  R26,R10
00013e dfde      	RCALL _lcd_gotoxy
00013f 81a8      	LD   R26,Y
000140 30aa      	CPI  R26,LOW(0xA)
000141 f409      	BRNE _0x2020007
000142 c040      	RJMP _0x20A0001
                 _0x2020007:
                 _0x2020004:
000143 94b3      	INC  R11
000144 9a94      	SBI  0x12,4
000145 81a8      	LD   R26,Y
000146 dfca      	RCALL __lcd_write_data
000147 9894      	CBI  0x12,4
000148 c03a      	RJMP _0x20A0001
                 _lcd_putsf:
000149 93ba      	ST   -Y,R27
00014a 93aa      	ST   -Y,R26
00014b 931a      	ST   -Y,R17
                 _0x202000B:
00014c 81e9      	LDD  R30,Y+1
00014d 81fa      	LDD  R31,Y+1+1
00014e 9631      	ADIW R30,1
00014f 83e9      	STD  Y+1,R30
000150 83fa      	STD  Y+1+1,R31
000151 9731      	SBIW R30,1
000152 91e4      	LPM  R30,Z
000153 2f1e      	MOV  R17,R30
000154 30e0      	CPI  R30,0
000155 f019      	BREQ _0x202000D
000156 2fa1      	MOV  R26,R17
000157 dfdc      	RCALL _lcd_putchar
000158 cff3      	RJMP _0x202000B
                 _0x202000D:
000159 8118      	LDD  R17,Y+0
00015a 9623      	ADIW R28,3
00015b 9508      	RET
                 _lcd_init:
00015c 93aa      	ST   -Y,R26
00015d b3e1      	IN   R30,0x11
00015e 60ef      	ORI  R30,LOW(0xF)
00015f bbe1      	OUT  0x11,R30
000160 9a8e      	SBI  0x11,6
000161 9a8c      	SBI  0x11,4
000162 9a8d      	SBI  0x11,5
000163 9896      	CBI  0x12,6
000164 9894      	CBI  0x12,4
000165 9895      	CBI  0x12,5
000166 80d8      	LDD  R13,Y+0
000167 81e8      	LD   R30,Y
000168 58e0      	SUBI R30,-LOW(128)
                +
000169 93e0 0166+STS __base_y_G101 + ( 2 ) , R30
                 	__PUTB1MN __base_y_G101,2
00016b 81e8      	LD   R30,Y
00016c 54e0      	SUBI R30,-LOW(192)
                +
00016d 93e0 0167+STS __base_y_G101 + ( 3 ) , R30
                 	__PUTB1MN __base_y_G101,3
00016f e1a4      	LDI  R26,LOW(20)
000170 e0b0      	LDI  R27,0
000171 d02f      	RCALL _delay_ms
000172 d028      	RCALL SUBOPT_0x5
000173 d027      	RCALL SUBOPT_0x5
000174 d026      	RCALL SUBOPT_0x5
000175 e2a0      	LDI  R26,LOW(32)
000176 df85      	RCALL __lcd_write_nibble_G101
                +
000177 e281     +LDI R24 , LOW ( 33 )
                +__DELAY_USB_LOOP :
000178 958a     +DEC R24
000179 f7f1     +BRNE __DELAY_USB_LOOP
                 	__DELAY_USB 33
00017a e2a8      	LDI  R26,LOW(40)
00017b df95      	RCALL __lcd_write_data
00017c e0a4      	LDI  R26,LOW(4)
00017d df93      	RCALL __lcd_write_data
00017e e8a5      	LDI  R26,LOW(133)
00017f df91      	RCALL __lcd_write_data
000180 e0a6      	LDI  R26,LOW(6)
000181 df8f      	RCALL __lcd_write_data
000182 dfa7      	RCALL _lcd_clear
                 _0x20A0001:
000183 9621      	ADIW R28,1
000184 9508      	RET
                 
                 	.CSEG
                 
                 	.CSEG
                 
                 	.CSEG
                 
                 	.DSEG
                 __seed_G100:
000160           	.BYTE 0x4
                 __base_y_G101:
000164           	.BYTE 0x4
                 
                 	.CSEG
                 ;OPTIMIZER ADDED SUBROUTINE, CALLED 5 TIMES, CODE SIZE REDUCTION:2 WORDS
                 SUBOPT_0x0:
000185 e0e0      	LDI  R30,LOW(0)
000186 bbe2      	OUT  0x12,R30
000187 9508      	RET
                 
                 ;OPTIMIZER ADDED SUBROUTINE, CALLED 4 TIMES, CODE SIZE REDUCTION:16 WORDS
                 SUBOPT_0x1:
000188 e0f0      	LDI  R31,0
000189 5dea      	SUBI R30,LOW(-_sev*2)
00018a 4fff      	SBCI R31,HIGH(-_sev*2)
00018b 9004      	LPM  R0,Z
00018c ba08      	OUT  0x18,R0
00018d 9508      	RET
                 
                 ;OPTIMIZER ADDED SUBROUTINE, CALLED 4 TIMES, CODE SIZE REDUCTION:7 WORDS
                 SUBOPT_0x2:
                +
00018e ea87     +LDI R24 , LOW ( 167 )
                +__DELAY_USB_LOOP :
00018f 958a     +DEC R24
000190 f7f1     +BRNE __DELAY_USB_LOOP
                 	__DELAY_USB 167
000191 cff3      	RJMP SUBOPT_0x0
                 
                 ;OPTIMIZER ADDED SUBROUTINE, CALLED 2 TIMES, CODE SIZE REDUCTION:1 WORDS
                 SUBOPT_0x3:
000192 81ec      	LDD  R30,Y+4
000193 81fd      	LDD  R31,Y+4+1
000194 81a8      	LD   R26,Y
000195 81b9      	LDD  R27,Y+1
000196 9508      	RET
                 
                 ;OPTIMIZER ADDED SUBROUTINE, CALLED 2 TIMES, CODE SIZE REDUCTION:3 WORDS
                 SUBOPT_0x4:
000197 df79      	RCALL __lcd_write_data
000198 e0a3      	LDI  R26,LOW(3)
000199 e0b0      	LDI  R27,0
00019a c006      	RJMP _delay_ms
                 
                 ;OPTIMIZER ADDED SUBROUTINE, CALLED 3 TIMES, CODE SIZE REDUCTION:6 WORDS
                 SUBOPT_0x5:
00019b e3a0      	LDI  R26,LOW(48)
00019c df5f      	RCALL __lcd_write_nibble_G101
                +
00019d e281     +LDI R24 , LOW ( 33 )
                +__DELAY_USB_LOOP :
00019e 958a     +DEC R24
00019f f7f1     +BRNE __DELAY_USB_LOOP
                 	__DELAY_USB 33
0001a0 9508      	RET
                 
                 
                 	.CSEG
                 _delay_ms:
0001a1 9610      	adiw r26,0
0001a2 f039      	breq __delay_ms1
                 __delay_ms0:
                +
0001a3 ef8a     +LDI R24 , LOW ( 0xFA )
0001a4 e090     +LDI R25 , HIGH ( 0xFA )
                +__DELAY_USW_LOOP :
0001a5 9701     +SBIW R24 , 1
0001a6 f7f1     +BRNE __DELAY_USW_LOOP
                 	__DELAY_USW 0xFA
0001a7 95a8      	wdr
0001a8 9711      	sbiw r26,1
0001a9 f7c9      	brne __delay_ms0
                 __delay_ms1:
0001aa 9508      	ret
                 
                 __ANEGW1:
0001ab 95f1      	NEG  R31
0001ac 95e1      	NEG  R30
0001ad 40f0      	SBCI R31,0
0001ae 9508      	RET
                 
                 __DIVW21U:
0001af 2400      	CLR  R0
0001b0 2411      	CLR  R1
0001b1 e190      	LDI  R25,16
                 __DIVW21U1:
0001b2 0faa      	LSL  R26
0001b3 1fbb      	ROL  R27
0001b4 1c00      	ROL  R0
0001b5 1c11      	ROL  R1
0001b6 1a0e      	SUB  R0,R30
0001b7 0a1f      	SBC  R1,R31
0001b8 f418      	BRCC __DIVW21U2
0001b9 0e0e      	ADD  R0,R30
0001ba 1e1f      	ADC  R1,R31
0001bb c001      	RJMP __DIVW21U3
                 __DIVW21U2:
0001bc 60a1      	SBR  R26,1
                 __DIVW21U3:
0001bd 959a      	DEC  R25
0001be f799      	BRNE __DIVW21U1
0001bf 01fd      	MOVW R30,R26
0001c0 01d0      	MOVW R26,R0
0001c1 9508      	RET
                 
                 __DIVW21:
0001c2 d012      	RCALL __CHKSIGNW
0001c3 dfeb      	RCALL __DIVW21U
0001c4 f40e      	BRTC __DIVW211
0001c5 dfe5      	RCALL __ANEGW1
                 __DIVW211:
0001c6 9508      	RET
                 
                 __MODW21:
0001c7 94e8      	CLT
0001c8 ffb7      	SBRS R27,7
0001c9 c004      	RJMP __MODW211
0001ca 95a0      	COM  R26
0001cb 95b0      	COM  R27
0001cc 9611      	ADIW R26,1
0001cd 9468      	SET
                 __MODW211:
0001ce fdf7      	SBRC R31,7
0001cf dfdb      	RCALL __ANEGW1
0001d0 dfde      	RCALL __DIVW21U
0001d1 01fd      	MOVW R30,R26
0001d2 f40e      	BRTC __MODW212
0001d3 dfd7      	RCALL __ANEGW1
                 __MODW212:
0001d4 9508      	RET
                 
                 __CHKSIGNW:
0001d5 94e8      	CLT
0001d6 fff7      	SBRS R31,7
0001d7 c002      	RJMP __CHKSW1
0001d8 dfd2      	RCALL __ANEGW1
0001d9 9468      	SET
                 __CHKSW1:
0001da ffb7      	SBRS R27,7
0001db c006      	RJMP __CHKSW2
0001dc 95a0      	COM  R26
0001dd 95b0      	COM  R27
0001de 9611      	ADIW R26,1
0001df f800      	BLD  R0,0
0001e0 9403      	INC  R0
0001e1 fa00      	BST  R0,0
                 __CHKSW2:
0001e2 9508      	RET
                 
                 __PUTPARL:
0001e3 27bb      	CLR  R27
                 __PUTPAR:
0001e4 0fea      	ADD  R30,R26
0001e5 1ffb      	ADC  R31,R27
                 __PUTPAR0:
0001e6 9002      	LD   R0,-Z
0001e7 920a      	ST   -Y,R0
0001e8 9711      	SBIW R26,1
0001e9 f7e1      	BRNE __PUTPAR0
0001ea 9508      	RET
                 
                 __SWAPW12:
0001eb 2e1b      	MOV  R1,R27
0001ec 2fbf      	MOV  R27,R31
0001ed 2df1      	MOV  R31,R1
                 
                 __SWAPB12:
0001ee 2e1a      	MOV  R1,R26
0001ef 2fae      	MOV  R26,R30
0001f0 2de1      	MOV  R30,R1
0001f1 9508      	RET
                 
                 ;END OF CODE MARKER
                 __END_OF_CODE:


RESOURCE USE INFORMATION
------------------------

Notice:
The register and instruction counts are symbol table hit counts,
and hence implicitly used resources are not counted, eg, the
'lpm' instruction without operands implicitly uses r0 and z,
none of which are counted.

x,y,z are separate entities in the symbol table and are
counted separately from r26..r31 here.

.dseg memory usage only counts static data declared with .byte

ATmega8 register use summary:
r0 :  16 r1 :   9 r2 :   0 r3 :   0 r4 :   2 r5 :   2 r6 :   2 r7 :   2 
r8 :   4 r9 :   2 r10:   4 r11:   4 r12:   0 r13:   2 r14:   0 r15:   0 
r16:   4 r17:   6 r18:   7 r19:   1 r20:   3 r21:   2 r22:   2 r23:   0 
r24:  25 r25:   5 r26:  71 r27:  24 r28:   7 r29:   1 r30: 131 r31:  35 
x  :   3 y  :  49 z  :  11 
Registers used: 29 out of 35 (82.9%)

ATmega8 instruction use summary:
.lds  :   0 .lds.l:   0 .sts  :   0 .sts.l:   0 adc   :   4 add   :   5 
adiw  :   9 and   :   0 andi  :   2 asr   :   0 bclr  :   0 bld   :   1 
brbc  :   0 brbs  :   0 brcc  :   1 brcs  :   0 break :   0 breq  :   5 
brge  :   0 brhc  :   0 brhs  :   0 brid  :   0 brie  :   0 brlo  :   2 
brlt  :   0 brmi  :   0 brne  :  17 brpl  :   0 brsh  :   1 brtc  :   2 
brts  :   0 brvc  :   0 brvs  :   0 bset  :   0 bst   :   1 cbi   :   5 
cbr   :   0 clc   :   0 clh   :   0 cli   :   1 cln   :   0 clr   :   7 
cls   :   0 clt   :   2 clv   :   0 clz   :   0 com   :   4 cp    :   3 
cpc   :   3 cpi   :   4 cpse  :   0 dec   :  10 des   :   0 eor   :   0 
fmul  :   0 fmuls :   0 fmulsu:   0 icall :   0 ijmp  :   0 in    :   4 
inc   :   3 ld    :  14 ldd   :  14 ldi   :  87 lds   :   0 lpm   :  11 
lsl   :   1 lsr   :   0 mov   :  20 movw  :  19 mul   :   0 muls  :   0 
mulsu :   0 neg   :   2 nop   :   0 or    :   1 ori   :   1 out   :  24 
pop   :   0 push  :   0 rcall :  53 ret   :  17 reti  :   0 rjmp  :  38 
rol   :   3 ror   :   0 sbc   :   3 sbci  :   3 sbi   :   7 sbic  :   0 
sbis  :   1 sbiw  :   9 sbr   :   1 sbrc  :   1 sbrs  :   3 sec   :   0 
seh   :   0 sei   :   0 sen   :   0 ser   :   0 ses   :   0 set   :   2 
sev   :   0 sez   :   0 sleep :   0 spm   :   0 st    :  19 std   :   7 
sts   :   2 sub   :   3 subi  :   4 swap  :   2 tst   :   0 wdr   :   1 

Instructions used: 54 out of 114 (47.4%)

ATmega8 memory use summary [bytes]:
Segment   Begin    End      Code   Data   Used    Size   Use%
---------------------------------------------------------------
[.cseg] 0x000000 0x0003e4    938     58    996    8192  12.2%
[.dseg] 0x000060 0x000168      0      8      8    1119   0.7%
[.eseg] 0x000000 0x000000      0      0      0     512   0.0%

Assembly complete, 0 errors, 10 warnings
