
AVRASM ver. 2.1.30  E:\elec\electronic\pr0ject of univer\complet project\Distance Sensor Sharp 2YOA21 _ LCD\Code8\List\DistanceMeter.asm Thu Aug 30 08:21:16 2012

E:\elec\electronic\pr0ject of univer\complet project\Distance Sensor Sharp 2YOA21 _ LCD\Code8\List\DistanceMeter.asm(1070): warning: Register r5 already defined by the .DEF directive
E:\elec\electronic\pr0ject of univer\complet project\Distance Sensor Sharp 2YOA21 _ LCD\Code8\List\DistanceMeter.asm(1071): warning: Register r4 already defined by the .DEF directive
E:\elec\electronic\pr0ject of univer\complet project\Distance Sensor Sharp 2YOA21 _ LCD\Code8\List\DistanceMeter.asm(1072): warning: Register r7 already defined by the .DEF directive
E:\elec\electronic\pr0ject of univer\complet project\Distance Sensor Sharp 2YOA21 _ LCD\Code8\List\DistanceMeter.asm(1073): warning: Register r6 already defined by the .DEF directive
E:\elec\electronic\pr0ject of univer\complet project\Distance Sensor Sharp 2YOA21 _ LCD\Code8\List\DistanceMeter.asm(1074): warning: Register r9 already defined by the .DEF directive
E:\elec\electronic\pr0ject of univer\complet project\Distance Sensor Sharp 2YOA21 _ LCD\Code8\List\DistanceMeter.asm(1075): warning: Register r8 already defined by the .DEF directive
E:\elec\electronic\pr0ject of univer\complet project\Distance Sensor Sharp 2YOA21 _ LCD\Code8\List\DistanceMeter.asm(1076): warning: Register r11 already defined by the .DEF directive
E:\elec\electronic\pr0ject of univer\complet project\Distance Sensor Sharp 2YOA21 _ LCD\Code8\List\DistanceMeter.asm(1077): warning: Register r10 already defined by the .DEF directive
                 
                 
                 ;CodeVisionAVR C Compiler V2.05.3 Standard
                 ;(C) Copyright 1998-2011 Pavel Haiduc, HP InfoTech s.r.l.
                 ;http://www.hpinfotech.com
                 
                 ;Chip type                : ATmega8
                 ;Program type             : Application
                 ;Clock frequency          : 8.000000 MHz
                 ;Memory model             : Small
                 ;Optimize for             : Size
                 ;(s)printf features       : int, width
                 ;(s)scanf features        : int, width
                 ;External RAM size        : 0
                 ;Data Stack size          : 256 byte(s)
                 ;Heap size                : 0 byte(s)
                 ;Promote 'char' to 'int'  : Yes
                 ;'char' is unsigned       : Yes
                 ;8 bit enums              : Yes
                 ;Global 'const' stored in FLASH     : No
                 ;Enhanced function parameter passing: Yes
                 ;Enhanced core instructions         : On
                 ;Smart register allocation          : On
                 ;Automatic register allocation      : On
                 
                 	#pragma AVRPART ADMIN PART_NAME ATmega8
                 	#pragma AVRPART MEMORY PROG_FLASH 8192
                 	#pragma AVRPART MEMORY EEPROM 512
                 	#pragma AVRPART MEMORY INT_SRAM SIZE 1119
                 	#pragma AVRPART MEMORY INT_SRAM START_ADDR 0x60
                 
                 	.LISTMAC
                 	.EQU UDRE=0x5
                 	.EQU RXC=0x7
                 	.EQU USR=0xB
                 	.EQU UDR=0xC
                 	.EQU SPSR=0xE
                 	.EQU SPDR=0xF
                 	.EQU EERE=0x0
                 	.EQU EEWE=0x1
                 	.EQU EEMWE=0x2
                 	.EQU EECR=0x1C
                 	.EQU EEDR=0x1D
                 	.EQU EEARL=0x1E
                 	.EQU EEARH=0x1F
                 	.EQU WDTCR=0x21
                 	.EQU MCUCR=0x35
                 	.EQU GICR=0x3B
                 	.EQU SPL=0x3D
                 	.EQU SPH=0x3E
                 	.EQU SREG=0x3F
                 
                 	.DEF R0X0=R0
                 	.DEF R0X1=R1
                 	.DEF R0X2=R2
                 	.DEF R0X3=R3
                 	.DEF R0X4=R4
                 	.DEF R0X5=R5
                 	.DEF R0X6=R6
                 	.DEF R0X7=R7
                 	.DEF R0X8=R8
                 	.DEF R0X9=R9
                 	.DEF R0XA=R10
                 	.DEF R0XB=R11
                 	.DEF R0XC=R12
                 	.DEF R0XD=R13
                 	.DEF R0XE=R14
                 	.DEF R0XF=R15
                 	.DEF R0X10=R16
                 	.DEF R0X11=R17
                 	.DEF R0X12=R18
                 	.DEF R0X13=R19
                 	.DEF R0X14=R20
                 	.DEF R0X15=R21
                 	.DEF R0X16=R22
                 	.DEF R0X17=R23
                 	.DEF R0X18=R24
                 	.DEF R0X19=R25
                 	.DEF R0X1A=R26
                 	.DEF R0X1B=R27
                 	.DEF R0X1C=R28
                 	.DEF R0X1D=R29
                 	.DEF R0X1E=R30
                 	.DEF R0X1F=R31
                 
                 	.EQU __SRAM_START=0x0060
                 	.EQU __SRAM_END=0x045F
                 	.EQU __DSTACK_SIZE=0x0100
                 	.EQU __HEAP_SIZE=0x0000
                 	.EQU __CLEAR_SRAM_SIZE=__SRAM_END-__SRAM_START+1
                 
                 	.MACRO __CPD1N
                 	CPI  R30,LOW(@0)
                 	LDI  R26,HIGH(@0)
                 	CPC  R31,R26
                 	LDI  R26,BYTE3(@0)
                 	CPC  R22,R26
                 	LDI  R26,BYTE4(@0)
                 	CPC  R23,R26
                 	.ENDM
                 
                 	.MACRO __CPD2N
                 	CPI  R26,LOW(@0)
                 	LDI  R30,HIGH(@0)
                 	CPC  R27,R30
                 	LDI  R30,BYTE3(@0)
                 	CPC  R24,R30
                 	LDI  R30,BYTE4(@0)
                 	CPC  R25,R30
                 	.ENDM
                 
                 	.MACRO __CPWRR
                 	CP   R@0,R@2
                 	CPC  R@1,R@3
                 	.ENDM
                 
                 	.MACRO __CPWRN
                 	CPI  R@0,LOW(@2)
                 	LDI  R30,HIGH(@2)
                 	CPC  R@1,R30
                 	.ENDM
                 
                 	.MACRO __ADDB1MN
                 	SUBI R30,LOW(-@0-(@1))
                 	.ENDM
                 
                 	.MACRO __ADDB2MN
                 	SUBI R26,LOW(-@0-(@1))
                 	.ENDM
                 
                 	.MACRO __ADDW1MN
                 	SUBI R30,LOW(-@0-(@1))
                 	SBCI R31,HIGH(-@0-(@1))
                 	.ENDM
                 
                 	.MACRO __ADDW2MN
                 	SUBI R26,LOW(-@0-(@1))
                 	SBCI R27,HIGH(-@0-(@1))
                 	.ENDM
                 
                 	.MACRO __ADDW1FN
                 	SUBI R30,LOW(-2*@0-(@1))
                 	SBCI R31,HIGH(-2*@0-(@1))
                 	.ENDM
                 
                 	.MACRO __ADDD1FN
                 	SUBI R30,LOW(-2*@0-(@1))
                 	SBCI R31,HIGH(-2*@0-(@1))
                 	SBCI R22,BYTE3(-2*@0-(@1))
                 	.ENDM
                 
                 	.MACRO __ADDD1N
                 	SUBI R30,LOW(-@0)
                 	SBCI R31,HIGH(-@0)
                 	SBCI R22,BYTE3(-@0)
                 	SBCI R23,BYTE4(-@0)
                 	.ENDM
                 
                 	.MACRO __ADDD2N
                 	SUBI R26,LOW(-@0)
                 	SBCI R27,HIGH(-@0)
                 	SBCI R24,BYTE3(-@0)
                 	SBCI R25,BYTE4(-@0)
                 	.ENDM
                 
                 	.MACRO __SUBD1N
                 	SUBI R30,LOW(@0)
                 	SBCI R31,HIGH(@0)
                 	SBCI R22,BYTE3(@0)
                 	SBCI R23,BYTE4(@0)
                 	.ENDM
                 
                 	.MACRO __SUBD2N
                 	SUBI R26,LOW(@0)
                 	SBCI R27,HIGH(@0)
                 	SBCI R24,BYTE3(@0)
                 	SBCI R25,BYTE4(@0)
                 	.ENDM
                 
                 	.MACRO __ANDBMNN
                 	LDS  R30,@0+(@1)
                 	ANDI R30,LOW(@2)
                 	STS  @0+(@1),R30
                 	.ENDM
                 
                 	.MACRO __ANDWMNN
                 	LDS  R30,@0+(@1)
                 	ANDI R30,LOW(@2)
                 	STS  @0+(@1),R30
                 	LDS  R30,@0+(@1)+1
                 	ANDI R30,HIGH(@2)
                 	STS  @0+(@1)+1,R30
                 	.ENDM
                 
                 	.MACRO __ANDD1N
                 	ANDI R30,LOW(@0)
                 	ANDI R31,HIGH(@0)
                 	ANDI R22,BYTE3(@0)
                 	ANDI R23,BYTE4(@0)
                 	.ENDM
                 
                 	.MACRO __ANDD2N
                 	ANDI R26,LOW(@0)
                 	ANDI R27,HIGH(@0)
                 	ANDI R24,BYTE3(@0)
                 	ANDI R25,BYTE4(@0)
                 	.ENDM
                 
                 	.MACRO __ORBMNN
                 	LDS  R30,@0+(@1)
                 	ORI  R30,LOW(@2)
                 	STS  @0+(@1),R30
                 	.ENDM
                 
                 	.MACRO __ORWMNN
                 	LDS  R30,@0+(@1)
                 	ORI  R30,LOW(@2)
                 	STS  @0+(@1),R30
                 	LDS  R30,@0+(@1)+1
                 	ORI  R30,HIGH(@2)
                 	STS  @0+(@1)+1,R30
                 	.ENDM
                 
                 	.MACRO __ORD1N
                 	ORI  R30,LOW(@0)
                 	ORI  R31,HIGH(@0)
                 	ORI  R22,BYTE3(@0)
                 	ORI  R23,BYTE4(@0)
                 	.ENDM
                 
                 	.MACRO __ORD2N
                 	ORI  R26,LOW(@0)
                 	ORI  R27,HIGH(@0)
                 	ORI  R24,BYTE3(@0)
                 	ORI  R25,BYTE4(@0)
                 	.ENDM
                 
                 	.MACRO __DELAY_USB
                 	LDI  R24,LOW(@0)
                 __DELAY_USB_LOOP:
                 	DEC  R24
                 	BRNE __DELAY_USB_LOOP
                 	.ENDM
                 
                 	.MACRO __DELAY_USW
                 	LDI  R24,LOW(@0)
                 	LDI  R25,HIGH(@0)
                 __DELAY_USW_LOOP:
                 	SBIW R24,1
                 	BRNE __DELAY_USW_LOOP
                 	.ENDM
                 
                 	.MACRO __GETD1S
                 	LDD  R30,Y+@0
                 	LDD  R31,Y+@0+1
                 	LDD  R22,Y+@0+2
                 	LDD  R23,Y+@0+3
                 	.ENDM
                 
                 	.MACRO __GETD2S
                 	LDD  R26,Y+@0
                 	LDD  R27,Y+@0+1
                 	LDD  R24,Y+@0+2
                 	LDD  R25,Y+@0+3
                 	.ENDM
                 
                 	.MACRO __PUTD1S
                 	STD  Y+@0,R30
                 	STD  Y+@0+1,R31
                 	STD  Y+@0+2,R22
                 	STD  Y+@0+3,R23
                 	.ENDM
                 
                 	.MACRO __PUTD2S
                 	STD  Y+@0,R26
                 	STD  Y+@0+1,R27
                 	STD  Y+@0+2,R24
                 	STD  Y+@0+3,R25
                 	.ENDM
                 
                 	.MACRO __PUTDZ2
                 	STD  Z+@0,R26
                 	STD  Z+@0+1,R27
                 	STD  Z+@0+2,R24
                 	STD  Z+@0+3,R25
                 	.ENDM
                 
                 	.MACRO __CLRD1S
                 	STD  Y+@0,R30
                 	STD  Y+@0+1,R30
                 	STD  Y+@0+2,R30
                 	STD  Y+@0+3,R30
                 	.ENDM
                 
                 	.MACRO __POINTB1MN
                 	LDI  R30,LOW(@0+(@1))
                 	.ENDM
                 
                 	.MACRO __POINTW1MN
                 	LDI  R30,LOW(@0+(@1))
                 	LDI  R31,HIGH(@0+(@1))
                 	.ENDM
                 
                 	.MACRO __POINTD1M
                 	LDI  R30,LOW(@0)
                 	LDI  R31,HIGH(@0)
                 	LDI  R22,BYTE3(@0)
                 	LDI  R23,BYTE4(@0)
                 	.ENDM
                 
                 	.MACRO __POINTW1FN
                 	LDI  R30,LOW(2*@0+(@1))
                 	LDI  R31,HIGH(2*@0+(@1))
                 	.ENDM
                 
                 	.MACRO __POINTD1FN
                 	LDI  R30,LOW(2*@0+(@1))
                 	LDI  R31,HIGH(2*@0+(@1))
                 	LDI  R22,BYTE3(2*@0+(@1))
                 	LDI  R23,BYTE4(2*@0+(@1))
                 	.ENDM
                 
                 	.MACRO __POINTB2MN
                 	LDI  R26,LOW(@0+(@1))
                 	.ENDM
                 
                 	.MACRO __POINTW2MN
                 	LDI  R26,LOW(@0+(@1))
                 	LDI  R27,HIGH(@0+(@1))
                 	.ENDM
                 
                 	.MACRO __POINTW2FN
                 	LDI  R26,LOW(2*@0+(@1))
                 	LDI  R27,HIGH(2*@0+(@1))
                 	.ENDM
                 
                 	.MACRO __POINTD2FN
                 	LDI  R26,LOW(2*@0+(@1))
                 	LDI  R27,HIGH(2*@0+(@1))
                 	LDI  R24,BYTE3(2*@0+(@1))
                 	LDI  R25,BYTE4(2*@0+(@1))
                 	.ENDM
                 
                 	.MACRO __POINTBRM
                 	LDI  R@0,LOW(@1)
                 	.ENDM
                 
                 	.MACRO __POINTWRM
                 	LDI  R@0,LOW(@2)
                 	LDI  R@1,HIGH(@2)
                 	.ENDM
                 
                 	.MACRO __POINTBRMN
                 	LDI  R@0,LOW(@1+(@2))
                 	.ENDM
                 
                 	.MACRO __POINTWRMN
                 	LDI  R@0,LOW(@2+(@3))
                 	LDI  R@1,HIGH(@2+(@3))
                 	.ENDM
                 
                 	.MACRO __POINTWRFN
                 	LDI  R@0,LOW(@2*2+(@3))
                 	LDI  R@1,HIGH(@2*2+(@3))
                 	.ENDM
                 
                 	.MACRO __GETD1N
                 	LDI  R30,LOW(@0)
                 	LDI  R31,HIGH(@0)
                 	LDI  R22,BYTE3(@0)
                 	LDI  R23,BYTE4(@0)
                 	.ENDM
                 
                 	.MACRO __GETD2N
                 	LDI  R26,LOW(@0)
                 	LDI  R27,HIGH(@0)
                 	LDI  R24,BYTE3(@0)
                 	LDI  R25,BYTE4(@0)
                 	.ENDM
                 
                 	.MACRO __GETB1MN
                 	LDS  R30,@0+(@1)
                 	.ENDM
                 
                 	.MACRO __GETB1HMN
                 	LDS  R31,@0+(@1)
                 	.ENDM
                 
                 	.MACRO __GETW1MN
                 	LDS  R30,@0+(@1)
                 	LDS  R31,@0+(@1)+1
                 	.ENDM
                 
                 	.MACRO __GETD1MN
                 	LDS  R30,@0+(@1)
                 	LDS  R31,@0+(@1)+1
                 	LDS  R22,@0+(@1)+2
                 	LDS  R23,@0+(@1)+3
                 	.ENDM
                 
                 	.MACRO __GETBRMN
                 	LDS  R@0,@1+(@2)
                 	.ENDM
                 
                 	.MACRO __GETWRMN
                 	LDS  R@0,@2+(@3)
                 	LDS  R@1,@2+(@3)+1
                 	.ENDM
                 
                 	.MACRO __GETWRZ
                 	LDD  R@0,Z+@2
                 	LDD  R@1,Z+@2+1
                 	.ENDM
                 
                 	.MACRO __GETD2Z
                 	LDD  R26,Z+@0
                 	LDD  R27,Z+@0+1
                 	LDD  R24,Z+@0+2
                 	LDD  R25,Z+@0+3
                 	.ENDM
                 
                 	.MACRO __GETB2MN
                 	LDS  R26,@0+(@1)
                 	.ENDM
                 
                 	.MACRO __GETW2MN
                 	LDS  R26,@0+(@1)
                 	LDS  R27,@0+(@1)+1
                 	.ENDM
                 
                 	.MACRO __GETD2MN
                 	LDS  R26,@0+(@1)
                 	LDS  R27,@0+(@1)+1
                 	LDS  R24,@0+(@1)+2
                 	LDS  R25,@0+(@1)+3
                 	.ENDM
                 
                 	.MACRO __PUTB1MN
                 	STS  @0+(@1),R30
                 	.ENDM
                 
                 	.MACRO __PUTW1MN
                 	STS  @0+(@1),R30
                 	STS  @0+(@1)+1,R31
                 	.ENDM
                 
                 	.MACRO __PUTD1MN
                 	STS  @0+(@1),R30
                 	STS  @0+(@1)+1,R31
                 	STS  @0+(@1)+2,R22
                 	STS  @0+(@1)+3,R23
                 	.ENDM
                 
                 	.MACRO __PUTB1EN
                 	LDI  R26,LOW(@0+(@1))
                 	LDI  R27,HIGH(@0+(@1))
                 	RCALL __EEPROMWRB
                 	.ENDM
                 
                 	.MACRO __PUTW1EN
                 	LDI  R26,LOW(@0+(@1))
                 	LDI  R27,HIGH(@0+(@1))
                 	RCALL __EEPROMWRW
                 	.ENDM
                 
                 	.MACRO __PUTD1EN
                 	LDI  R26,LOW(@0+(@1))
                 	LDI  R27,HIGH(@0+(@1))
                 	RCALL __EEPROMWRD
                 	.ENDM
                 
                 	.MACRO __PUTBR0MN
                 	STS  @0+(@1),R0
                 	.ENDM
                 
                 	.MACRO __PUTBMRN
                 	STS  @0+(@1),R@2
                 	.ENDM
                 
                 	.MACRO __PUTWMRN
                 	STS  @0+(@1),R@2
                 	STS  @0+(@1)+1,R@3
                 	.ENDM
                 
                 	.MACRO __PUTBZR
                 	STD  Z+@1,R@0
                 	.ENDM
                 
                 	.MACRO __PUTWZR
                 	STD  Z+@2,R@0
                 	STD  Z+@2+1,R@1
                 	.ENDM
                 
                 	.MACRO __GETW1R
                 	MOV  R30,R@0
                 	MOV  R31,R@1
                 	.ENDM
                 
                 	.MACRO __GETW2R
                 	MOV  R26,R@0
                 	MOV  R27,R@1
                 	.ENDM
                 
                 	.MACRO __GETWRN
                 	LDI  R@0,LOW(@2)
                 	LDI  R@1,HIGH(@2)
                 	.ENDM
                 
                 	.MACRO __PUTW1R
                 	MOV  R@0,R30
                 	MOV  R@1,R31
                 	.ENDM
                 
                 	.MACRO __PUTW2R
                 	MOV  R@0,R26
                 	MOV  R@1,R27
                 	.ENDM
                 
                 	.MACRO __ADDWRN
                 	SUBI R@0,LOW(-@2)
                 	SBCI R@1,HIGH(-@2)
                 	.ENDM
                 
                 	.MACRO __ADDWRR
                 	ADD  R@0,R@2
                 	ADC  R@1,R@3
                 	.ENDM
                 
                 	.MACRO __SUBWRN
                 	SUBI R@0,LOW(@2)
                 	SBCI R@1,HIGH(@2)
                 	.ENDM
                 
                 	.MACRO __SUBWRR
                 	SUB  R@0,R@2
                 	SBC  R@1,R@3
                 	.ENDM
                 
                 	.MACRO __ANDWRN
                 	ANDI R@0,LOW(@2)
                 	ANDI R@1,HIGH(@2)
                 	.ENDM
                 
                 	.MACRO __ANDWRR
                 	AND  R@0,R@2
                 	AND  R@1,R@3
                 	.ENDM
                 
                 	.MACRO __ORWRN
                 	ORI  R@0,LOW(@2)
                 	ORI  R@1,HIGH(@2)
                 	.ENDM
                 
                 	.MACRO __ORWRR
                 	OR   R@0,R@2
                 	OR   R@1,R@3
                 	.ENDM
                 
                 	.MACRO __EORWRR
                 	EOR  R@0,R@2
                 	EOR  R@1,R@3
                 	.ENDM
                 
                 	.MACRO __GETWRS
                 	LDD  R@0,Y+@2
                 	LDD  R@1,Y+@2+1
                 	.ENDM
                 
                 	.MACRO __PUTBSR
                 	STD  Y+@1,R@0
                 	.ENDM
                 
                 	.MACRO __PUTWSR
                 	STD  Y+@2,R@0
                 	STD  Y+@2+1,R@1
                 	.ENDM
                 
                 	.MACRO __MOVEWRR
                 	MOV  R@0,R@2
                 	MOV  R@1,R@3
                 	.ENDM
                 
                 	.MACRO __INWR
                 	IN   R@0,@2
                 	IN   R@1,@2+1
                 	.ENDM
                 
                 	.MACRO __OUTWR
                 	OUT  @2+1,R@1
                 	OUT  @2,R@0
                 	.ENDM
                 
                 	.MACRO __CALL1MN
                 	LDS  R30,@0+(@1)
                 	LDS  R31,@0+(@1)+1
                 	ICALL
                 	.ENDM
                 
                 	.MACRO __CALL1FN
                 	LDI  R30,LOW(2*@0+(@1))
                 	LDI  R31,HIGH(2*@0+(@1))
                 	RCALL __GETW1PF
                 	ICALL
                 	.ENDM
                 
                 	.MACRO __CALL2EN
                 	LDI  R26,LOW(@0+(@1))
                 	LDI  R27,HIGH(@0+(@1))
                 	RCALL __EEPROMRDW
                 	ICALL
                 	.ENDM
                 
                 	.MACRO __GETW1STACK
                 	IN   R26,SPL
                 	IN   R27,SPH
                 	ADIW R26,@0+1
                 	LD   R30,X+
                 	LD   R31,X
                 	.ENDM
                 
                 	.MACRO __GETD1STACK
                 	IN   R26,SPL
                 	IN   R27,SPH
                 	ADIW R26,@0+1
                 	LD   R30,X+
                 	LD   R31,X+
                 	LD   R22,X
                 	.ENDM
                 
                 	.MACRO __NBST
                 	BST  R@0,@1
                 	IN   R30,SREG
                 	LDI  R31,0x40
                 	EOR  R30,R31
                 	OUT  SREG,R30
                 	.ENDM
                 
                 
                 	.MACRO __PUTB1SN
                 	LDD  R26,Y+@0
                 	LDD  R27,Y+@0+1
                 	SUBI R26,LOW(-@1)
                 	SBCI R27,HIGH(-@1)
                 	ST   X,R30
                 	.ENDM
                 
                 	.MACRO __PUTW1SN
                 	LDD  R26,Y+@0
                 	LDD  R27,Y+@0+1
                 	SUBI R26,LOW(-@1)
                 	SBCI R27,HIGH(-@1)
                 	ST   X+,R30
                 	ST   X,R31
                 	.ENDM
                 
                 	.MACRO __PUTD1SN
                 	LDD  R26,Y+@0
                 	LDD  R27,Y+@0+1
                 	SUBI R26,LOW(-@1)
                 	SBCI R27,HIGH(-@1)
                 	RCALL __PUTDP1
                 	.ENDM
                 
                 	.MACRO __PUTB1SNS
                 	LDD  R26,Y+@0
                 	LDD  R27,Y+@0+1
                 	ADIW R26,@1
                 	ST   X,R30
                 	.ENDM
                 
                 	.MACRO __PUTW1SNS
                 	LDD  R26,Y+@0
                 	LDD  R27,Y+@0+1
                 	ADIW R26,@1
                 	ST   X+,R30
                 	ST   X,R31
                 	.ENDM
                 
                 	.MACRO __PUTD1SNS
                 	LDD  R26,Y+@0
                 	LDD  R27,Y+@0+1
                 	ADIW R26,@1
                 	RCALL __PUTDP1
                 	.ENDM
                 
                 	.MACRO __PUTB1PMN
                 	LDS  R26,@0
                 	LDS  R27,@0+1
                 	SUBI R26,LOW(-@1)
                 	SBCI R27,HIGH(-@1)
                 	ST   X,R30
                 	.ENDM
                 
                 	.MACRO __PUTW1PMN
                 	LDS  R26,@0
                 	LDS  R27,@0+1
                 	SUBI R26,LOW(-@1)
                 	SBCI R27,HIGH(-@1)
                 	ST   X+,R30
                 	ST   X,R31
                 	.ENDM
                 
                 	.MACRO __PUTD1PMN
                 	LDS  R26,@0
                 	LDS  R27,@0+1
                 	SUBI R26,LOW(-@1)
                 	SBCI R27,HIGH(-@1)
                 	RCALL __PUTDP1
                 	.ENDM
                 
                 	.MACRO __PUTB1PMNS
                 	LDS  R26,@0
                 	LDS  R27,@0+1
                 	ADIW R26,@1
                 	ST   X,R30
                 	.ENDM
                 
                 	.MACRO __PUTW1PMNS
                 	LDS  R26,@0
                 	LDS  R27,@0+1
                 	ADIW R26,@1
                 	ST   X+,R30
                 	ST   X,R31
                 	.ENDM
                 
                 	.MACRO __PUTD1PMNS
                 	LDS  R26,@0
                 	LDS  R27,@0+1
                 	ADIW R26,@1
                 	RCALL __PUTDP1
                 	.ENDM
                 
                 	.MACRO __PUTB1RN
                 	MOVW R26,R@0
                 	SUBI R26,LOW(-@1)
                 	SBCI R27,HIGH(-@1)
                 	ST   X,R30
                 	.ENDM
                 
                 	.MACRO __PUTW1RN
                 	MOVW R26,R@0
                 	SUBI R26,LOW(-@1)
                 	SBCI R27,HIGH(-@1)
                 	ST   X+,R30
                 	ST   X,R31
                 	.ENDM
                 
                 	.MACRO __PUTD1RN
                 	MOVW R26,R@0
                 	SUBI R26,LOW(-@1)
                 	SBCI R27,HIGH(-@1)
                 	RCALL __PUTDP1
                 	.ENDM
                 
                 	.MACRO __PUTB1RNS
                 	MOVW R26,R@0
                 	ADIW R26,@1
                 	ST   X,R30
                 	.ENDM
                 
                 	.MACRO __PUTW1RNS
                 	MOVW R26,R@0
                 	ADIW R26,@1
                 	ST   X+,R30
                 	ST   X,R31
                 	.ENDM
                 
                 	.MACRO __PUTD1RNS
                 	MOVW R26,R@0
                 	ADIW R26,@1
                 	RCALL __PUTDP1
                 	.ENDM
                 
                 	.MACRO __PUTB1RON
                 	MOV  R26,R@0
                 	MOV  R27,R@1
                 	SUBI R26,LOW(-@2)
                 	SBCI R27,HIGH(-@2)
                 	ST   X,R30
                 	.ENDM
                 
                 	.MACRO __PUTW1RON
                 	MOV  R26,R@0
                 	MOV  R27,R@1
                 	SUBI R26,LOW(-@2)
                 	SBCI R27,HIGH(-@2)
                 	ST   X+,R30
                 	ST   X,R31
                 	.ENDM
                 
                 	.MACRO __PUTD1RON
                 	MOV  R26,R@0
                 	MOV  R27,R@1
                 	SUBI R26,LOW(-@2)
                 	SBCI R27,HIGH(-@2)
                 	RCALL __PUTDP1
                 	.ENDM
                 
                 	.MACRO __PUTB1RONS
                 	MOV  R26,R@0
                 	MOV  R27,R@1
                 	ADIW R26,@2
                 	ST   X,R30
                 	.ENDM
                 
                 	.MACRO __PUTW1RONS
                 	MOV  R26,R@0
                 	MOV  R27,R@1
                 	ADIW R26,@2
                 	ST   X+,R30
                 	ST   X,R31
                 	.ENDM
                 
                 	.MACRO __PUTD1RONS
                 	MOV  R26,R@0
                 	MOV  R27,R@1
                 	ADIW R26,@2
                 	RCALL __PUTDP1
                 	.ENDM
                 
                 
                 	.MACRO __GETB1SX
                 	MOVW R30,R28
                 	SUBI R30,LOW(-@0)
                 	SBCI R31,HIGH(-@0)
                 	LD   R30,Z
                 	.ENDM
                 
                 	.MACRO __GETB1HSX
                 	MOVW R30,R28
                 	SUBI R30,LOW(-@0)
                 	SBCI R31,HIGH(-@0)
                 	LD   R31,Z
                 	.ENDM
                 
                 	.MACRO __GETW1SX
                 	MOVW R30,R28
                 	SUBI R30,LOW(-@0)
                 	SBCI R31,HIGH(-@0)
                 	LD   R0,Z+
                 	LD   R31,Z
                 	MOV  R30,R0
                 	.ENDM
                 
                 	.MACRO __GETD1SX
                 	MOVW R30,R28
                 	SUBI R30,LOW(-@0)
                 	SBCI R31,HIGH(-@0)
                 	LD   R0,Z+
                 	LD   R1,Z+
                 	LD   R22,Z+
                 	LD   R23,Z
                 	MOVW R30,R0
                 	.ENDM
                 
                 	.MACRO __GETB2SX
                 	MOVW R26,R28
                 	SUBI R26,LOW(-@0)
                 	SBCI R27,HIGH(-@0)
                 	LD   R26,X
                 	.ENDM
                 
                 	.MACRO __GETW2SX
                 	MOVW R26,R28
                 	SUBI R26,LOW(-@0)
                 	SBCI R27,HIGH(-@0)
                 	LD   R0,X+
                 	LD   R27,X
                 	MOV  R26,R0
                 	.ENDM
                 
                 	.MACRO __GETD2SX
                 	MOVW R26,R28
                 	SUBI R26,LOW(-@0)
                 	SBCI R27,HIGH(-@0)
                 	LD   R0,X+
                 	LD   R1,X+
                 	LD   R24,X+
                 	LD   R25,X
                 	MOVW R26,R0
                 	.ENDM
                 
                 	.MACRO __GETBRSX
                 	MOVW R30,R28
                 	SUBI R30,LOW(-@1)
                 	SBCI R31,HIGH(-@1)
                 	LD   R@0,Z
                 	.ENDM
                 
                 	.MACRO __GETWRSX
                 	MOVW R30,R28
                 	SUBI R30,LOW(-@2)
                 	SBCI R31,HIGH(-@2)
                 	LD   R@0,Z+
                 	LD   R@1,Z
                 	.ENDM
                 
                 	.MACRO __GETBRSX2
                 	MOVW R26,R28
                 	SUBI R26,LOW(-@1)
                 	SBCI R27,HIGH(-@1)
                 	LD   R@0,X
                 	.ENDM
                 
                 	.MACRO __GETWRSX2
                 	MOVW R26,R28
                 	SUBI R26,LOW(-@2)
                 	SBCI R27,HIGH(-@2)
                 	LD   R@0,X+
                 	LD   R@1,X
                 	.ENDM
                 
                 	.MACRO __LSLW8SX
                 	MOVW R30,R28
                 	SUBI R30,LOW(-@0)
                 	SBCI R31,HIGH(-@0)
                 	LD   R31,Z
                 	CLR  R30
                 	.ENDM
                 
                 	.MACRO __PUTB1SX
                 	MOVW R26,R28
                 	SUBI R26,LOW(-@0)
                 	SBCI R27,HIGH(-@0)
                 	ST   X,R30
                 	.ENDM
                 
                 	.MACRO __PUTW1SX
                 	MOVW R26,R28
                 	SUBI R26,LOW(-@0)
                 	SBCI R27,HIGH(-@0)
                 	ST   X+,R30
                 	ST   X,R31
                 	.ENDM
                 
                 	.MACRO __PUTD1SX
                 	MOVW R26,R28
                 	SUBI R26,LOW(-@0)
                 	SBCI R27,HIGH(-@0)
                 	ST   X+,R30
                 	ST   X+,R31
                 	ST   X+,R22
                 	ST   X,R23
                 	.ENDM
                 
                 	.MACRO __CLRW1SX
                 	MOVW R26,R28
                 	SUBI R26,LOW(-@0)
                 	SBCI R27,HIGH(-@0)
                 	ST   X+,R30
                 	ST   X,R30
                 	.ENDM
                 
                 	.MACRO __CLRD1SX
                 	MOVW R26,R28
                 	SUBI R26,LOW(-@0)
                 	SBCI R27,HIGH(-@0)
                 	ST   X+,R30
                 	ST   X+,R30
                 	ST   X+,R30
                 	ST   X,R30
                 	.ENDM
                 
                 	.MACRO __PUTB2SX
                 	MOVW R30,R28
                 	SUBI R30,LOW(-@0)
                 	SBCI R31,HIGH(-@0)
                 	ST   Z,R26
                 	.ENDM
                 
                 	.MACRO __PUTW2SX
                 	MOVW R30,R28
                 	SUBI R30,LOW(-@0)
                 	SBCI R31,HIGH(-@0)
                 	ST   Z+,R26
                 	ST   Z,R27
                 	.ENDM
                 
                 	.MACRO __PUTD2SX
                 	MOVW R30,R28
                 	SUBI R30,LOW(-@0)
                 	SBCI R31,HIGH(-@0)
                 	ST   Z+,R26
                 	ST   Z+,R27
                 	ST   Z+,R24
                 	ST   Z,R25
                 	.ENDM
                 
                 	.MACRO __PUTBSRX
                 	MOVW R30,R28
                 	SUBI R30,LOW(-@1)
                 	SBCI R31,HIGH(-@1)
                 	ST   Z,R@0
                 	.ENDM
                 
                 	.MACRO __PUTWSRX
                 	MOVW R30,R28
                 	SUBI R30,LOW(-@2)
                 	SBCI R31,HIGH(-@2)
                 	ST   Z+,R@0
                 	ST   Z,R@1
                 	.ENDM
                 
                 	.MACRO __PUTB1SNX
                 	MOVW R26,R28
                 	SUBI R26,LOW(-@0)
                 	SBCI R27,HIGH(-@0)
                 	LD   R0,X+
                 	LD   R27,X
                 	MOV  R26,R0
                 	SUBI R26,LOW(-@1)
                 	SBCI R27,HIGH(-@1)
                 	ST   X,R30
                 	.ENDM
                 
                 	.MACRO __PUTW1SNX
                 	MOVW R26,R28
                 	SUBI R26,LOW(-@0)
                 	SBCI R27,HIGH(-@0)
                 	LD   R0,X+
                 	LD   R27,X
                 	MOV  R26,R0
                 	SUBI R26,LOW(-@1)
                 	SBCI R27,HIGH(-@1)
                 	ST   X+,R30
                 	ST   X,R31
                 	.ENDM
                 
                 	.MACRO __PUTD1SNX
                 	MOVW R26,R28
                 	SUBI R26,LOW(-@0)
                 	SBCI R27,HIGH(-@0)
                 	LD   R0,X+
                 	LD   R27,X
                 	MOV  R26,R0
                 	SUBI R26,LOW(-@1)
                 	SBCI R27,HIGH(-@1)
                 	ST   X+,R30
                 	ST   X+,R31
                 	ST   X+,R22
                 	ST   X,R23
                 	.ENDM
                 
                 	.MACRO __MULBRR
                 	MULS R@0,R@1
                 	MOVW R30,R0
                 	.ENDM
                 
                 	.MACRO __MULBRRU
                 	MUL  R@0,R@1
                 	MOVW R30,R0
                 	.ENDM
                 
                 	.MACRO __MULBRR0
                 	MULS R@0,R@1
                 	.ENDM
                 
                 	.MACRO __MULBRRU0
                 	MUL  R@0,R@1
                 	.ENDM
                 
                 	.MACRO __MULBNWRU
                 	LDI  R26,@2
                 	MUL  R26,R@0
                 	MOVW R30,R0
                 	MUL  R26,R@1
                 	ADD  R31,R0
                 	.ENDM
                 
                 ;NAME DEFINITIONS FOR GLOBAL VARIABLES ALLOCATED TO REGISTERS
                 	.DEF _a=R5
                 	.DEF _b=R4
                 	.DEF _c=R7
                 	.DEF _d=R6
                 	.DEF _i=R9
                 	.DEF __lcd_x=R8
                 	.DEF __lcd_y=R11
                 	.DEF __lcd_maxx=R10
                 
                 	.CSEG
                 	.ORG 0x00
                 
                 ;START OF CODE MARKER
                 __START_OF_CODE:
                 
                 ;INTERRUPT VECTORS
000000 c02b      	RJMP __RESET
000001 cffe      	RJMP 0x00
000002 cffd      	RJMP 0x00
000003 cffc      	RJMP 0x00
000004 cffb      	RJMP 0x00
000005 cffa      	RJMP 0x00
000006 cff9      	RJMP 0x00
000007 cff8      	RJMP 0x00
000008 cff7      	RJMP 0x00
000009 cff6      	RJMP 0x00
00000a cff5      	RJMP 0x00
00000b cff4      	RJMP 0x00
00000c cff3      	RJMP 0x00
00000d cff2      	RJMP 0x00
00000e cff1      	RJMP 0x00
00000f cff0      	RJMP 0x00
000010 cfef      	RJMP 0x00
000011 cfee      	RJMP 0x00
000012 cfed      	RJMP 0x00
                 
                 _sev:
000013 f9c0
000014 b0a4
000015 9299
000016 f882      	.DB  0xC0,0xF9,0xA4,0xB0,0x99,0x92,0x82,0xF8
000017 9080      	.DB  0x80,0x90
                 
                 _0x0:
000018 6143
000019 636c
00001a 756c
00001b 7461      	.DB  0x43,0x61,0x6C,0x63,0x6C,0x75,0x61,0x74
00001c 6e69
00001d 0067      	.DB  0x69,0x6E,0x67,0x0
                 _0x2000060:
E:\elec\electronic\pr0ject of univer\complet project\Distance Sensor Sharp 2YOA21 _ LCD\Code8\List\DistanceMeter.asm(1114): warning: .cseg .db misalignment - padding zero byte
00001e 0001      	.DB  0x1
                 _0x2000000:
00001f 4e2d
000020 4e41
000021 4900
000022 464e      	.DB  0x2D,0x4E,0x41,0x4E,0x0,0x49,0x4E,0x46
E:\elec\electronic\pr0ject of univer\complet project\Distance Sensor Sharp 2YOA21 _ LCD\Code8\List\DistanceMeter.asm(1117): warning: .cseg .db misalignment - padding zero byte
000023 0000      	.DB  0x0
                 _0x2020003:
000024 c080      	.DB  0x80,0xC0
                 
                 __GLOBAL_INI_TBL:
000025 0001      	.DW  0x01
000026 0160      	.DW  __seed_G100
000027 003c      	.DW  _0x2000060*2
                 
000028 0002      	.DW  0x02
000029 0164      	.DW  __base_y_G101
00002a 0048      	.DW  _0x2020003*2
                 
                 _0xFFFFFFFF:
00002b 0000      	.DW  0
                 
                 __RESET:
00002c 94f8      	CLI
00002d 27ee      	CLR  R30
00002e bbec      	OUT  EECR,R30
                 
                 ;INTERRUPT VECTORS ARE PLACED
                 ;AT THE START OF FLASH
00002f e0f1      	LDI  R31,1
000030 bffb      	OUT  GICR,R31
000031 bfeb      	OUT  GICR,R30
000032 bfe5      	OUT  MCUCR,R30
                 
                 ;DISABLE WATCHDOG
000033 e1f8      	LDI  R31,0x18
000034 bdf1      	OUT  WDTCR,R31
000035 bde1      	OUT  WDTCR,R30
                 
                 ;CLEAR R2-R14
000036 e08d      	LDI  R24,(14-2)+1
000037 e0a2      	LDI  R26,2
000038 27bb      	CLR  R27
                 __CLEAR_REG:
000039 93ed      	ST   X+,R30
00003a 958a      	DEC  R24
00003b f7e9      	BRNE __CLEAR_REG
                 
                 ;CLEAR SRAM
00003c e080      	LDI  R24,LOW(__CLEAR_SRAM_SIZE)
00003d e094      	LDI  R25,HIGH(__CLEAR_SRAM_SIZE)
00003e e6a0      	LDI  R26,__SRAM_START
                 __CLEAR_SRAM:
00003f 93ed      	ST   X+,R30
000040 9701      	SBIW R24,1
000041 f7e9      	BRNE __CLEAR_SRAM
                 
                 ;GLOBAL VARIABLES INITIALIZATION
000042 e4ea      	LDI  R30,LOW(__GLOBAL_INI_TBL*2)
000043 e0f0      	LDI  R31,HIGH(__GLOBAL_INI_TBL*2)
                 __GLOBAL_INI_NEXT:
000044 9185      	LPM  R24,Z+
000045 9195      	LPM  R25,Z+
000046 9700      	SBIW R24,0
000047 f061      	BREQ __GLOBAL_INI_END
000048 91a5      	LPM  R26,Z+
000049 91b5      	LPM  R27,Z+
00004a 9005      	LPM  R0,Z+
00004b 9015      	LPM  R1,Z+
00004c 01bf      	MOVW R22,R30
00004d 01f0      	MOVW R30,R0
                 __GLOBAL_INI_LOOP:
00004e 9005      	LPM  R0,Z+
00004f 920d      	ST   X+,R0
000050 9701      	SBIW R24,1
000051 f7e1      	BRNE __GLOBAL_INI_LOOP
000052 01fb      	MOVW R30,R22
000053 cff0      	RJMP __GLOBAL_INI_NEXT
                 __GLOBAL_INI_END:
                 
                 ;HARDWARE STACK POINTER INITIALIZATION
000054 e5ef      	LDI  R30,LOW(__SRAM_END-__HEAP_SIZE)
000055 bfed      	OUT  SPL,R30
000056 e0e4      	LDI  R30,HIGH(__SRAM_END-__HEAP_SIZE)
000057 bfee      	OUT  SPH,R30
                 
                 ;DATA STACK POINTER INITIALIZATION
000058 e6c0      	LDI  R28,LOW(__SRAM_START+__DSTACK_SIZE)
000059 e0d1      	LDI  R29,HIGH(__SRAM_START+__DSTACK_SIZE)
                 
00005a c00d      	RJMP _main
                 
                 	.ESEG
                 	.ORG 0
                 
                 	.DSEG
                 	.ORG 0x160
                 
                 	.CSEG
                 ;/*****************************************************
                 ;This program was produced by the
                 ;CodeWizardAVR V2.05.0 Professional
                 ;Automatic Program Generator
                 ;© Copyright 1998-2010 Pavel Haiduc, HP InfoTech s.r.l.
                 ;http://www.hpinfotech.com
                 ;
                 ;Project : DistanceMeter
                 ;Version : 1.0
                 ;Date    : 3/9/2012
                 ;Author  : Fardin Abdali Mohammadi
                 ;Company : Isfahan University
                 ;Comments:
                 ;
                 ;
                 ;Chip type               : ATmega8
                 ;Program type            : Application
                 ;AVR Core Clock frequency: 8.000000 MHz
                 ;Memory model            : Small
                 ;External RAM size       : 0
                 ;Data Stack size         : 512
                 ;*****************************************************/
                 ;
                 ;#include <mega8.h>
                 	#ifndef __SLEEP_DEFINED__
                 	#define __SLEEP_DEFINED__
                 	.EQU __se_bit=0x80
                 	.EQU __sm_mask=0x70
                 	.EQU __sm_powerdown=0x20
                 	.EQU __sm_powersave=0x30
                 	.EQU __sm_standby=0x60
                 	.EQU __sm_ext_standby=0x70
                 	.EQU __sm_adc_noise_red=0x10
                 	.SET power_ctrl_reg=mcucr
                 	#endif
                 ;#include <stdlib.h>
                 ;#include <delay.h>
                 ;#include <GP2Y0A21.h>
                 ;// Alphanumeric LCD Module functions
                 ;#include <alcd.h>
                 ;#define ADC_VREF_TYPE 0x00
                 ;char a,b,c,d,i;
                 ;flash char sev[10]={0xc0,0xf9,0xa4,0xb0,0x99,0x92,0x82,0xf8,0x80,0x90};
                 ;
                 ;// Read the AD conversion result
                 ;unsigned int read_adc(unsigned char adc_input)
                 ; 0000 0024 {
                 
                 	.CSEG
                 _read_adc:
                 ; 0000 0025 ADMUX=adc_input | (ADC_VREF_TYPE & 0xff);
00005b 93aa      	ST   -Y,R26
                 ;	adc_input -> Y+0
00005c 81e8      	LD   R30,Y
00005d b9e7      	OUT  0x7,R30
                 ; 0000 0026 // Delay needed for the stabilization of the ADC input voltage
                 ; 0000 0027 delay_us(10);
                +
00005e e18b     +LDI R24 , LOW ( 27 )
                +__DELAY_USB_LOOP :
00005f 958a     +DEC R24
000060 f7f1     +BRNE __DELAY_USB_LOOP
                 	__DELAY_USB 27
                 ; 0000 0028 // Start the AD conversion
                 ; 0000 0029 ADCSRA|=0x40;
000061 9a36      	SBI  0x6,6
                 ; 0000 002A // Wait for the AD conversion to complete
                 ; 0000 002B while ((ADCSRA & 0x10)==0);
                 _0x3:
000062 9b34      	SBIS 0x6,4
000063 cffe      	RJMP _0x3
                 ; 0000 002C ADCSRA|=0x10;
000064 9a34      	SBI  0x6,4
                 ; 0000 002D return ADCW;
000065 b1e4      	IN   R30,0x4
000066 b1f5      	IN   R31,0x4+1
000067 c155      	RJMP _0x20A0001
                 ; 0000 002E }
                 ;
                 ;// Declare your global variables here
                 ;
                 ;void main(void)
                 ; 0000 0033 {
                 _main:
                 ; 0000 0034 
                 ; 0000 0035        const ir_distance_sensor GP2Y0A21YK = { 5461, -17, 2 };
                 ; 0000 0036 unsigned int SensorVoltage;
                 ; 0000 0037 unsigned char sensordata[7];
                 ; 0000 0038 signed short distance;
                 ; 0000 0039 signed short prevDistance;
                 ; 0000 003A //float distance;
                 ; 0000 003B //float prevDistance;
                 ; 0000 003C 
                 ; 0000 003D // Declare your local variables here
                 ; 0000 003E 
                 ; 0000 003F // Input/Output Ports initialization
                 ; 0000 0040 // Port A initialization
                 ; 0000 0041 // Func7=In Func6=In Func5=In Func4=In Func3=In Func2=In Func1=In Func0=In
                 ; 0000 0042 // State7=T State6=T State5=T State4=T State3=T State2=T State1=T State0=T
                 ; 0000 0043 
                 ; 0000 0044 
                 ; 0000 0045 // Port B initialization
                 ; 0000 0046 // Func7=Out Func6=Out Func5=Out Func4=Out Func3=Out Func2=Out Func1=Out Func0=Out
                 ; 0000 0047 // State7=0 State6=0 State5=0 State4=0 State3=0 State2=0 State1=0 State0=0
                 ; 0000 0048 PORTB=0x00;
000068 972d      	SBIW R28,13
000069 e5e5      	LDI  R30,LOW(85)
00006a 83ef      	STD  Y+7,R30
00006b e1e5      	LDI  R30,LOW(21)
00006c 87e8      	STD  Y+8,R30
00006d eeef      	LDI  R30,LOW(239)
00006e 87e9      	STD  Y+9,R30
00006f efef      	LDI  R30,LOW(255)
000070 87ea      	STD  Y+10,R30
000071 e0e2      	LDI  R30,LOW(2)
000072 87eb      	STD  Y+11,R30
000073 e0e0      	LDI  R30,LOW(0)
000074 87ec      	STD  Y+12,R30
                 ;	GP2Y0A21YK -> Y+7
                 ;	SensorVoltage -> R16,R17
                 ;	sensordata -> Y+0
                 ;	distance -> R18,R19
                 ;	prevDistance -> R20,R21
000075 bbe8      	OUT  0x18,R30
                 ; 0000 0049 DDRB=0xff;
000076 efef      	LDI  R30,LOW(255)
000077 bbe7      	OUT  0x17,R30
                 ; 0000 004A 
                 ; 0000 004B // Port C initialization
                 ; 0000 004C // Func7=In Func6=In Func5=In Func4=In Func3=In Func2=In Func1=In Func0=In
                 ; 0000 004D // State7=T State6=T State5=T State4=T State3=T State2=T State1=T State0=T
                 ; 0000 004E PORTC=0x00;
000078 e0e0      	LDI  R30,LOW(0)
000079 bbe5      	OUT  0x15,R30
                 ; 0000 004F DDRC=0x3E;
00007a e3ee      	LDI  R30,LOW(62)
00007b bbe4      	OUT  0x14,R30
                 ; 0000 0050 
                 ; 0000 0051 // Port D initialization
                 ; 0000 0052 // Func7=In Func6=In Func5=In Func4=In Func3=In Func2=In Func1=In Func0=In
                 ; 0000 0053 // State7=T State6=T State5=T State4=T State3=T State2=T State1=T State0=T
                 ; 0000 0054 PORTD=0x00;
00007c e0e0      	LDI  R30,LOW(0)
00007d bbe2      	OUT  0x12,R30
                 ; 0000 0055 DDRD=0xFF;
00007e efef      	LDI  R30,LOW(255)
00007f bbe1      	OUT  0x11,R30
                 ; 0000 0056 
                 ; 0000 0057 // ADC initialization
                 ; 0000 0058 // ADC Clock frequency: 750.000 kHz
                 ; 0000 0059 // ADC Voltage Reference: AREF pin
                 ; 0000 005A ADMUX=ADC_VREF_TYPE & 0xff;
000080 e0e0      	LDI  R30,LOW(0)
000081 b9e7      	OUT  0x7,R30
                 ; 0000 005B ADCSRA=0x84;
000082 e8e4      	LDI  R30,LOW(132)
000083 b9e6      	OUT  0x6,R30
                 ; 0000 005C 
                 ; 0000 005D // Alphanumeric LCD initialization
                 ; 0000 005E // Connections specified in the
                 ; 0000 005F // Project|Configure|C Compiler|Libraries|Alphanumeric LCD menu:
                 ; 0000 0060 // RS - PORTB Bit 4
                 ; 0000 0061 // RD - PORTB Bit 5
                 ; 0000 0062 // EN - PORTB Bit 6
                 ; 0000 0063 // D4 - PORTB Bit 0
                 ; 0000 0064 // D5 - PORTB Bit 1
                 ; 0000 0065 // D6 - PORTB Bit 2
                 ; 0000 0066 // D7 - PORTB Bit 3
                 ; 0000 0067 // Characters/line: 16
                 ; 0000 0068 lcd_init(16);
000084 e1a0      	LDI  R26,LOW(16)
000085 d10f      	RCALL _lcd_init
                 ; 0000 0069 // go on the second LCD line
                 ; 0000 006A lcd_gotoxy(0,1);
000086 e0e0      	LDI  R30,LOW(0)
000087 93ea      	ST   -Y,R30
000088 e0a1      	LDI  R26,LOW(1)
000089 d0bf      	RCALL _lcd_gotoxy
                 ; 0000 006B 
                 ; 0000 006C // display the message
                 ; 0000 006D lcd_putsf("Calcluating");
                +
00008a e3a0     +LDI R26 , LOW ( 2 * _0x0 + ( 0 ) )
00008b e0b0     +LDI R27 , HIGH ( 2 * _0x0 + ( 0 ) )
                 	__POINTW2FN _0x0,0
00008c d0f6      	RCALL _lcd_putsf
                 ; 0000 006E  prevDistance = 0;
                +
00008d e040     +LDI R20 , LOW ( 0 )
00008e e050     +LDI R21 , HIGH ( 0 )
                 	__GETWRN 20,21,0
                 ; 0000 006F 
                 ; 0000 0070 while (1)
                 _0x6:
                 ; 0000 0071       {
                 ; 0000 0072 
                 ; 0000 0073       SensorVoltage =  read_adc(0);
00008f e0a0      	LDI  R26,LOW(0)
000090 dfca      	RCALL _read_adc
000091 018f      	MOVW R16,R30
                 ; 0000 0074        if (SensorVoltage<18) {
                +
000092 3102     +CPI R16 , LOW ( 18 )
000093 e0e0     +LDI R30 , HIGH ( 18 )
000094 071e     +CPC R17 , R30
                 	__CPWRN 16,17,18
000095 f410      	BRSH _0x9
                 ; 0000 0075          SensorVoltage=18;};
                +
000096 e102     +LDI R16 , LOW ( 18 )
000097 e010     +LDI R17 , HIGH ( 18 )
                 	__GETWRN 16,17,18
                 _0x9:
                 ; 0000 0076       distance = ir_distance_calculate_cm(GP2Y0A21YK, SensorVoltage);
000098 01fe      	MOVW R30,R28
000099 9637      	ADIW R30,7
00009a e0a6      	LDI  R26,6
00009b d180      	RCALL __PUTPARL
00009c 01d8      	MOVW R26,R16
00009d d043      	RCALL _ir_distance_calculate_cm
00009e 019f      	MOVW R18,R30
                 ; 0000 0077       // Place your code here
                 ; 0000 0078        if (prevDistance!= distance) {
                +
00009f 1724     +CP R18 , R20
0000a0 0735     +CPC R19 , R21
                 	__CPWRR 18,19,20,21
0000a1 f129      	BREQ _0xA
                 ; 0000 0079            prevDistance = distance;
0000a2 01a9      	MOVW R20,R18
                 ; 0000 007A            lcd_clear();
0000a3 d0b2      	RCALL _lcd_clear
                 ; 0000 007B            itoa(distance, sensordata);
0000a4 933a      	ST   -Y,R19
0000a5 932a      	ST   -Y,R18
0000a6 01de      	MOVW R26,R28
0000a7 9612      	ADIW R26,2
0000a8 d052      	RCALL _itoa
                 ; 0000 007C            lcd_puts(sensordata);
0000a9 01de      	MOVW R26,R28
0000aa d0ca      	RCALL _lcd_puts
                 ; 0000 007D 
                 ; 0000 007E       a=distance/1000;
0000ab 01d9      	MOVW R26,R18
0000ac eee8      	LDI  R30,LOW(1000)
0000ad e0f3      	LDI  R31,HIGH(1000)
0000ae d14c      	RCALL __DIVW21
0000af 2e5e      	MOV  R5,R30
                 ; 0000 007F       b=(distance%1000)/100;
0000b0 01d9      	MOVW R26,R18
0000b1 eee8      	LDI  R30,LOW(1000)
0000b2 e0f3      	LDI  R31,HIGH(1000)
0000b3 d14c      	RCALL __MODW21
0000b4 01df      	MOVW R26,R30
0000b5 e6e4      	LDI  R30,LOW(100)
0000b6 e0f0      	LDI  R31,HIGH(100)
0000b7 d143      	RCALL __DIVW21
0000b8 2e4e      	MOV  R4,R30
                 ; 0000 0080       c=(distance%100)/10;
0000b9 01d9      	MOVW R26,R18
0000ba e6e4      	LDI  R30,LOW(100)
0000bb e0f0      	LDI  R31,HIGH(100)
0000bc d143      	RCALL __MODW21
0000bd 01df      	MOVW R26,R30
0000be e0ea      	LDI  R30,LOW(10)
0000bf e0f0      	LDI  R31,HIGH(10)
0000c0 d13a      	RCALL __DIVW21
0000c1 2e7e      	MOV  R7,R30
                 ; 0000 0081       d=distance%10;
0000c2 01d9      	MOVW R26,R18
0000c3 e0ea      	LDI  R30,LOW(10)
0000c4 e0f0      	LDI  R31,HIGH(10)
0000c5 d13a      	RCALL __MODW21
0000c6 2e6e      	MOV  R6,R30
                 ; 0000 0082            }
                 ; 0000 0083 
                 ; 0000 0084 
                 ; 0000 0085 
                 ; 0000 0086       while (i<=25)
                 _0xA:
                 _0xB:
0000c7 e1e9      	LDI  R30,LOW(25)
0000c8 15e9      	CP   R30,R9
0000c9 f0a0      	BRLO _0xD
                 ; 0000 0087       {
                 ; 0000 0088       PORTC=0X02;
0000ca e0e2      	LDI  R30,LOW(2)
0000cb bbe5      	OUT  0x15,R30
                 ; 0000 0089       PORTB=sev[d];
0000cc 2de6      	MOV  R30,R6
0000cd d0f1      	RCALL SUBOPT_0x0
                 ; 0000 008A       delay_ms(2);
                 ; 0000 008B 
                 ; 0000 008C       PORTC=0X04;
0000ce e0e4      	LDI  R30,LOW(4)
0000cf bbe5      	OUT  0x15,R30
                 ; 0000 008D       PORTB=sev[c];
0000d0 2de7      	MOV  R30,R7
0000d1 d0ed      	RCALL SUBOPT_0x0
                 ; 0000 008E 
                 ; 0000 008F       delay_ms(2);
                 ; 0000 0090 
                 ; 0000 0091 
                 ; 0000 0092       PORTC=0X16;
0000d2 e1e6      	LDI  R30,LOW(22)
0000d3 bbe5      	OUT  0x15,R30
                 ; 0000 0093       PORTB=sev[b];
0000d4 2de4      	MOV  R30,R4
0000d5 d0e9      	RCALL SUBOPT_0x0
                 ; 0000 0094 
                 ; 0000 0095       delay_ms(2);
                 ; 0000 0096 
                 ; 0000 0097       PORTC=0X32;
0000d6 e3e2      	LDI  R30,LOW(50)
0000d7 bbe5      	OUT  0x15,R30
                 ; 0000 0098       PORTB=sev[a];
0000d8 2de5      	MOV  R30,R5
0000d9 d0e5      	RCALL SUBOPT_0x0
                 ; 0000 0099       delay_ms(2);
                 ; 0000 009A       PORTC=0X00;
0000da e0e0      	LDI  R30,LOW(0)
0000db bbe5      	OUT  0x15,R30
                 ; 0000 009B       i++;
0000dc 9493      	INC  R9
                 ; 0000 009C       };
0000dd cfe9      	RJMP _0xB
                 _0xD:
                 ; 0000 009D      i=0;
0000de 2499      	CLR  R9
                 ; 0000 009E 
                 ; 0000 009F     };
0000df cfaf      	RJMP _0x6
                 ; 0000 00A0 }
                 _0xE:
0000e0 cfff      	RJMP _0xE
                 ;
                 ;
                 ;#include "GP2Y0A21.h"
                 ;#include "math.h"
                 ;
                 ;signed short ir_distance_calculate_cm(ir_distance_sensor sensor,
                 ; 0001 0006 	unsigned short adc_value)
                 ; 0001 0007 {
                 
                 	.CSEG
                 _ir_distance_calculate_cm:
                 ; 0001 0008 	if (adc_value + sensor.b <= 0)
0000e1 d0e5      	RCALL SUBOPT_0x1
                 ;	sensor -> Y+2
                 ;	adc_value -> Y+0
0000e2 d0e7      	RCALL SUBOPT_0x2
0000e3 0fae      	ADD  R26,R30
0000e4 1fbf      	ADC  R27,R31
0000e5 9710      	SBIW R26,0
0000e6 f419      	BRNE _0x20003
                 ; 0001 0009 	{
                 ; 0001 000A 		return -1;
0000e7 efef      	LDI  R30,LOW(65535)
0000e8 efff      	LDI  R31,HIGH(65535)
0000e9 c00f      	RJMP _0x20A0003
                 ; 0001 000B 	}
                 ; 0001 000C 
                 ; 0001 000D 	return 200-(sensor.a / (adc_value + sensor.b) - sensor.k);
                 _0x20003:
0000ea d0df      	RCALL SUBOPT_0x2
0000eb 0fea      	ADD  R30,R26
0000ec 1ffb      	ADC  R31,R27
0000ed 81aa      	LDD  R26,Y+2
0000ee 81bb      	LDD  R27,Y+2+1
0000ef d0f8      	RCALL __DIVW21U
0000f0 81ae      	LDD  R26,Y+6
0000f1 81bf      	LDD  R27,Y+6+1
0000f2 1bea      	SUB  R30,R26
0000f3 0bfb      	SBC  R31,R27
0000f4 eca8      	LDI  R26,LOW(200)
0000f5 e0b0      	LDI  R27,HIGH(200)
0000f6 d12d      	RCALL __SWAPW12
0000f7 1bea      	SUB  R30,R26
0000f8 0bfb      	SBC  R31,R27
                 _0x20A0003:
0000f9 9628      	ADIW R28,8
0000fa 9508      	RET
                 ; 0001 000E }
                 ;
                 ;float calculate_distance(unsigned short adc_value)
                 ; 0001 0011 {
                 ; 0001 0012 float x;
                 ; 0001 0013 float y;
                 ; 0001 0014 float ans;
                 ; 0001 0015 x = adc_value; /* A/D data = Voltage V*/
                 ;	adc_value -> Y+12
                 ;	x -> Y+8
                 ;	y -> Y+4
                 ;	ans -> Y+0
                 ; 0001 0016 y = -1.2027;
                 ; 0001 0017 ans = pow(x, y); /* ans = x^(-1.2027) */
                 ; 0001 0018 ans=200-(27.22 * ans);
                 ; 0001 0019 
                 ; 0001 001A return (ans);
                 ; 0001 001B }
                 
                 	.CSEG
                 _itoa:
0000fb d0cb      	RCALL SUBOPT_0x1
0000fc 91a9          ld   r26,y+
0000fd 91b9          ld   r27,y+
0000fe 91e9          ld   r30,y+
0000ff 91f9          ld   r31,y+
000100 9630          adiw r30,0
000101 f42a          brpl __itoa0
000102 95e0          com  r30
000103 95f0          com  r31
000104 9631          adiw r30,1
000105 e26d          ldi  r22,'-'
000106 936d          st   x+,r22
                 __itoa0:
000107 94e8          clt
000108 e180          ldi  r24,low(10000)
000109 e297          ldi  r25,high(10000)
00010a d00d          rcall __itoa1
00010b ee88          ldi  r24,low(1000)
00010c e093          ldi  r25,high(1000)
00010d d00a          rcall __itoa1
00010e e684          ldi  r24,100
00010f 2799          clr  r25
000110 d007          rcall __itoa1
000111 e08a          ldi  r24,10
000112 d005          rcall __itoa1
000113 2f6e          mov  r22,r30
000114 d010          rcall __itoa5
000115 2766          clr  r22
000116 936c          st   x,r22
000117 9508          ret
                 
                 __itoa1:
000118 2766          clr	 r22
                 __itoa2:
000119 17e8          cp   r30,r24
00011a 07f9          cpc  r31,r25
00011b f020          brlo __itoa3
00011c 9563          inc  r22
00011d 1be8          sub  r30,r24
00011e 0bf9          sbc  r31,r25
00011f f7c9          brne __itoa2
                 __itoa3:
000120 2366          tst  r22
000121 f411          brne __itoa4
000122 f016          brts __itoa5
000123 9508          ret
                 __itoa4:
000124 9468          set
                 __itoa5:
000125 5d60          subi r22,-0x30
000126 936d          st   x+,r22
000127 9508          ret
                 
                 	.DSEG
                 
                 	.CSEG
                 	#ifndef __SLEEP_DEFINED__
                 	#endif
                 
                 	.DSEG
                 
                 	.CSEG
                 __lcd_write_nibble_G101:
000128 93aa      	ST   -Y,R26
000129 b3e2      	IN   R30,0x12
00012a 7fe0      	ANDI R30,LOW(0xF0)
00012b 2fae      	MOV  R26,R30
00012c 81e8      	LD   R30,Y
00012d 95e2      	SWAP R30
00012e 70ef      	ANDI R30,0xF
00012f 2bea      	OR   R30,R26
000130 bbe2      	OUT  0x12,R30
                +
000131 e085     +LDI R24 , LOW ( 5 )
                +__DELAY_USB_LOOP :
000132 958a     +DEC R24
000133 f7f1     +BRNE __DELAY_USB_LOOP
                 	__DELAY_USB 5
000134 9a96      	SBI  0x12,6
                +
000135 e08d     +LDI R24 , LOW ( 13 )
                +__DELAY_USB_LOOP :
000136 958a     +DEC R24
000137 f7f1     +BRNE __DELAY_USB_LOOP
                 	__DELAY_USB 13
000138 9896      	CBI  0x12,6
                +
000139 e08d     +LDI R24 , LOW ( 13 )
                +__DELAY_USB_LOOP :
00013a 958a     +DEC R24
00013b f7f1     +BRNE __DELAY_USB_LOOP
                 	__DELAY_USB 13
00013c c080      	RJMP _0x20A0001
                 __lcd_write_data:
00013d 93aa      	ST   -Y,R26
00013e 81a8      	LD   R26,Y
00013f dfe8      	RCALL __lcd_write_nibble_G101
000140 81e8          ld    r30,y
000141 95e2          swap  r30
000142 83e8          st    y,r30
000143 81a8      	LD   R26,Y
000144 dfe3      	RCALL __lcd_write_nibble_G101
                +
000145 e885     +LDI R24 , LOW ( 133 )
                +__DELAY_USB_LOOP :
000146 958a     +DEC R24
000147 f7f1     +BRNE __DELAY_USB_LOOP
                 	__DELAY_USB 133
000148 c074      	RJMP _0x20A0001
                 _lcd_gotoxy:
000149 93aa      	ST   -Y,R26
00014a 81e8      	LD   R30,Y
00014b e0f0      	LDI  R31,0
00014c 59ec      	SUBI R30,LOW(-__base_y_G101)
00014d 4ffe      	SBCI R31,HIGH(-__base_y_G101)
00014e 81e0      	LD   R30,Z
00014f 81a9      	LDD  R26,Y+1
000150 0fae      	ADD  R26,R30
000151 dfeb      	RCALL __lcd_write_data
000152 8089      	LDD  R8,Y+1
000153 80b8      	LDD  R11,Y+0
000154 9622      	ADIW R28,2
000155 9508      	RET
                 _lcd_clear:
000156 e0a2      	LDI  R26,LOW(2)
000157 d077      	RCALL SUBOPT_0x3
000158 e0ac      	LDI  R26,LOW(12)
000159 dfe3      	RCALL __lcd_write_data
00015a e0a1      	LDI  R26,LOW(1)
00015b d073      	RCALL SUBOPT_0x3
00015c e0e0      	LDI  R30,LOW(0)
00015d 2ebe      	MOV  R11,R30
00015e 2e8e      	MOV  R8,R30
00015f 9508      	RET
                 _lcd_putchar:
000160 93aa      	ST   -Y,R26
000161 81a8      	LD   R26,Y
000162 30aa      	CPI  R26,LOW(0xA)
000163 f011      	BREQ _0x2020005
000164 148a      	CP   R8,R10
000165 f048      	BRLO _0x2020004
                 _0x2020005:
000166 e0e0      	LDI  R30,LOW(0)
000167 93ea      	ST   -Y,R30
000168 94b3      	INC  R11
000169 2dab      	MOV  R26,R11
00016a dfde      	RCALL _lcd_gotoxy
00016b 81a8      	LD   R26,Y
00016c 30aa      	CPI  R26,LOW(0xA)
00016d f409      	BRNE _0x2020007
00016e c04e      	RJMP _0x20A0001
                 _0x2020007:
                 _0x2020004:
00016f 9483      	INC  R8
000170 9a94      	SBI  0x12,4
000171 81a8      	LD   R26,Y
000172 dfca      	RCALL __lcd_write_data
000173 9894      	CBI  0x12,4
000174 c048      	RJMP _0x20A0001
                 _lcd_puts:
000175 d051      	RCALL SUBOPT_0x1
000176 931a      	ST   -Y,R17
                 _0x2020008:
000177 81a9      	LDD  R26,Y+1
000178 81ba      	LDD  R27,Y+1+1
000179 91ed      	LD   R30,X+
00017a 83a9      	STD  Y+1,R26
00017b 83ba      	STD  Y+1+1,R27
00017c 2f1e      	MOV  R17,R30
00017d 30e0      	CPI  R30,0
00017e f019      	BREQ _0x202000A
00017f 2fa1      	MOV  R26,R17
000180 dfdf      	RCALL _lcd_putchar
000181 cff5      	RJMP _0x2020008
                 _0x202000A:
000182 c00f      	RJMP _0x20A0002
                 _lcd_putsf:
000183 d043      	RCALL SUBOPT_0x1
000184 931a      	ST   -Y,R17
                 _0x202000B:
000185 81e9      	LDD  R30,Y+1
000186 81fa      	LDD  R31,Y+1+1
000187 9631      	ADIW R30,1
000188 83e9      	STD  Y+1,R30
000189 83fa      	STD  Y+1+1,R31
00018a 9731      	SBIW R30,1
00018b 91e4      	LPM  R30,Z
00018c 2f1e      	MOV  R17,R30
00018d 30e0      	CPI  R30,0
00018e f019      	BREQ _0x202000D
00018f 2fa1      	MOV  R26,R17
000190 dfcf      	RCALL _lcd_putchar
000191 cff3      	RJMP _0x202000B
                 _0x202000D:
                 _0x20A0002:
000192 8118      	LDD  R17,Y+0
000193 9623      	ADIW R28,3
000194 9508      	RET
                 _lcd_init:
000195 93aa      	ST   -Y,R26
000196 b3e1      	IN   R30,0x11
000197 60ef      	ORI  R30,LOW(0xF)
000198 bbe1      	OUT  0x11,R30
000199 9a8e      	SBI  0x11,6
00019a 9a8c      	SBI  0x11,4
00019b 9a8d      	SBI  0x11,5
00019c 9896      	CBI  0x12,6
00019d 9894      	CBI  0x12,4
00019e 9895      	CBI  0x12,5
00019f 80a8      	LDD  R10,Y+0
0001a0 81e8      	LD   R30,Y
0001a1 58e0      	SUBI R30,-LOW(128)
                +
0001a2 93e0 0166+STS __base_y_G101 + ( 2 ) , R30
                 	__PUTB1MN __base_y_G101,2
0001a4 81e8      	LD   R30,Y
0001a5 54e0      	SUBI R30,-LOW(192)
                +
0001a6 93e0 0167+STS __base_y_G101 + ( 3 ) , R30
                 	__PUTB1MN __base_y_G101,3
0001a8 e1a4      	LDI  R26,LOW(20)
0001a9 e0b0      	LDI  R27,0
0001aa d02f      	RCALL _delay_ms
0001ab d027      	RCALL SUBOPT_0x4
0001ac d026      	RCALL SUBOPT_0x4
0001ad d025      	RCALL SUBOPT_0x4
0001ae e2a0      	LDI  R26,LOW(32)
0001af df78      	RCALL __lcd_write_nibble_G101
                +
0001b0 ec88     +LDI R24 , LOW ( 200 )
0001b1 e090     +LDI R25 , HIGH ( 200 )
                +__DELAY_USW_LOOP :
0001b2 9701     +SBIW R24 , 1
0001b3 f7f1     +BRNE __DELAY_USW_LOOP
                 	__DELAY_USW 200
0001b4 e2a8      	LDI  R26,LOW(40)
0001b5 df87      	RCALL __lcd_write_data
0001b6 e0a4      	LDI  R26,LOW(4)
0001b7 df85      	RCALL __lcd_write_data
0001b8 e8a5      	LDI  R26,LOW(133)
0001b9 df83      	RCALL __lcd_write_data
0001ba e0a6      	LDI  R26,LOW(6)
0001bb df81      	RCALL __lcd_write_data
0001bc df99      	RCALL _lcd_clear
                 _0x20A0001:
0001bd 9621      	ADIW R28,1
0001be 9508      	RET
                 
                 	.CSEG
                 
                 	.CSEG
                 
                 	.CSEG
                 
                 	.DSEG
                 __seed_G100:
000160           	.BYTE 0x4
                 __base_y_G101:
000164           	.BYTE 0x4
                 
                 	.CSEG
                 ;OPTIMIZER ADDED SUBROUTINE, CALLED 4 TIMES, CODE SIZE REDUCTION:31 WORDS
                 SUBOPT_0x0:
0001bf e0f0      	LDI  R31,0
0001c0 5dea      	SUBI R30,LOW(-_sev*2)
0001c1 4fff      	SBCI R31,HIGH(-_sev*2)
0001c2 9004      	LPM  R0,Z
0001c3 ba08      	OUT  0x18,R0
0001c4 e0a2      	LDI  R26,LOW(2)
0001c5 e0b0      	LDI  R27,0
0001c6 c013      	RJMP _delay_ms
                 
                 ;OPTIMIZER ADDED SUBROUTINE, CALLED 4 TIMES, CODE SIZE REDUCTION:1 WORDS
                 SUBOPT_0x1:
0001c7 93ba      	ST   -Y,R27
0001c8 93aa      	ST   -Y,R26
0001c9 9508      	RET
                 
                 ;OPTIMIZER ADDED SUBROUTINE, CALLED 2 TIMES, CODE SIZE REDUCTION:1 WORDS
                 SUBOPT_0x2:
0001ca 81ec      	LDD  R30,Y+4
0001cb 81fd      	LDD  R31,Y+4+1
0001cc 81a8      	LD   R26,Y
0001cd 81b9      	LDD  R27,Y+1
0001ce 9508      	RET
                 
                 ;OPTIMIZER ADDED SUBROUTINE, CALLED 2 TIMES, CODE SIZE REDUCTION:3 WORDS
                 SUBOPT_0x3:
0001cf df6d      	RCALL __lcd_write_data
0001d0 e0a3      	LDI  R26,LOW(3)
0001d1 e0b0      	LDI  R27,0
0001d2 c007      	RJMP _delay_ms
                 
                 ;OPTIMIZER ADDED SUBROUTINE, CALLED 3 TIMES, CODE SIZE REDUCTION:8 WORDS
                 SUBOPT_0x4:
0001d3 e3a0      	LDI  R26,LOW(48)
0001d4 df53      	RCALL __lcd_write_nibble_G101
                +
0001d5 ec88     +LDI R24 , LOW ( 200 )
0001d6 e090     +LDI R25 , HIGH ( 200 )
                +__DELAY_USW_LOOP :
0001d7 9701     +SBIW R24 , 1
0001d8 f7f1     +BRNE __DELAY_USW_LOOP
                 	__DELAY_USW 200
0001d9 9508      	RET
                 
                 
                 	.CSEG
                 _delay_ms:
0001da 9610      	adiw r26,0
0001db f039      	breq __delay_ms1
                 __delay_ms0:
                +
0001dc ed80     +LDI R24 , LOW ( 0x7D0 )
0001dd e097     +LDI R25 , HIGH ( 0x7D0 )
                +__DELAY_USW_LOOP :
0001de 9701     +SBIW R24 , 1
0001df f7f1     +BRNE __DELAY_USW_LOOP
                 	__DELAY_USW 0x7D0
0001e0 95a8      	wdr
0001e1 9711      	sbiw r26,1
0001e2 f7c9      	brne __delay_ms0
                 __delay_ms1:
0001e3 9508      	ret
                 
                 __ANEGW1:
0001e4 95f1      	NEG  R31
0001e5 95e1      	NEG  R30
0001e6 40f0      	SBCI R31,0
0001e7 9508      	RET
                 
                 __DIVW21U:
0001e8 2400      	CLR  R0
0001e9 2411      	CLR  R1
0001ea e190      	LDI  R25,16
                 __DIVW21U1:
0001eb 0faa      	LSL  R26
0001ec 1fbb      	ROL  R27
0001ed 1c00      	ROL  R0
0001ee 1c11      	ROL  R1
0001ef 1a0e      	SUB  R0,R30
0001f0 0a1f      	SBC  R1,R31
0001f1 f418      	BRCC __DIVW21U2
0001f2 0e0e      	ADD  R0,R30
0001f3 1e1f      	ADC  R1,R31
0001f4 c001      	RJMP __DIVW21U3
                 __DIVW21U2:
0001f5 60a1      	SBR  R26,1
                 __DIVW21U3:
0001f6 959a      	DEC  R25
0001f7 f799      	BRNE __DIVW21U1
0001f8 01fd      	MOVW R30,R26
0001f9 01d0      	MOVW R26,R0
0001fa 9508      	RET
                 
                 __DIVW21:
0001fb d012      	RCALL __CHKSIGNW
0001fc dfeb      	RCALL __DIVW21U
0001fd f40e      	BRTC __DIVW211
0001fe dfe5      	RCALL __ANEGW1
                 __DIVW211:
0001ff 9508      	RET
                 
                 __MODW21:
000200 94e8      	CLT
000201 ffb7      	SBRS R27,7
000202 c004      	RJMP __MODW211
000203 95a0      	COM  R26
000204 95b0      	COM  R27
000205 9611      	ADIW R26,1
000206 9468      	SET
                 __MODW211:
000207 fdf7      	SBRC R31,7
000208 dfdb      	RCALL __ANEGW1
000209 dfde      	RCALL __DIVW21U
00020a 01fd      	MOVW R30,R26
00020b f40e      	BRTC __MODW212
00020c dfd7      	RCALL __ANEGW1
                 __MODW212:
00020d 9508      	RET
                 
                 __CHKSIGNW:
00020e 94e8      	CLT
00020f fff7      	SBRS R31,7
000210 c002      	RJMP __CHKSW1
000211 dfd2      	RCALL __ANEGW1
000212 9468      	SET
                 __CHKSW1:
000213 ffb7      	SBRS R27,7
000214 c006      	RJMP __CHKSW2
000215 95a0      	COM  R26
000216 95b0      	COM  R27
000217 9611      	ADIW R26,1
000218 f800      	BLD  R0,0
000219 9403      	INC  R0
00021a fa00      	BST  R0,0
                 __CHKSW2:
00021b 9508      	RET
                 
                 __PUTPARL:
00021c 27bb      	CLR  R27
                 __PUTPAR:
00021d 0fea      	ADD  R30,R26
00021e 1ffb      	ADC  R31,R27
                 __PUTPAR0:
00021f 9002      	LD   R0,-Z
000220 920a      	ST   -Y,R0
000221 9711      	SBIW R26,1
000222 f7e1      	BRNE __PUTPAR0
000223 9508      	RET
                 
                 __SWAPW12:
000224 2e1b      	MOV  R1,R27
000225 2fbf      	MOV  R27,R31
000226 2df1      	MOV  R31,R1
                 
                 __SWAPB12:
000227 2e1a      	MOV  R1,R26
000228 2fae      	MOV  R26,R30
000229 2de1      	MOV  R30,R1
00022a 9508      	RET
                 
                 ;END OF CODE MARKER
                 __END_OF_CODE:


RESOURCE USE INFORMATION
------------------------

Notice:
The register and instruction counts are symbol table hit counts,
and hence implicitly used resources are not counted, eg, the
'lpm' instruction without operands implicitly uses r0 and z,
none of which are counted.

x,y,z are separate entities in the symbol table and are
counted separately from r26..r31 here.

.dseg memory usage only counts static data declared with .byte

ATmega8 register use summary:
r0 :  16 r1 :   9 r2 :   0 r3 :   0 r4 :   2 r5 :   2 r6 :   2 r7 :   2 
r8 :   4 r9 :   3 r10:   2 r11:   4 r12:   0 r13:   0 r14:   0 r15:   0 
r16:   4 r17:   9 r18:   8 r19:   2 r20:   3 r21:   2 r22:  12 r23:   0 
r24:  29 r25:  12 r26:  78 r27:  27 r28:   9 r29:   1 r30: 142 r31:  37 
x  :   7 y  :  58 z  :  11 
Registers used: 28 out of 35 (80.0%)

ATmega8 instruction use summary:
.lds  :   0 .lds.l:   0 .sts  :   0 .sts.l:   0 adc   :   4 add   :   5 
adiw  :  12 and   :   0 andi  :   2 asr   :   0 bclr  :   0 bld   :   1 
brbc  :   0 brbs  :   0 brcc  :   1 brcs  :   0 break :   0 breq  :   6 
brge  :   0 brhc  :   0 brhs  :   0 brid  :   0 brie  :   0 brlo  :   3 
brlt  :   0 brmi  :   0 brne  :  18 brpl  :   1 brsh  :   1 brtc  :   2 
brts  :   1 brvc  :   0 brvs  :   0 bset  :   0 bst   :   1 cbi   :   5 
cbr   :   0 clc   :   0 clh   :   0 cli   :   1 cln   :   0 clr   :   9 
cls   :   0 clt   :   3 clv   :   0 clz   :   0 com   :   6 cp    :   4 
cpc   :   3 cpi   :   5 cpse  :   0 dec   :   7 des   :   0 eor   :   0 
fmul  :   0 fmuls :   0 fmulsu:   0 icall :   0 ijmp  :   0 in    :   4 
inc   :   5 ld    :  19 ldd   :  16 ldi   :  98 lds   :   0 lpm   :  11 
lsl   :   1 lsr   :   0 mov   :  23 movw  :  19 mul   :   0 muls  :   0 
mulsu :   0 neg   :   2 nop   :   0 or    :   1 ori   :   1 out   :  25 
pop   :   0 push  :   0 rcall :  61 ret   :  19 reti  :   0 rjmp  :  40 
rol   :   3 ror   :   0 sbc   :   4 sbci  :   3 sbi   :   7 sbic  :   0 
sbis  :   1 sbiw  :  11 sbr   :   1 sbrc  :   1 sbrs  :   3 sec   :   0 
seh   :   0 sei   :   0 sen   :   0 ser   :   0 ses   :   0 set   :   3 
sev   :   0 sez   :   0 sleep :   0 spm   :   0 st    :  22 std   :  10 
sts   :   2 sub   :   4 subi  :   5 swap  :   2 tst   :   1 wdr   :   1 

Instructions used: 57 out of 114 (50.0%)

ATmega8 memory use summary [bytes]:
Segment   Begin    End      Code   Data   Used    Size   Use%
---------------------------------------------------------------
[.cseg] 0x000000 0x000456   1060     50   1110    8192  13.5%
[.dseg] 0x000060 0x000168      0      8      8    1119   0.7%
[.eseg] 0x000000 0x000000      0      0      0     512   0.0%

Assembly complete, 0 errors, 10 warnings
