Removed Pin From Net: NetName=ALARMOUT Pin=U4-1
Removed Pin From Net: NetName=LOCKOUT Pin=U4-2
Removed Pin From Net: NetName=GND Pin=U4-8
Removed Pin From Net: NetName=LOCK Pin=U4-15
Removed Pin From Net: NetName=ALARM Pin=U4-16
Removed Member From Class: ClassName=Sheet2 Member=U5
Change Component Designator: OldDesignator=BATTERY NewDesignator=BATTERY1
Change Component Designator: OldDesignator=Q1 NewDesignator=Q3
Change Component Designator: OldDesignator=R4 NewDesignator=R6
Change Component Designator: OldDesignator=R5 NewDesignator=R7
Change Component Designator: OldDesignator=R6 NewDesignator=R8
Change Component Designator: OldDesignator=R7 NewDesignator=R9
Change Component Designator: OldDesignator=R8 NewDesignator=R10
Change Component Designator: OldDesignator=U5 NewDesignator=U4
Added Component: Designator=Q1(T2-TO92)
Add component (AddParameter): Name = "De"; Value = "Seyed Mohsen Ghasemian"; VariantName = "[No Variations]"
Add component (AddParameter): Name = "E-mail"; Value = "picpars@gmail.com"; VariantName = "[No Variations]"
Add component (AddParameter): Name = "web"; Value = "www.picpars.com"; VariantName = "[No Variations]"
Added Component: Designator=Q2(T2-TO92)
Add component (AddParameter): Name = "De"; Value = "Seyed Mohsen Ghasemian"; VariantName = "[No Variations]"
Add component (AddParameter): Name = "E-mail"; Value = "picpars@gmail.com"; VariantName = "[No Variations]"
Add component (AddParameter): Name = "web"; Value = "www.picpars.com"; VariantName = "[No Variations]"
Added Component: Designator=R4(AXIAL-0.3)
Add component (AddParameter): Name = "LatestRevisionDate"; Value = "17-Jul-2002"; VariantName = "[No Variations]"
Add component (AddParameter): Name = "LatestRevisionNote"; Value = "Re-released for DXP Platform."; VariantName = "[No Variations]"
Add component (AddParameter): Name = "PackageDescription"; Value = "Axial Device, Thru-Hole; 2 Leads; 0.3 in Pin Spacing"; VariantName = "[No Variations]"
Add component (AddParameter): Name = "PackageReference"; Value = "AXIAL-0.3"; VariantName = "[No Variations]"
Add component (AddParameter): Name = "Published"; Value = "8-Jun-2000"; VariantName = "[No Variations]"
Add component (AddParameter): Name = "Publisher"; Value = "Altium Limited"; VariantName = "[No Variations]"
Add component (AddParameter): Name = "Value"; Value = "330"; VariantName = "[No Variations]"
Added Component: Designator=R5(AXIAL-0.3)
Add component (AddParameter): Name = "LatestRevisionDate"; Value = "17-Jul-2002"; VariantName = "[No Variations]"
Add component (AddParameter): Name = "LatestRevisionNote"; Value = "Re-released for DXP Platform."; VariantName = "[No Variations]"
Add component (AddParameter): Name = "PackageDescription"; Value = "Axial Device, Thru-Hole; 2 Leads; 0.3 in Pin Spacing"; VariantName = "[No Variations]"
Add component (AddParameter): Name = "PackageReference"; Value = "AXIAL-0.3"; VariantName = "[No Variations]"
Add component (AddParameter): Name = "Published"; Value = "8-Jun-2000"; VariantName = "[No Variations]"
Add component (AddParameter): Name = "Publisher"; Value = "Altium Limited"; VariantName = "[No Variations]"
Add component (AddParameter): Name = "Value"; Value = "330"; VariantName = "[No Variations]"
Added Pin To Net: NetName=ALARM Pin=Q1-C
Added Pin To Net: NetName=GND Pin=Q1-E
Added Pin To Net: NetName=LOCK Pin=Q2-C
Added Pin To Net: NetName=GND Pin=Q2-E
Added Pin To Net: NetName=ALARMOUT Pin=R4-2
Added Pin To Net: NetName=LOCKOUT Pin=R5-2
Change Net Name : Old Net Name=NetQ1_2 New Net Name=NetQ3_2
Change Net Name : Old Net Name=NetR7_1 New Net Name=NetR9_1
Change Net Name : Old Net Name=NetR7_2 New Net Name=NetR9_2
Change Net Name : Old Net Name=NetR8_1 New Net Name=NetR10_1
Change Net Name : Old Net Name=NetR8_2 New Net Name=NetR10_2
Added Pin To Net: NetName=NetQ1_B Pin=Q1-B
Added Pin To Net: NetName=NetQ1_B Pin=R4-1
Added Net: Name=NetQ1_B
Added Pin To Net: NetName=NetQ2_B Pin=Q2-B
Added Pin To Net: NetName=NetQ2_B Pin=R5-1
Added Net: Name=NetQ2_B
Added Member To Class: ClassName=Sheet2 Member=Component Q2 C945
Added Member To Class: ClassName=Sheet2 Member=Component Q3 CNY17-3
Added Member To Class: ClassName=Sheet2 Member=Component R9 Resistor SMD
Added Member To Class: ClassName=Sheet2 Member=Component R10 Resistor SMD
Added Room: Name=Sheet2
