Removed Pin From Net: NetName=ALARM Pin=D3-1
Removed Pin From Net: NetName=+12 Pin=D3-2
Removed Pin From Net: NetName=LOCK Pin=D4-1
Removed Pin From Net: NetName=+12 Pin=D4-2
Removed Pin From Net: NetName=Net*_1 Pin=D?-1
Removed Pin From Net: NetName=VCC Pin=D?-2
Removed Member From Class: ClassName=Sheet2 Member=D3
Removed Member From Class: ClassName=Sheet2 Member=D4
Change Component Footprint: Designator=D? Old Footprint=ONSC-AXIAL_LEAD-2-267-05_V New Footprint=ONSC-AXIAL_LEAD-2-59-10_P
Change Component Comment : Designator=D? Old Comment=1N5408 New Comment=1N4007RLG
Change Managed Component Library Link : Designator=D? Old VaultGUID=B7D15EC3-160A-466F-A46C-7801FE6295A7 New VaultGUID=B7D15EC3-160A-466F-A46C-7801FE6295A7 Old ItemGUID=08E393CE-EC26-4795-806F-32E0FB86C2E5 New ItemGUID=825B95CB-BC23-425B-BD07-E7631CC23C39 Old RevisionGUID=FB7839B0-C91D-43B2-8672-858C7E424D2F New RevisionGUID=640F95CB-20E1-4DF1-B486-9642C71C993F
Change component parameters: Designator = "D?" ("D?"); Footprint = "ONSC-AXIAL_LEAD-2-267-05_V"; UniqueID = "\UYWQBUGI" ("\UYWQBUGI")
Change component parameters (AddParameter): Name = "ComponentLink1Description"; Value = "Manufacturer URL"; VariantName = "[No Variations]"
Change component parameters (AddParameter): Name = "ComponentLink1URL"; Value = "http://www.onsemi.com/"; VariantName = "[No Variations]"
Change component parameters (AddParameter): Name = "ComponentLink2Description"; Value = "Datasheet"; VariantName = "[No Variations]"
Change component parameters (AddParameter): Name = "ComponentLink2URL"; Value = "http://www.onsemi.com/pub_link/Collateral/1N4001-D.PDF"; VariantName = "[No Variations]"
Change component parameters (AddParameter): Name = "ComponentLink3Description"; Value = "Package Specification"; VariantName = "[No Variations]"
Change component parameters (AddParameter): Name = "ComponentLink3URL"; Value = "http://www.onsemi.cn/pub_link/Collateral/59-10.PDF"; VariantName = "[No Variations]"
Change component parameters (AddParameter): Name = "DatasheetVersion"; Value = "Rev. 13"; VariantName = "[No Variations]"
Change component parameters (AddParameter): Name = "IFSM Max (A)"; Value = "30"; VariantName = "[No Variations]"
Change component parameters (AddParameter): Name = "IO(rec) Max (A)"; Value = "1"; VariantName = "[No Variations]"
Change component parameters (AddParameter): Name = "Manufacturer"; Value = "On Semiconductor"; VariantName = "[No Variations]"
Change component parameters (AddParameter): Name = "Mounting Technology"; Value = "Through Hole"; VariantName = "[No Variations]"
Change component parameters (AddParameter): Name = "PackageDescription"; Value = "2-Pin, Axial Lead, Diameter 2.35 mm"; VariantName = "[No Variations]"
Change component parameters (AddParameter): Name = "PackageReference"; Value = "AXIAL_LEAD-2-59-10"; VariantName = "[No Variations]"
Change component parameters (AddParameter): Name = "PackageVersion"; Value = "Rev. U, 02/2005"; VariantName = "[No Variations]"
Change component parameters (AddParameter): Name = "Packing"; Value = "Tape and Reel"; VariantName = "[No Variations]"
Change component parameters (AddParameter): Name = "PartNumber"; Value = "1N4007RLG"; VariantName = "[No Variations]"
Change component parameters (AddParameter): Name = "RoHS"; Value = "TRUE"; VariantName = "[No Variations]"
Change component parameters (AddParameter): Name = "Type"; Value = "Standard Recovery"; VariantName = "[No Variations]"
Change component parameters (AddParameter): Name = "VRRM Max (V)"; Value = "1000"; VariantName = "[No Variations]"
Added Component: Designator=D?(ONSC-AXIAL_LEAD-2-59-10_P)
Add component (AddParameter): Name = "ComponentLink1Description"; Value = "Manufacturer URL"; VariantName = "[No Variations]"
Add component (AddParameter): Name = "ComponentLink1URL"; Value = "http://www.onsemi.com/"; VariantName = "[No Variations]"
Add component (AddParameter): Name = "ComponentLink2Description"; Value = "Datasheet"; VariantName = "[No Variations]"
Add component (AddParameter): Name = "ComponentLink2URL"; Value = "http://www.onsemi.com/pub_link/Collateral/1N4001-D.PDF"; VariantName = "[No Variations]"
Add component (AddParameter): Name = "ComponentLink3Description"; Value = "Package Specification"; VariantName = "[No Variations]"
Add component (AddParameter): Name = "ComponentLink3URL"; Value = "http://www.onsemi.cn/pub_link/Collateral/59-10.PDF"; VariantName = "[No Variations]"
Add component (AddParameter): Name = "DatasheetVersion"; Value = "Rev. 13"; VariantName = "[No Variations]"
Add component (AddParameter): Name = "IFSM Max (A)"; Value = "30"; VariantName = "[No Variations]"
Add component (AddParameter): Name = "IO(rec) Max (A)"; Value = "1"; VariantName = "[No Variations]"
Add component (AddParameter): Name = "Manufacturer"; Value = "On Semiconductor"; VariantName = "[No Variations]"
Add component (AddParameter): Name = "Mounting Technology"; Value = "Through Hole"; VariantName = "[No Variations]"
Add component (AddParameter): Name = "PackageDescription"; Value = "2-Pin, Axial Lead, Diameter 2.35 mm"; VariantName = "[No Variations]"
Add component (AddParameter): Name = "PackageReference"; Value = "AXIAL_LEAD-2-59-10"; VariantName = "[No Variations]"
Add component (AddParameter): Name = "PackageVersion"; Value = "Rev. U, 02/2005"; VariantName = "[No Variations]"
Add component (AddParameter): Name = "Packing"; Value = "Tape and Reel"; VariantName = "[No Variations]"
Add component (AddParameter): Name = "PartNumber"; Value = "1N4007RLG"; VariantName = "[No Variations]"
Add component (AddParameter): Name = "RoHS"; Value = "TRUE"; VariantName = "[No Variations]"
Add component (AddParameter): Name = "Type"; Value = "Standard Recovery"; VariantName = "[No Variations]"
Add component (AddParameter): Name = "VRRM Max (V)"; Value = "1000"; VariantName = "[No Variations]"
Added Component: Designator=D?(ONSC-AXIAL_LEAD-2-59-10_P)
Add component (AddParameter): Name = "ComponentLink1Description"; Value = "Manufacturer URL"; VariantName = "[No Variations]"
Add component (AddParameter): Name = "ComponentLink1URL"; Value = "http://www.onsemi.com/"; VariantName = "[No Variations]"
Add component (AddParameter): Name = "ComponentLink2Description"; Value = "Datasheet"; VariantName = "[No Variations]"
Add component (AddParameter): Name = "ComponentLink2URL"; Value = "http://www.onsemi.com/pub_link/Collateral/1N4001-D.PDF"; VariantName = "[No Variations]"
Add component (AddParameter): Name = "ComponentLink3Description"; Value = "Package Specification"; VariantName = "[No Variations]"
Add component (AddParameter): Name = "ComponentLink3URL"; Value = "http://www.onsemi.cn/pub_link/Collateral/59-10.PDF"; VariantName = "[No Variations]"
Add component (AddParameter): Name = "DatasheetVersion"; Value = "Rev. 13"; VariantName = "[No Variations]"
Add component (AddParameter): Name = "IFSM Max (A)"; Value = "30"; VariantName = "[No Variations]"
Add component (AddParameter): Name = "IO(rec) Max (A)"; Value = "1"; VariantName = "[No Variations]"
Add component (AddParameter): Name = "Manufacturer"; Value = "On Semiconductor"; VariantName = "[No Variations]"
Add component (AddParameter): Name = "Mounting Technology"; Value = "Through Hole"; VariantName = "[No Variations]"
Add component (AddParameter): Name = "PackageDescription"; Value = "2-Pin, Axial Lead, Diameter 2.35 mm"; VariantName = "[No Variations]"
Add component (AddParameter): Name = "PackageReference"; Value = "AXIAL_LEAD-2-59-10"; VariantName = "[No Variations]"
Add component (AddParameter): Name = "PackageVersion"; Value = "Rev. U, 02/2005"; VariantName = "[No Variations]"
Add component (AddParameter): Name = "Packing"; Value = "Tape and Reel"; VariantName = "[No Variations]"
Add component (AddParameter): Name = "PartNumber"; Value = "1N4007RLG"; VariantName = "[No Variations]"
Add component (AddParameter): Name = "RoHS"; Value = "TRUE"; VariantName = "[No Variations]"
Add component (AddParameter): Name = "Type"; Value = "Standard Recovery"; VariantName = "[No Variations]"
Add component (AddParameter): Name = "VRRM Max (V)"; Value = "1000"; VariantName = "[No Variations]"
Added Component: Designator=D?(ONSC-AXIAL_LEAD-2-59-10_P)
Add component (AddParameter): Name = "ComponentLink1Description"; Value = "Manufacturer URL"; VariantName = "[No Variations]"
Add component (AddParameter): Name = "ComponentLink1URL"; Value = "http://www.onsemi.com/"; VariantName = "[No Variations]"
Add component (AddParameter): Name = "ComponentLink2Description"; Value = "Datasheet"; VariantName = "[No Variations]"
Add component (AddParameter): Name = "ComponentLink2URL"; Value = "http://www.onsemi.com/pub_link/Collateral/1N4001-D.PDF"; VariantName = "[No Variations]"
Add component (AddParameter): Name = "ComponentLink3Description"; Value = "Package Specification"; VariantName = "[No Variations]"
Add component (AddParameter): Name = "ComponentLink3URL"; Value = "http://www.onsemi.cn/pub_link/Collateral/59-10.PDF"; VariantName = "[No Variations]"
Add component (AddParameter): Name = "DatasheetVersion"; Value = "Rev. 13"; VariantName = "[No Variations]"
Add component (AddParameter): Name = "IFSM Max (A)"; Value = "30"; VariantName = "[No Variations]"
Add component (AddParameter): Name = "IO(rec) Max (A)"; Value = "1"; VariantName = "[No Variations]"
Add component (AddParameter): Name = "Manufacturer"; Value = "On Semiconductor"; VariantName = "[No Variations]"
Add component (AddParameter): Name = "Mounting Technology"; Value = "Through Hole"; VariantName = "[No Variations]"
Add component (AddParameter): Name = "PackageDescription"; Value = "2-Pin, Axial Lead, Diameter 2.35 mm"; VariantName = "[No Variations]"
Add component (AddParameter): Name = "PackageReference"; Value = "AXIAL_LEAD-2-59-10"; VariantName = "[No Variations]"
Add component (AddParameter): Name = "PackageVersion"; Value = "Rev. U, 02/2005"; VariantName = "[No Variations]"
Add component (AddParameter): Name = "Packing"; Value = "Tape and Reel"; VariantName = "[No Variations]"
Add component (AddParameter): Name = "PartNumber"; Value = "1N4007RLG"; VariantName = "[No Variations]"
Add component (AddParameter): Name = "RoHS"; Value = "TRUE"; VariantName = "[No Variations]"
Add component (AddParameter): Name = "Type"; Value = "Standard Recovery"; VariantName = "[No Variations]"
Add component (AddParameter): Name = "VRRM Max (V)"; Value = "1000"; VariantName = "[No Variations]"
Added Pin To Net: NetName=+12 Pin=D?-1
Added Pin To Net: NetName=+12 Pin=D?-1
Added Pin To Net: NetName=Net*_1 Pin=D?-1
Added Pin To Net: NetName=ALARM Pin=D?-2
Added Pin To Net: NetName=LOCK Pin=D?-2
Added Pin To Net: NetName=VCC Pin=D?-2
Added Member To Class: ClassName=Sheet2 Member=Component D? 1N4007RLG
Added Member To Class: ClassName=Sheet2 Member=Component D? 1N4007RLG
Added Member To Class: ClassName=Sheet2 Member=Component D? 1N4007RLG
Added Member To Class: ClassName=Sheet2 Member=Component D? 1N4007RLG
Added Member To Class: ClassName=Sheet2 Member=Component U? ULN2003A
Added Room: Name=Sheet2
