Removed Member From Class: ClassName=Sheet2 Member=c10
Removed Member From Class: ClassName=Sheet2 Member=c11
Removed Member From Class: ClassName=Sheet2 Member=U?
Change Component Designator: OldDesignator=* NewDesignator=*1
Change Component Designator: OldDesignator=+12v NewDesignator=+1
Change Component Designator: OldDesignator=ACIN NewDesignator=ACIN1
Change Component Designator: OldDesignator=BRIDGE NewDesignator=BRIDGE1
Change Component Designator: OldDesignator=C3 NewDesignator=C6
Change Component Designator: OldDesignator=C4 NewDesignator=C7
Change Component Designator: OldDesignator=c10 NewDesignator=c3
Change Component Designator: OldDesignator=c11 NewDesignator=c4
Change Component Designator: OldDesignator=c12 NewDesignator=c5
Change Component Designator: OldDesignator=CN? NewDesignator=CN1
Change Component Designator: OldDesignator=D2 NewDesignator=D3
Change Component Designator: OldDesignator=D3 NewDesignator=D2
Change Component Designator: OldDesignator=LOCKIN NewDesignator=LOCKIN1
Change Component Designator: OldDesignator=PROGRAMER NewDesignator=PROGRAMER1
Change Component Designator: OldDesignator=Q? NewDesignator=Q1
Change Component Designator: OldDesignator=R1 NewDesignator=R4
Change Component Designator: OldDesignator=R2 NewDesignator=R1
Change Component Designator: OldDesignator=R3 NewDesignator=R2
Change Component Designator: OldDesignator=R4 NewDesignator=R3
Change Component Designator: OldDesignator=R5 NewDesignator=R6
Change Component Designator: OldDesignator=R6 NewDesignator=R7
Change Component Designator: OldDesignator=R7 NewDesignator=R8
Change Component Designator: OldDesignator=R8 NewDesignator=R5
Change Component Designator: OldDesignator=RC522 NewDesignator=RC1
Change Component Designator: OldDesignator=REMOTE NewDesignator=REMOTE1
Change Component Designator: OldDesignator=reset NewDesignator=reset1
Change Component Designator: OldDesignator=rs485 NewDesignator=rs1
Change Component Designator: OldDesignator=U2 NewDesignator=U3
Change Component Designator: OldDesignator=U4 NewDesignator=U2
Change Component Designator: OldDesignator=U? NewDesignator=U4
Change Component Designator: OldDesignator=U? NewDesignator=U5
Change Component Designator: OldDesignator=XTAL NewDesignator=XTAL1
Change Net Name : Old Net Name=NetACIN_1 New Net Name=NetACIN1_1
Change Net Name : Old Net Name=NetBRIDGE_1 New Net Name=NetBRIDGE1_1
Change Net Name : Old Net Name=NetBRIDGE_2 New Net Name=NetBRIDGE1_2
Change Net Name : Old Net Name=NetBRIDGE_3 New Net Name=NetBRIDGE1_3
Change Net Name : Old Net Name=NetBRIDGE_4 New Net Name=NetBRIDGE1_4
Change Net Name : Old Net Name=NetD2_1 New Net Name=NetD3_1
Change Net Name : Old Net Name=NetQ?_2 New Net Name=NetQ1_2
Change Net Name : Old Net Name=NetR6_1 New Net Name=NetR7_1
Change Net Name : Old Net Name=NetR6_2 New Net Name=NetR7_2
Change Net Name : Old Net Name=NetR7_1 New Net Name=NetR8_1
Change Net Name : Old Net Name=NetR7_2 New Net Name=NetR8_2
Added Member To Class: ClassName=Sheet2 Member=Component C6 33PF
Added Member To Class: ClassName=Sheet2 Member=Component C7 33PF
Added Member To Class: ClassName=Sheet2 Member=Component U3 ATmega16
Added Member To Class: ClassName=Sheet2 Member=Component U5 MAX485
Added Room: Name=Sheet2
