Change Component Designator: Old Designator=* New Designator=*1
Change Component Designator: Old Designator=+12v New Designator=+1
Change Component Designator: Old Designator=ACIN New Designator=ACIN1
Change Component Designator: Old Designator=BRIDGE New Designator=BRIDGE1
Change Component Designator: Old Designator=C3 New Designator=C6
Change Component Designator: Old Designator=C4 New Designator=C7
Change Component Designator: Old Designator=c10 New Designator=c3
Change Component Designator: Old Designator=c11 New Designator=c4
Change Component Designator: Old Designator=c12 New Designator=c5
Change Component Designator: Old Designator=CN? New Designator=CN1
Change Component Designator: Old Designator=D2 New Designator=D3
Change Component Designator: Old Designator=D3 New Designator=D2
Change Component Designator: Old Designator=LOCKIN New Designator=LOCKIN1
Change Component Designator: Old Designator=PROGRAMER New Designator=PROGRAMER1
Change Component Designator: Old Designator=Q? New Designator=Q1
Change Component Designator: Old Designator=R1 New Designator=R4
Change Component Designator: Old Designator=R2 New Designator=R1
Change Component Designator: Old Designator=R3 New Designator=R2
Change Component Designator: Old Designator=R4 New Designator=R3
Change Component Designator: Old Designator=R5 New Designator=R6
Change Component Designator: Old Designator=R6 New Designator=R7
Change Component Designator: Old Designator=R7 New Designator=R8
Change Component Designator: Old Designator=R8 New Designator=R5
Change Component Designator: Old Designator=RC522 New Designator=RC1
Change Component Designator: Old Designator=REMOTE New Designator=REMOTE1
Change Component Designator: Old Designator=reset New Designator=reset1
Change Component Designator: Old Designator=rs485 New Designator=rs1
Change Component Designator: Old Designator=U2 New Designator=U3
Change Component Designator: Old Designator=U4 New Designator=U2
Change Component Designator: Old Designator=U? New Designator=U4
Change Component Designator: Old Designator=U? New Designator=U5
Change Component Designator: Old Designator=XTAL New Designator=XTAL1
