Removed Pin From Net: NetName=out1 Pin=button-1
Removed Pin From Net: NetName=out2 Pin=button-2
Removed Pin From Net: NetName=out3 Pin=button-3
Removed Pin From Net: NetName=out1 Pin=R4-1
Removed Pin From Net: NetName=out2 Pin=R5-1
Removed Pin From Net: NetName=out3 Pin=R6-1
Added Pin To Net: NetName=mosi Pin=R13-1
Added Pin To Net: NetName=miso Pin=R14-1
Added Pin To Net: NetName=miso Pin=sensor-1
Added Pin To Net: NetName=mosi Pin=sensor-2
Added Pin To Net: NetName=key1 Pin=button-1
Added Pin To Net: NetName=key1 Pin=R4-1
Added Pin To Net: NetName=key1 Pin=U?-14
Added Net: Name=key1
Added Pin To Net: NetName=key2 Pin=button-2
Added Pin To Net: NetName=key2 Pin=R5-1
Added Pin To Net: NetName=key2 Pin=U?-15
Added Net: Name=key2
Added Pin To Net: NetName=key3 Pin=button-3
Added Pin To Net: NetName=key3 Pin=R6-1
Added Pin To Net: NetName=key3 Pin=U?-16
Added Net: Name=key3
Added Room: Name=Sheet1
