Removed Member From Class: ClassName=Sheet1 Member=out1
Removed Member From Class: ClassName=Sheet1 Member=out2
Removed Member From Class: ClassName=Sheet1 Member=out3
Added Component: Designator=out(phonix 6)
Added Pin To Net: NetName=Netout_1 Pin=out-1
Added Pin To Net: NetName=Netout_1 Pin=relay1-1
Added Net: Name=Netout_1
Added Pin To Net: NetName=Netout_2 Pin=out-2
Added Pin To Net: NetName=Netout_2 Pin=relay1-3
Added Net: Name=Netout_2
Added Pin To Net: NetName=Netout_3 Pin=out-3
Added Pin To Net: NetName=Netout_3 Pin=relay2-1
Added Net: Name=Netout_3
Added Pin To Net: NetName=Netout_4 Pin=out-4
Added Pin To Net: NetName=Netout_4 Pin=relay2-3
Added Net: Name=Netout_4
Added Pin To Net: NetName=Netout_5 Pin=out-5
Added Pin To Net: NetName=Netout_5 Pin=relay3-1
Added Net: Name=Netout_5
Added Pin To Net: NetName=Netout_6 Pin=out-6
Added Pin To Net: NetName=Netout_6 Pin=relay3-3
Added Net: Name=Netout_6
Added Member To Class: ClassName=Sheet1 Member=Component out PHOENIX 6
Added Room: Name=Sheet1
