Added Component: Designator=*(BATT SMD)
Added Component: Designator=7segment(HDR1X4)
Add component (AddParameter): Name = "LatestRevisionDate"; Value = "17-Jul-2002"; VariantName = "[No Variations]"
Add component (AddParameter): Name = "LatestRevisionNote"; Value = "Re-released for DXP Platform."; VariantName = "[No Variations]"
Add component (AddParameter): Name = "Publisher"; Value = "Altium Limited"; VariantName = "[No Variations]"
Added Component: Designator=C1(Cap electrolitic radial 18x26)
Add component (AddParameter): Name = "Data"; Value = "16-12-2016"; VariantName = "[No Variations]"
Add component (AddParameter): Name = "Designer"; Value = "Abbas Basereh"; VariantName = "[No Variations]"
Add component (AddParameter): Name = "Link"; Value = ""; VariantName = "[No Variations]"
Add component (AddParameter): Name = "Manufacturer"; Value = ""; VariantName = "[No Variations]"
Add component (AddParameter): Name = "Part. No"; Value = ""; VariantName = "[No Variations]"
Add component (AddParameter): Name = "Value"; Value = "3300uF25V"; VariantName = "[No Variations]"
Added Component: Designator=C2(Cap electrolitic radial 18x26)
Add component (AddParameter): Name = "Data"; Value = "16-12-2016"; VariantName = "[No Variations]"
Add component (AddParameter): Name = "Designer"; Value = "Abbas Basereh"; VariantName = "[No Variations]"
Add component (AddParameter): Name = "Link"; Value = ""; VariantName = "[No Variations]"
Add component (AddParameter): Name = "Manufacturer"; Value = ""; VariantName = "[No Variations]"
Add component (AddParameter): Name = "Part. No"; Value = ""; VariantName = "[No Variations]"
Add component (AddParameter): Name = "Value"; Value = "3300uF25V"; VariantName = "[No Variations]"
Added Component: Designator=C3(Cap electrolitic radial 18x26)
Add component (AddParameter): Name = "Data"; Value = "16-12-2016"; VariantName = "[No Variations]"
Add component (AddParameter): Name = "Designer"; Value = "Abbas Basereh"; VariantName = "[No Variations]"
Add component (AddParameter): Name = "Link"; Value = ""; VariantName = "[No Variations]"
Add component (AddParameter): Name = "Manufacturer"; Value = ""; VariantName = "[No Variations]"
Add component (AddParameter): Name = "Part. No"; Value = ""; VariantName = "[No Variations]"
Add component (AddParameter): Name = "Value"; Value = "3300uF25V"; VariantName = "[No Variations]"
Added Component: Designator=crystal(FOX-FOXSLF160-20)
Add component (AddParameter): Name = "Case\Package"; Value = "Axial"; VariantName = "[No Variations]"
Add component (AddParameter): Name = "ComponentLink1Description"; Value = "Manufacturer URL"; VariantName = "[No Variations]"
Add component (AddParameter): Name = "ComponentLink1URL"; Value = "http://www.foxonline.com/"; VariantName = "[No Variations]"
Add component (AddParameter): Name = "ComponentLink2Description"; Value = "Datasheet"; VariantName = "[No Variations]"
Add component (AddParameter): Name = "ComponentLink2URL"; Value = "http://www.foxonline.com/pdfs/hc49slf.pdf"; VariantName = "[No Variations]"
Add component (AddParameter): Name = "DatasheetVersion"; Value = "Mar-15"; VariantName = "[No Variations]"
Add component (AddParameter): Name = "Length"; Value = "0.248 inch"; VariantName = "[No Variations]"
Add component (AddParameter): Name = "Max Operating Temperature"; Value = "155 degC"; VariantName = "[No Variations]"
Add component (AddParameter): Name = "Min Operating Temperature"; Value = "-55 degC"; VariantName = "[No Variations]"
Add component (AddParameter): Name = "Mount"; Value = "Through Hole"; VariantName = "[No Variations]"
Add component (AddParameter): Name = "Package Quantity"; Value = "200"; VariantName = "[No Variations]"
Add component (AddParameter): Name = "PackageDescription"; Value = "2-Pin Through Hole Device, Body 11.35 x 4.65 mm"; VariantName = "[No Variations]"
Add component (AddParameter): Name = "PackageReference"; Value = "FOXSLF160-20"; VariantName = "[No Variations]"
Add component (AddParameter): Name = "Packaging"; Value = "Bulk"; VariantName = "[No Variations]"
Add component (AddParameter): Name = "Power Rating"; Value = "250 mW"; VariantName = "[No Variations]"
Add component (AddParameter): Name = "Resistance"; Value = "221 kohm"; VariantName = "[No Variations]"
Add component (AddParameter): Name = "RoHSCompliant"; Value = "true"; VariantName = "[No Variations]"
Add component (AddParameter): Name = "Tolerance"; Value = "1%"; VariantName = "[No Variations]"
Add component (AddParameter): Name = "Voltage Rating"; Value = "250 V"; VariantName = "[No Variations]"
Added Component: Designator=crystal(ABRA-AB26T)
Add component (AddParameter): Name = "Brand"; Value = "ABRACON"; VariantName = "[No Variations]"
Add component (AddParameter): Name = "Case Diameter"; Value = "2.1mm"; VariantName = "[No Variations]"
Add component (AddParameter): Name = "Case Length"; Value = "6.2mm"; VariantName = "[No Variations]"
Add component (AddParameter): Name = "Datasheet URL"; Value = "http://www.abracon.com/Resonators/AB26T.pdf"; VariantName = "[No Variations]"
Add component (AddParameter): Name = "Datasheet Version"; Value = "06/2010"; VariantName = "[No Variations]"
Add component (AddParameter): Name = "Dimensions"; Value = "2.1mmDia.x6.2mmL"; VariantName = "[No Variations]"
Add component (AddParameter): Name = "ESR"; Value = "35kOhms"; VariantName = "[No Variations]"
Add component (AddParameter): Name = "Factory Pack Quantity"; Value = "500"; VariantName = "[No Variations]"
Add component (AddParameter): Name = "Frequency"; Value = "32.768kHz"; VariantName = "[No Variations]"
Add component (AddParameter): Name = "Frequency Stability"; Value = "-0.034PPM"; VariantName = "[No Variations]"
Add component (AddParameter): Name = "Lead Spacing"; Value = "0.8mm"; VariantName = "[No Variations]"
Add component (AddParameter): Name = "Load Capacitance"; Value = "12.5pF"; VariantName = "[No Variations]"
Add component (AddParameter): Name = "Manufacturer"; Value = "ABRACON"; VariantName = "[No Variations]"
Add component (AddParameter): Name = "Manufacturer URL"; Value = "http://www.abracon.com/"; VariantName = "[No Variations]"
Add component (AddParameter): Name = "Mounting Style"; Value = "ThroughHole"; VariantName = "[No Variations]"
Add component (AddParameter): Name = "Mounting Technology"; Value = "ThroughHole"; VariantName = "[No Variations]"
Add component (AddParameter): Name = "Operating Temperature Range"; Value = "-10Cto+60C"; VariantName = "[No Variations]"
Add component (AddParameter): Name = "Package / Case"; Value = "Cylinder"; VariantName = "[No Variations]"
Add component (AddParameter): Name = "Package Description"; Value = "2-Pin Through Hole Device, Dia 2.1 mm, Body Length 6.2 mm"; VariantName = "[No Variations]"
Add component (AddParameter): Name = "Package Reference"; Value = "AB26T"; VariantName = "[No Variations]"
Add component (AddParameter): Name = "Package URL"; Value = "http://www.abracon.com/Support/PackageDrawing/Resonators/AB26T.PDF"; VariantName = "[No Variations]"
Add component (AddParameter): Name = "Packaging"; Value = "Bulk"; VariantName = "[No Variations]"
Add component (AddParameter): Name = "Product Category"; Value = "Crystals"; VariantName = "[No Variations]"
Add component (AddParameter): Name = "RoHS"; Value = "Details"; VariantName = "[No Variations]"
Add component (AddParameter): Name = "Series"; Value = "AB26T"; VariantName = "[No Variations]"
Add component (AddParameter): Name = "Termination Style"; Value = "Radial"; VariantName = "[No Variations]"
Add component (AddParameter): Name = "Tolerance"; Value = "20PPM"; VariantName = "[No Variations]"
Add component (AddParameter): Name = "Type"; Value = "WatchCrystal"; VariantName = "[No Variations]"
Added Component: Designator=D1(DIOM4629X24N)
Add component (AddParameter): Name = "Data"; Value = "16-12-2016"; VariantName = "[No Variations]"
Add component (AddParameter): Name = "Designer"; Value = "Abbas Basereh"; VariantName = "[No Variations]"
Add component (AddParameter): Name = "Link"; Value = "http://www.tme.eu/en/details/m7/smd-universal-diodes/dc-components/"; VariantName = "[No Variations]"
Add component (AddParameter): Name = "Manufacturer"; Value = "DC COMPONENTS"; VariantName = "[No Variations]"
Add component (AddParameter): Name = "Part. No"; Value = "M7"; VariantName = "[No Variations]"
Added Component: Designator=IC?(TO-252)
Added Component: Designator=out1(KF301 2PIN)
Add component (AddParameter): Name = "Designer"; Value = "Abbas Basereh"; VariantName = "[No Variations]"
Add component (AddParameter): Name = "Link"; Value = "https://www.aliexpress.com/item/"; VariantName = "[No Variations]"
Add component (AddParameter): Name = "Manufacturer"; Value = ""; VariantName = "[No Variations]"
Add component (AddParameter): Name = "Part. No"; Value = "KF301 2P"; VariantName = "[No Variations]"
Added Component: Designator=out2(KF301 2PIN)
Add component (AddParameter): Name = "Designer"; Value = "Abbas Basereh"; VariantName = "[No Variations]"
Add component (AddParameter): Name = "Link"; Value = "https://www.aliexpress.com/item/"; VariantName = "[No Variations]"
Add component (AddParameter): Name = "Manufacturer"; Value = ""; VariantName = "[No Variations]"
Add component (AddParameter): Name = "Part. No"; Value = "KF301 2P"; VariantName = "[No Variations]"
Added Component: Designator=out3(KF301 2PIN)
Add component (AddParameter): Name = "Designer"; Value = "Abbas Basereh"; VariantName = "[No Variations]"
Add component (AddParameter): Name = "Link"; Value = "https://www.aliexpress.com/item/"; VariantName = "[No Variations]"
Add component (AddParameter): Name = "Manufacturer"; Value = ""; VariantName = "[No Variations]"
Add component (AddParameter): Name = "Part. No"; Value = "KF301 2P"; VariantName = "[No Variations]"
Added Component: Designator=Programmer(HDR1X6)
Add component (AddParameter): Name = "LatestRevisionDate"; Value = "17-Jul-2002"; VariantName = "[No Variations]"
Add component (AddParameter): Name = "LatestRevisionNote"; Value = "Re-released for DXP Platform."; VariantName = "[No Variations]"
Add component (AddParameter): Name = "Publisher"; Value = "Altium Limited"; VariantName = "[No Variations]"
Added Component: Designator=R1(Axial 0_5W 5_0mm)
Add component (AddParameter): Name = "Data"; Value = "4-1-2017"; VariantName = "[No Variations]"
Add component (AddParameter): Name = "Desc."; Value = "RES Axial 0.5W"; VariantName = "[No Variations]"
Add component (AddParameter): Name = "Designer"; Value = "Abbas Basereh"; VariantName = "[No Variations]"
Added Component: Designator=R2(Axial 0_5W 5_0mm)
Add component (AddParameter): Name = "Data"; Value = "4-1-2017"; VariantName = "[No Variations]"
Add component (AddParameter): Name = "Desc."; Value = "RES Axial 0.5W"; VariantName = "[No Variations]"
Add component (AddParameter): Name = "Designer"; Value = "Abbas Basereh"; VariantName = "[No Variations]"
Added Component: Designator=R3(Axial 0_5W 5_0mm)
Add component (AddParameter): Name = "Data"; Value = "4-1-2017"; VariantName = "[No Variations]"
Add component (AddParameter): Name = "Desc."; Value = "RES Axial 0.5W"; VariantName = "[No Variations]"
Add component (AddParameter): Name = "Designer"; Value = "Abbas Basereh"; VariantName = "[No Variations]"
Added Component: Designator=relay1(Relay 18.85x15.35x15.70)
Add component (AddParameter): Name = "Category"; Value = ""; VariantName = "[No Variations]"
Add component (AddParameter): Name = "Company"; Value = ""; VariantName = "[No Variations]"
Add component (AddParameter): Name = "ComponentLink1Description"; Value = "Datasheet"; VariantName = "[No Variations]"
Add component (AddParameter): Name = "ComponentLink1URL"; Value = ""; VariantName = "[No Variations]"
Add component (AddParameter): Name = "Designer"; Value = "Abbas Basereh"; VariantName = "[No Variations]"
Add component (AddParameter): Name = "HelpURL"; Value = ""; VariantName = "[No Variations]"
Add component (AddParameter): Name = "Mounting Technology"; Value = "Through-Hole"; VariantName = "[No Variations]"
Add component (AddParameter): Name = "PackageDescription"; Value = ""; VariantName = "[No Variations]"
Add component (AddParameter): Name = "PackageReference"; Value = ""; VariantName = "[No Variations]"
Add component (AddParameter): Name = "Pin Count"; Value = "0"; VariantName = "[No Variations]"
Add component (AddParameter): Name = "Update Date"; Value = "2017-3-1"; VariantName = "[No Variations]"
Add component (AddParameter): Name = "Value"; Value = ""; VariantName = "[No Variations]"
Add component (AddParameter): Name = "Voltage"; Value = ""; VariantName = "[No Variations]"
Added Component: Designator=relay2(Relay 18.85x15.35x15.70)
Add component (AddParameter): Name = "Category"; Value = ""; VariantName = "[No Variations]"
Add component (AddParameter): Name = "Company"; Value = ""; VariantName = "[No Variations]"
Add component (AddParameter): Name = "ComponentLink1Description"; Value = "Datasheet"; VariantName = "[No Variations]"
Add component (AddParameter): Name = "ComponentLink1URL"; Value = ""; VariantName = "[No Variations]"
Add component (AddParameter): Name = "Designer"; Value = "Abbas Basereh"; VariantName = "[No Variations]"
Add component (AddParameter): Name = "HelpURL"; Value = ""; VariantName = "[No Variations]"
Add component (AddParameter): Name = "Mounting Technology"; Value = "Through-Hole"; VariantName = "[No Variations]"
Add component (AddParameter): Name = "PackageDescription"; Value = ""; VariantName = "[No Variations]"
Add component (AddParameter): Name = "PackageReference"; Value = ""; VariantName = "[No Variations]"
Add component (AddParameter): Name = "Pin Count"; Value = "0"; VariantName = "[No Variations]"
Add component (AddParameter): Name = "Update Date"; Value = "2017-3-1"; VariantName = "[No Variations]"
Add component (AddParameter): Name = "Value"; Value = ""; VariantName = "[No Variations]"
Add component (AddParameter): Name = "Voltage"; Value = ""; VariantName = "[No Variations]"
Added Component: Designator=relay3(Relay 18.85x15.35x15.70)
Add component (AddParameter): Name = "Category"; Value = ""; VariantName = "[No Variations]"
Add component (AddParameter): Name = "Company"; Value = ""; VariantName = "[No Variations]"
Add component (AddParameter): Name = "ComponentLink1Description"; Value = "Datasheet"; VariantName = "[No Variations]"
Add component (AddParameter): Name = "ComponentLink1URL"; Value = ""; VariantName = "[No Variations]"
Add component (AddParameter): Name = "Designer"; Value = "Abbas Basereh"; VariantName = "[No Variations]"
Add component (AddParameter): Name = "HelpURL"; Value = ""; VariantName = "[No Variations]"
Add component (AddParameter): Name = "Mounting Technology"; Value = "Through-Hole"; VariantName = "[No Variations]"
Add component (AddParameter): Name = "PackageDescription"; Value = ""; VariantName = "[No Variations]"
Add component (AddParameter): Name = "PackageReference"; Value = ""; VariantName = "[No Variations]"
Add component (AddParameter): Name = "Pin Count"; Value = "0"; VariantName = "[No Variations]"
Add component (AddParameter): Name = "Update Date"; Value = "2017-3-1"; VariantName = "[No Variations]"
Add component (AddParameter): Name = "Value"; Value = ""; VariantName = "[No Variations]"
Add component (AddParameter): Name = "Voltage"; Value = ""; VariantName = "[No Variations]"
Added Component: Designator=remote(HDR1X4)
Add component (AddParameter): Name = "LatestRevisionDate"; Value = "17-Jul-2002"; VariantName = "[No Variations]"
Add component (AddParameter): Name = "LatestRevisionNote"; Value = "Re-released for DXP Platform."; VariantName = "[No Variations]"
Add component (AddParameter): Name = "Publisher"; Value = "Altium Limited"; VariantName = "[No Variations]"
Added Component: Designator=Sim800(SIM800L_L250W236H60)
Add component (AddParameter): Name = "Publisher"; Value = "3DFootprint.ir"; VariantName = "[No Variations]"
Added Component: Designator=temp(KF301 3PIN)
Add component (AddParameter): Name = "Designer"; Value = "Abbas Basereh"; VariantName = "[No Variations]"
Add component (AddParameter): Name = "Link"; Value = "https://www.aliexpress.com/item/"; VariantName = "[No Variations]"
Add component (AddParameter): Name = "Manufacturer"; Value = ""; VariantName = "[No Variations]"
Add component (AddParameter): Name = "Part. No"; Value = "KF301 3P"; VariantName = "[No Variations]"
Added Component: Designator=U?(N0016A)
Add component (AddParameter): Name = "Category"; Value = "DarlingtonBJT"; VariantName = "[No Variations]"
Add component (AddParameter): Name = "Configuration"; Value = "Array7"; VariantName = "[No Variations]"
Add component (AddParameter): Name = "Datasheet URL"; Value = "http://www.ti.com/general/docs/lit/getliterature.tsp?genericPartNumber=uln2003a&fileType=pdf"; VariantName = "[No Variations]"
Add component (AddParameter): Name = "Datasheet Version"; Value = "Rev. O, 01/2016"; VariantName = "[No Variations]"
Add component (AddParameter): Name = "Manufacturer"; Value = "TexasInstruments"; VariantName = "[No Variations]"
Add component (AddParameter): Name = "Manufacturer URL"; Value = "http://www.ti.com/"; VariantName = "[No Variations]"
Add component (AddParameter): Name = "Maximum Collector Emitter Saturation Voltage"; Value = "1.1@100mA"; VariantName = "[No Variations]"
Add component (AddParameter): Name = "Maximum Collector Emitter Voltage"; Value = "50V"; VariantName = "[No Variations]"
Add component (AddParameter): Name = "Mounting"; Value = "ThroughHole"; VariantName = "[No Variations]"
Add component (AddParameter): Name = "Mounting Technology"; Value = "ThroughHole"; VariantName = "[No Variations]"
Add component (AddParameter): Name = "Package"; Value = "16PDIP"; VariantName = "[No Variations]"
Add component (AddParameter): Name = "Package Description"; Value = "16-Pin Plastic In-Line, Body 19.305 x 6.35 mm, Pitch 2.54 mm"; VariantName = "[No Variations]"
Add component (AddParameter): Name = "Package Reference"; Value = "N16"; VariantName = "[No Variations]"
Add component (AddParameter): Name = "Package URL"; Value = "http://www.ti.com/litv/pdf/mpdi002c"; VariantName = "[No Variations]"
Add component (AddParameter): Name = "Package Version"; Value = "4040049/E, 12/2002"; VariantName = "[No Variations]"
Add component (AddParameter): Name = "Packaging"; Value = "Rail/Tube"; VariantName = "[No Variations]"
Add component (AddParameter): Name = "Peak DC Collector Current"; Value = "0.5A"; VariantName = "[No Variations]"
Add component (AddParameter): Name = "Rad Hard"; Value = "No"; VariantName = "[No Variations]"
Add component (AddParameter): Name = "Type"; Value = "NPN"; VariantName = "[No Variations]"
Added Component: Designator=U?(DIP8)
Add component (AddParameter): Name = "Datasheet"; Value = "Latest Revision: 10-Aug-1999"; VariantName = "[No Variations]"
Add component (AddParameter): Name = "Package Information"; Value = "Latest Revision: 1999"; VariantName = "[No Variations]"
Add component (AddParameter): Name = "Package Reference"; Value = "DIP8"; VariantName = "[No Variations]"
Add component (AddParameter): Name = "Published"; Value = "13-Oct-2000"; VariantName = "[No Variations]"
Add component (AddParameter): Name = "Publisher"; Value = "Altium Limited"; VariantName = "[No Variations]"
Add component (AddParameter): Name = "Revision"; Value = "17-Jul-2002: Re-released for DXP Platform."; VariantName = "[No Variations]"
Added Component: Designator=U?(TQFP32_N)
Add component (AddParameter): Name = "Code_JEDEC"; Value = "MS-026-ABA"; VariantName = "[No Variations]"
Add component (AddParameter): Name = "ComponentLink1Description"; Value = "Manufacturer Link"; VariantName = "[No Variations]"
Add component (AddParameter): Name = "ComponentLink1URL"; Value = "http://www.atmel.com/products/avr/default.asp?"; VariantName = "[No Variations]"
Add component (AddParameter): Name = "ComponentLink2Description"; Value = "ATmega8A Datasheet"; VariantName = "[No Variations]"
Add component (AddParameter): Name = "ComponentLink2URL"; Value = "http://www.atmel.com/dyn/resources/prod_documents/doc8159.pdf"; VariantName = "[No Variations]"
Add component (AddParameter): Name = "ComponentLink3Description"; Value = "ATmega8A Summary"; VariantName = "[No Variations]"
Add component (AddParameter): Name = "ComponentLink3URL"; Value = "http://www.atmel.com/dyn/resources/prod_documents/8159S.pdf"; VariantName = "[No Variations]"
Add component (AddParameter): Name = "ComponentLink4Description"; Value = "Atmel.com Home"; VariantName = "[No Variations]"
Add component (AddParameter): Name = "ComponentLink4URL"; Value = "http://www.atmel.com"; VariantName = "[No Variations]"
Add component (AddParameter): Name = "DatasheetVersion"; Value = "revC, Jul-2009"; VariantName = "[No Variations]"
Add component (AddParameter): Name = "PackageDescription"; Value = "32-Lead, 7x7x1.0 mm Body, 0.8mm Lead Pitch, Thin Profile Plastic Quad Flat Package (TQFP)"; VariantName = "[No Variations]"
Add component (AddParameter): Name = "PackageReference"; Value = "32A"; VariantName = "[No Variations]"
Add component (AddParameter): Name = "PackageVersion"; Value = "revB, Oct-2001"; VariantName = "[No Variations]"
Add component (AddParameter): Name = "Published"; Value = "1-Apr-2010"; VariantName = "[No Variations]"
Add component (AddParameter): Name = "Publisher"; Value = "Altium Limited"; VariantName = "[No Variations]"
Add component (AddParameter): Name = "Supplier 1"; Value = "Digi-Key"; VariantName = "[No Variations]"
Add component (AddParameter): Name = "Supplier 2"; Value = "Farnell"; VariantName = "[No Variations]"
Add component (AddParameter): Name = "Supplier 3"; Value = "Mouser"; VariantName = "[No Variations]"
Add component (AddParameter): Name = "Supplier Part Number 1"; Value = "ATMEGA8A-AU-ND"; VariantName = "[No Variations]"
Add component (AddParameter): Name = "Supplier Part Number 2"; Value = "1748532"; VariantName = "[No Variations]"
Add component (AddParameter): Name = "Supplier Part Number 3"; Value = "556-ATMEGA8A-AU"; VariantName = "[No Variations]"
Added Component: Designator=U?(PDIP300-P8)
Add component (AddParameter): Name = "Code_JEDEC"; Value = "MS-001"; VariantName = "[No Variations]"
Add component (AddParameter): Name = "DatasheetVersion"; Value = "revJ, Aug-2008"; VariantName = "[No Variations]"
Add component (AddParameter): Name = "PackageDescription"; Value = "8-Lead Plastic Dual In-Line (P) - 300 mil Body [PDIP]"; VariantName = "[No Variations]"
Add component (AddParameter): Name = "PackageReference"; Value = "PDIP300-P8"; VariantName = "[No Variations]"
Add component (AddParameter): Name = "PackageVersion"; Value = "revBB, Aug-2009"; VariantName = "[No Variations]"
Added Component: Designator=Vdc(KF301 2PIN)
Add component (AddParameter): Name = "Designer"; Value = "Abbas Basereh"; VariantName = "[No Variations]"
Add component (AddParameter): Name = "Link"; Value = "https://www.aliexpress.com/item/"; VariantName = "[No Variations]"
Add component (AddParameter): Name = "Manufacturer"; Value = ""; VariantName = "[No Variations]"
Add component (AddParameter): Name = "Part. No"; Value = "KF301 2P"; VariantName = "[No Variations]"
Added Pin To Net: NetName=Net*_1 Pin=*-1
Added Pin To Net: NetName=GND Pin=*-2
Added Pin To Net: NetName=clk Pin=7segment-1
Added Pin To Net: NetName=dio Pin=7segment-2
Added Pin To Net: NetName=+5 Pin=7segment-3
Added Pin To Net: NetName=GND Pin=7segment-4
Added Pin To Net: NetName=+5 Pin=C1-1
Added Pin To Net: NetName=GND Pin=C1-2
Added Pin To Net: NetName=GND Pin=C1-2
Added Pin To Net: NetName=+5 Pin=C2-1
Added Pin To Net: NetName=GND Pin=C2-2
Added Pin To Net: NetName=GND Pin=C2-2
Added Pin To Net: NetName=+5 Pin=C3-1
Added Pin To Net: NetName=GND Pin=C3-2
Added Pin To Net: NetName=GND Pin=C3-2
Added Pin To Net: NetName=Netcrystal_1 Pin=crystal-1
Added Pin To Net: NetName=Netcrystal_2 Pin=crystal-2
Added Pin To Net: NetName=+5 Pin=D1-1
Added Pin To Net: NetName=+3.3v Pin=D1-2
Added Pin To Net: NetName=+12 Pin=IC?-1
Added Pin To Net: NetName=+5 Pin=IC?-3
Added Pin To Net: NetName=GND Pin=IC?-4
Added Pin To Net: NetName=Netout1_1 Pin=out1-1
Added Pin To Net: NetName=Netout1_2 Pin=out1-2
Added Pin To Net: NetName=Netout2_1 Pin=out2-1
Added Pin To Net: NetName=Netout2_2 Pin=out2-2
Added Pin To Net: NetName=Netout3_1 Pin=out3-1
Added Pin To Net: NetName=Netout3_2 Pin=out3-2
Added Pin To Net: NetName=mosi Pin=Programmer-1
Added Pin To Net: NetName=miso Pin=Programmer-2
Added Pin To Net: NetName=sck Pin=Programmer-3
Added Pin To Net: NetName=reset Pin=Programmer-4
Added Pin To Net: NetName=+5 Pin=Programmer-5
Added Pin To Net: NetName=GND Pin=Programmer-6
Added Pin To Net: NetName=+5 Pin=R1-1
Added Pin To Net: NetName=temp Pin=R1-2
Added Pin To Net: NetName=sda Pin=R2-1
Added Pin To Net: NetName=+5 Pin=R2-2
Added Pin To Net: NetName=scl Pin=R3-1
Added Pin To Net: NetName=+5 Pin=R3-2
Added Pin To Net: NetName=Netout1_1 Pin=relay1-1
Added Pin To Net: NetName=Netout1_2 Pin=relay1-3
Added Pin To Net: NetName=+12 Pin=relay1-4
Added Pin To Net: NetName=Netrelay1_5 Pin=relay1-5
Added Pin To Net: NetName=Netout2_1 Pin=relay2-1
Added Pin To Net: NetName=Netout2_2 Pin=relay2-3
Added Pin To Net: NetName=+12 Pin=relay2-4
Added Pin To Net: NetName=Netrelay2_5 Pin=relay2-5
Added Pin To Net: NetName=Netout3_1 Pin=relay3-1
Added Pin To Net: NetName=Netout3_2 Pin=relay3-3
Added Pin To Net: NetName=+12 Pin=relay3-4
Added Pin To Net: NetName=Netrelay3_5 Pin=relay3-5
Added Pin To Net: NetName=+5 Pin=remote-1
Added Pin To Net: NetName=remote Pin=remote-2
Added Pin To Net: NetName=remote Pin=remote-3
Added Pin To Net: NetName=GND Pin=remote-4
Added Pin To Net: NetName=+5 Pin=Sim800-2
Added Pin To Net: NetName=RST Pin=Sim800-3
Added Pin To Net: NetName=TX Pin=Sim800-4
Added Pin To Net: NetName=RX Pin=Sim800-5
Added Pin To Net: NetName=GND Pin=Sim800-6
Added Pin To Net: NetName=+5 Pin=temp-1
Added Pin To Net: NetName=temp Pin=temp-2
Added Pin To Net: NetName=GND Pin=temp-3
Added Pin To Net: NetName=GND Pin=U?-1
Added Pin To Net: NetName=Netcrystal_1 Pin=U?-1
Added Pin To Net: NetName=out1 Pin=U?-1
Added Pin To Net: NetName=out1 Pin=U?-1
Added Pin To Net: NetName=GND Pin=U?-2
Added Pin To Net: NetName=Netcrystal_2 Pin=U?-2
Added Pin To Net: NetName=out2 Pin=U?-2
Added Pin To Net: NetName=out2 Pin=U?-2
Added Pin To Net: NetName=GND Pin=U?-3
Added Pin To Net: NetName=GND Pin=U?-3
Added Pin To Net: NetName=Net*_1 Pin=U?-3
Added Pin To Net: NetName=out3 Pin=U?-3
Added Pin To Net: NetName=+5 Pin=U?-4
Added Pin To Net: NetName=GND Pin=U?-4
Added Pin To Net: NetName=GND Pin=U?-4
Added Pin To Net: NetName=GND Pin=U?-5
Added Pin To Net: NetName=sda Pin=U?-5
Added Pin To Net: NetName=sda Pin=U?-5
Added Pin To Net: NetName=+5 Pin=U?-6
Added Pin To Net: NetName=scl Pin=U?-6
Added Pin To Net: NetName=scl Pin=U?-6
Added Pin To Net: NetName=+5 Pin=U?-8
Added Pin To Net: NetName=+5 Pin=U?-8
Added Pin To Net: NetName=GND Pin=U?-8
Added Pin To Net: NetName=+12 Pin=U?-9
Added Pin To Net: NetName=out3 Pin=U?-9
Added Pin To Net: NetName=dio Pin=U?-10
Added Pin To Net: NetName=clk Pin=U?-11
Added Pin To Net: NetName=Netrelay3_5 Pin=U?-14
Added Pin To Net: NetName=mosi Pin=U?-15
Added Pin To Net: NetName=Netrelay2_5 Pin=U?-15
Added Pin To Net: NetName=miso Pin=U?-16
Added Pin To Net: NetName=Netrelay1_5 Pin=U?-16
Added Pin To Net: NetName=sck Pin=U?-17
Added Pin To Net: NetName=GND Pin=U?-21
Added Pin To Net: NetName=sda Pin=U?-27
Added Pin To Net: NetName=scl Pin=U?-28
Added Pin To Net: NetName=reset Pin=U?-29
Added Pin To Net: NetName=RX Pin=U?-30
Added Pin To Net: NetName=TX Pin=U?-31
Added Pin To Net: NetName=RST Pin=U?-32
Added Pin To Net: NetName=+12 Pin=Vdc-1
Added Pin To Net: NetName=GND Pin=Vdc-2
Added Member To Class: ClassName=Sheet1 Member=Component * BATTERY 3V 1220
Added Member To Class: ClassName=Sheet1 Member=Component 7segment Header 4
Added Member To Class: ClassName=Sheet1 Member=Component C1 Cap 18x26
Added Member To Class: ClassName=Sheet1 Member=Component C2 Cap 18x26
Added Member To Class: ClassName=Sheet1 Member=Component C3 Cap 18x26
Added Member To Class: ClassName=Sheet1 Member=Component crystal 11.0592MHZ
Added Member To Class: ClassName=Sheet1 Member=Component crystal 32.768KHZ
Added Member To Class: ClassName=Sheet1 Member=Component D1 1n4007
Added Member To Class: ClassName=Sheet1 Member=Component IC? L78M05
Added Member To Class: ClassName=Sheet1 Member=Component out1 KF301_Terminal
Added Member To Class: ClassName=Sheet1 Member=Component out2 KF301_Terminal
Added Member To Class: ClassName=Sheet1 Member=Component out3 KF301_Terminal
Added Member To Class: ClassName=Sheet1 Member=Component Programmer Header 6
Added Member To Class: ClassName=Sheet1 Member=Component R1 10K
Added Member To Class: ClassName=Sheet1 Member=Component R2 10K
Added Member To Class: ClassName=Sheet1 Member=Component R3 10K
Added Member To Class: ClassName=Sheet1 Member=Component relay1
Added Member To Class: ClassName=Sheet1 Member=Component relay2
Added Member To Class: ClassName=Sheet1 Member=Component relay3
Added Member To Class: ClassName=Sheet1 Member=Component remote Header 4
Added Member To Class: ClassName=Sheet1 Member=Component Sim800 SIM800L
Added Member To Class: ClassName=Sheet1 Member=Component temp KF301_Terminal
Added Member To Class: ClassName=Sheet1 Member=Component U? ULN2003AN
Added Member To Class: ClassName=Sheet1 Member=Component U? DS1307
Added Member To Class: ClassName=Sheet1 Member=Component U? ATmega8A-AU
Added Member To Class: ClassName=Sheet1 Member=Component U? 24C02C-I/P
Added Member To Class: ClassName=Sheet1 Member=Component Vdc KF301_Terminal
Added Room: Name=Sheet1
