Added Component: Designator=R4(Axial 0_5W 5_0mm)
Add component (AddParameter): Name = "Data"; Value = "4-1-2017"; VariantName = "[No Variations]"
Add component (AddParameter): Name = "Desc."; Value = "RES Axial 0.5W"; VariantName = "[No Variations]"
Add component (AddParameter): Name = "Designer"; Value = "Abbas Basereh"; VariantName = "[No Variations]"
Added Component: Designator=R5(Axial 0_5W 5_0mm)
Add component (AddParameter): Name = "Data"; Value = "4-1-2017"; VariantName = "[No Variations]"
Add component (AddParameter): Name = "Desc."; Value = "RES Axial 0.5W"; VariantName = "[No Variations]"
Add component (AddParameter): Name = "Designer"; Value = "Abbas Basereh"; VariantName = "[No Variations]"
Added Component: Designator=R6(Axial 0_5W 5_0mm)
Add component (AddParameter): Name = "Data"; Value = "4-1-2017"; VariantName = "[No Variations]"
Add component (AddParameter): Name = "Desc."; Value = "RES Axial 0.5W"; VariantName = "[No Variations]"
Add component (AddParameter): Name = "Designer"; Value = "Abbas Basereh"; VariantName = "[No Variations]"
Added Component: Designator=s1(Switch - Push to On)
Added Component: Designator=s2(Switch - Push to On)
Added Component: Designator=s3(Switch - Push to On)
Added Pin To Net: NetName=+5 Pin=R4-2
Added Pin To Net: NetName=+5 Pin=R5-2
Added Pin To Net: NetName=+5 Pin=R6-2
Added Pin To Net: NetName=GND Pin=s1-2
Added Pin To Net: NetName=GND Pin=s1-2
Added Pin To Net: NetName=GND Pin=s2-2
Added Pin To Net: NetName=GND Pin=s2-2
Added Pin To Net: NetName=GND Pin=s3-2
Added Pin To Net: NetName=GND Pin=s3-2
Added Pin To Net: NetName=NetR4_1 Pin=R4-1
Added Pin To Net: NetName=NetR4_1 Pin=s1-1
Added Pin To Net: NetName=NetR4_1 Pin=s1-1
Added Pin To Net: NetName=NetR4_1 Pin=U?-23
Added Net: Name=NetR4_1
Added Pin To Net: NetName=NetR5_1 Pin=R5-1
Added Pin To Net: NetName=NetR5_1 Pin=s2-1
Added Pin To Net: NetName=NetR5_1 Pin=s2-1
Added Pin To Net: NetName=NetR5_1 Pin=U?-24
Added Net: Name=NetR5_1
Added Pin To Net: NetName=NetR6_1 Pin=R6-1
Added Pin To Net: NetName=NetR6_1 Pin=s3-1
Added Pin To Net: NetName=NetR6_1 Pin=s3-1
Added Pin To Net: NetName=NetR6_1 Pin=U?-25
Added Net: Name=NetR6_1
Added Member To Class: ClassName=Sheet1 Member=Component C1 Cap 10x21
Added Member To Class: ClassName=Sheet1 Member=Component C2 Cap 10x21
Added Member To Class: ClassName=Sheet1 Member=Component C3 Cap 10x21
Added Member To Class: ClassName=Sheet1 Member=Component R4 10K
Added Member To Class: ClassName=Sheet1 Member=Component R5 10K
Added Member To Class: ClassName=Sheet1 Member=Component R6 10K
Added Member To Class: ClassName=Sheet1 Member=Component s1 Switch PB
Added Member To Class: ClassName=Sheet1 Member=Component s2 Switch PB
Added Member To Class: ClassName=Sheet1 Member=Component s3 Switch PB
Added Member To Class: ClassName=Sheet1 Member=Component U? 24C02C-I/P
Added Member To Class: ClassName=Sheet1 Member=Component U? DS1307
Added Member To Class: ClassName=Sheet1 Member=Component U? ATmega8A-AU
Added Room: Name=Sheet1
