Added Component: Designator=ATmega8(TQFP32_N)
Add component (AddParameter): Name = "Code_JEDEC"; Value = "MS-026-ABA"; VariantName = "[No Variations]"
Add component (AddParameter): Name = "ComponentLink1Description"; Value = "Manufacturer Link"; VariantName = "[No Variations]"
Add component (AddParameter): Name = "ComponentLink1URL"; Value = "http://www.atmel.com/products/avr/default.asp?"; VariantName = "[No Variations]"
Add component (AddParameter): Name = "ComponentLink2Description"; Value = "ATmega8A Datasheet"; VariantName = "[No Variations]"
Add component (AddParameter): Name = "ComponentLink2URL"; Value = "http://www.atmel.com/dyn/resources/prod_documents/doc8159.pdf"; VariantName = "[No Variations]"
Add component (AddParameter): Name = "ComponentLink3Description"; Value = "ATmega8A Summary"; VariantName = "[No Variations]"
Add component (AddParameter): Name = "ComponentLink3URL"; Value = "http://www.atmel.com/dyn/resources/prod_documents/8159S.pdf"; VariantName = "[No Variations]"
Add component (AddParameter): Name = "ComponentLink4Description"; Value = "Atmel.com Home"; VariantName = "[No Variations]"
Add component (AddParameter): Name = "ComponentLink4URL"; Value = "http://www.atmel.com"; VariantName = "[No Variations]"
Add component (AddParameter): Name = "DatasheetVersion"; Value = "revC, Jul-2009"; VariantName = "[No Variations]"
Add component (AddParameter): Name = "PackageDescription"; Value = "32-Lead, 7x7x1.0 mm Body, 0.8mm Lead Pitch, Thin Profile Plastic Quad Flat Package (TQFP)"; VariantName = "[No Variations]"
Add component (AddParameter): Name = "PackageReference"; Value = "32A"; VariantName = "[No Variations]"
Add component (AddParameter): Name = "PackageVersion"; Value = "revB, Oct-2001"; VariantName = "[No Variations]"
Add component (AddParameter): Name = "Published"; Value = "1-Apr-2010"; VariantName = "[No Variations]"
Add component (AddParameter): Name = "Publisher"; Value = "Altium Limited"; VariantName = "[No Variations]"
Add component (AddParameter): Name = "Supplier 1"; Value = "Digi-Key"; VariantName = "[No Variations]"
Add component (AddParameter): Name = "Supplier 2"; Value = "Farnell"; VariantName = "[No Variations]"
Add component (AddParameter): Name = "Supplier 3"; Value = "Mouser"; VariantName = "[No Variations]"
Add component (AddParameter): Name = "Supplier Part Number 1"; Value = "ATMEGA8A-AU-ND"; VariantName = "[No Variations]"
Add component (AddParameter): Name = "Supplier Part Number 2"; Value = "1748532"; VariantName = "[No Variations]"
Add component (AddParameter): Name = "Supplier Part Number 3"; Value = "556-ATMEGA8A-AU"; VariantName = "[No Variations]"
Added Pin To Net: NetName=dio Pin=ATmega8-1
Added Pin To Net: NetName=clk Pin=ATmega8-2
Added Pin To Net: NetName=GND Pin=ATmega8-5
Added Pin To Net: NetName=+5 Pin=ATmega8-6
Added Pin To Net: NetName=NetATmega8_7 Pin=ATmega8-7
Added Pin To Net: NetName=NetATmega8_8 Pin=ATmega8-8
Added Pin To Net: NetName=out1 Pin=ATmega8-9
Added Pin To Net: NetName=out2 Pin=ATmega8-10
Added Pin To Net: NetName=out3 Pin=ATmega8-11
Added Pin To Net: NetName=remote Pin=ATmega8-12
Added Pin To Net: NetName=poweron Pin=ATmega8-13
Added Pin To Net: NetName=sensor Pin=ATmega8-14
Added Pin To Net: NetName=mosi Pin=ATmega8-15
Added Pin To Net: NetName=miso Pin=ATmega8-16
Added Pin To Net: NetName=sck Pin=ATmega8-17
Added Pin To Net: NetName=NetATmega8_23 Pin=ATmega8-23
Added Pin To Net: NetName=NetATmega8_24 Pin=ATmega8-24
Added Pin To Net: NetName=NetATmega8_25 Pin=ATmega8-25
Added Pin To Net: NetName=temp Pin=ATmega8-26
Added Pin To Net: NetName=sda Pin=ATmega8-27
Added Pin To Net: NetName=scl Pin=ATmega8-28
Added Pin To Net: NetName=reset Pin=ATmega8-29
Added Pin To Net: NetName=RX Pin=ATmega8-30
Added Pin To Net: NetName=TX Pin=ATmega8-31
Added Pin To Net: NetName=RST Pin=ATmega8-32
Added Member To Class: ClassName=Sheet1 Member=Component ATmega8 ATmega8A-AU
Added Room: Name=Sheet1
