Added Component: Designator=SP?(BUZZER 7.62mm DC)
Add component (AddParameter): Name = "Category"; Value = ""; VariantName = "[No Variations]"
Add component (AddParameter): Name = "Comment_1"; Value = "SPEAKER AND BEEP"; VariantName = "[No Variations]"
Add component (AddParameter): Name = "ComponentLink1Description"; Value = ""; VariantName = "[No Variations]"
Add component (AddParameter): Name = "ComponentLink1URL"; Value = ""; VariantName = "[No Variations]"
Add component (AddParameter): Name = "ComponentLink2Description"; Value = "Reference"; VariantName = "[No Variations]"
Add component (AddParameter): Name = "ComponentLink2URL"; Value = ""; VariantName = "[No Variations]"
Add component (AddParameter): Name = "Design Date"; Value = "1395/11/14"; VariantName = "[No Variations]"
Add component (AddParameter): Name = "Designer"; Value = "Abbas Basereh"; VariantName = "[No Variations]"
Add component (AddParameter): Name = "HelpURL"; Value = ""; VariantName = "[No Variations]"
Add component (AddParameter): Name = "Mounting Technology"; Value = "THD"; VariantName = "[No Variations]"
Add component (AddParameter): Name = "PackageDescription"; Value = "THD"; VariantName = "[No Variations]"
Add component (AddParameter): Name = "Pin Count"; Value = "2"; VariantName = "[No Variations]"
Add component (AddParameter): Name = "Publisher"; Value = "Abbas Basereh"; VariantName = "[No Variations]"
Add component (AddParameter): Name = "Status"; Value = "Unreleased"; VariantName = "[No Variations]"
Add component (AddParameter): Name = "VALUE"; Value = ""; VariantName = "[No Variations]"
Added Pin To Net: NetName=vcc Pin=SP?-1
Added Pin To Net: NetName=buzzer Pin=U?-44
Added Pin To Net: NetName=buzzer Pin=uln2003-4
Added Net: Name=buzzer
Added Pin To Net: NetName=out4 Pin=SP?-2
Added Pin To Net: NetName=out4 Pin=uln2003-13
Added Net: Name=out4
Added Member To Class: ClassName=Sheet2 Member=Component SP?
Added Room: Name=Sheet2
