Change Component Designator: OldDesignator=U? NewDesignator=optocoupler
Added Component: Designator=bridge(Bridge KBU PACKAGE)
Added Component: Designator=R9(Axial 1W  7_0mm)
Add component (AddParameter): Name = "Data"; Value = "4-1-2017"; VariantName = "[No Variations]"
Add component (AddParameter): Name = "Desc."; Value = "RES Axial 1W"; VariantName = "[No Variations]"
Add component (AddParameter): Name = "Designer"; Value = "Abbas Basereh"; VariantName = "[No Variations]"
Added Component: Designator=R10(Axial 1W  7_0mm)
Add component (AddParameter): Name = "Data"; Value = "4-1-2017"; VariantName = "[No Variations]"
Add component (AddParameter): Name = "Desc."; Value = "RES Axial 1W"; VariantName = "[No Variations]"
Add component (AddParameter): Name = "Designer"; Value = "Abbas Basereh"; VariantName = "[No Variations]"
Added Component: Designator=R12(CC2012-0805)
Add component (AddParameter): Name = "DatasheetDocument"; Value = "Nov-2002"; VariantName = "[No Variations]"
Add component (AddParameter): Name = "Published"; Value = "5-Jan-2004"; VariantName = "[No Variations]"
Add component (AddParameter): Name = "Publisher"; Value = "Altium Limited"; VariantName = "[No Variations]"
Added Component: Designator=R?(AXIAL-0.6)
Add component (AddParameter): Name = "LatestRevisionDate"; Value = "17-Jul-2002"; VariantName = "[No Variations]"
Add component (AddParameter): Name = "LatestRevisionNote"; Value = "Re-released for DXP Platform."; VariantName = "[No Variations]"
Add component (AddParameter): Name = "PackageDescription"; Value = "Axial Device, Thru-Hole; 2 Leads; 0.6 in Pin Spacing"; VariantName = "[No Variations]"
Add component (AddParameter): Name = "PackageReference"; Value = "AXIAL-0.6"; VariantName = "[No Variations]"
Add component (AddParameter): Name = "Published"; Value = "8-Jun-2000"; VariantName = "[No Variations]"
Add component (AddParameter): Name = "Publisher"; Value = "Altium Limited"; VariantName = "[No Variations]"
Add component (AddParameter): Name = "Set Position"; Value = "0.5"; VariantName = "[No Variations]"
Add component (AddParameter): Name = "Value"; Value = "1K"; VariantName = "[No Variations]"
Added Component: Designator=sensor(PHONIX2)
Added Pin To Net: NetName=GND Pin=optocoupler-3
Added Pin To Net: NetName=+5 Pin=R12-2
Added Pin To Net: NetName=mosi Pin=sensor-1
Added Pin To Net: NetName=Netbridge_1 Pin=bridge-1
Added Pin To Net: NetName=Netbridge_1 Pin=R10-2
Added Net: Name=Netbridge_1
Added Pin To Net: NetName=Netbridge_2 Pin=bridge-2
Added Pin To Net: NetName=Netbridge_2 Pin=Vin-1
Added Net: Name=Netbridge_2
Added Pin To Net: NetName=Netbridge_3 Pin=bridge-3
Added Pin To Net: NetName=Netbridge_3 Pin=Vin-2
Added Net: Name=Netbridge_3
Added Pin To Net: NetName=Netbridge_4 Pin=bridge-4
Added Pin To Net: NetName=Netbridge_4 Pin=R9-2
Added Net: Name=Netbridge_4
Added Pin To Net: NetName=Netoptocoupler_1 Pin=optocoupler-1
Added Pin To Net: NetName=Netoptocoupler_1 Pin=R10-1
Added Net: Name=Netoptocoupler_1
Added Pin To Net: NetName=Netoptocoupler_2 Pin=optocoupler-2
Added Pin To Net: NetName=Netoptocoupler_2 Pin=R9-1
Added Net: Name=Netoptocoupler_2
Added Pin To Net: NetName=poweron Pin=ATmega8-13
Added Pin To Net: NetName=poweron Pin=optocoupler-4
Added Pin To Net: NetName=poweron Pin=R12-1
Added Net: Name=poweron
Added Pin To Net: NetName=sensor Pin=ATmega8-14
Added Pin To Net: NetName=sensor Pin=sensor-2
Added Net: Name=sensor
Added Member To Class: ClassName=Sheet1 Member=Component bridge Bridge KBU PACKAGE
Added Member To Class: ClassName=Sheet1 Member=Component R1 RES
Added Member To Class: ClassName=Sheet1 Member=Component R2 RES
Added Member To Class: ClassName=Sheet1 Member=Component R3 RES
Added Member To Class: ClassName=Sheet1 Member=Component R4 RES
Added Member To Class: ClassName=Sheet1 Member=Component R5 RES
Added Member To Class: ClassName=Sheet1 Member=Component R6 RES
Added Member To Class: ClassName=Sheet1 Member=Component R7 RES
Added Member To Class: ClassName=Sheet1 Member=Component R8 RES
Added Member To Class: ClassName=Sheet1 Member=Component R9 1K
Added Member To Class: ClassName=Sheet1 Member=Component R10 1K
Added Member To Class: ClassName=Sheet1 Member=Component R12 RES
Added Member To Class: ClassName=Sheet1 Member=Component R? Res Adj2
Added Member To Class: ClassName=Sheet1 Member=Component sensor PHONIX2
Added Room: Name=Sheet1
