Removed Pin From Net: NetName=Netout1_1 Pin=out1-1
Removed Pin From Net: NetName=Netout1_2 Pin=out1-2
Removed Pin From Net: NetName=Netout2_1 Pin=out2-1
Removed Pin From Net: NetName=Netout2_2 Pin=out2-2
Removed Pin From Net: NetName=Netout3_1 Pin=out3-1
Removed Pin From Net: NetName=Netout3_2 Pin=out3-2
Removed Pin From Net: NetName=+5 Pin=temp-1
Removed Pin From Net: NetName=temp Pin=temp-2
Removed Pin From Net: NetName=GND Pin=temp-3
Removed Pin From Net: NetName=GND Pin=Vdc-1
Removed Pin From Net: NetName=+12 Pin=Vdc-2
Added Component: Designator=out1(PHONIX2)
Added Component: Designator=out2(PHONIX2)
Added Component: Designator=out3(PHONIX2)
Added Component: Designator=temp(PHONIX3)
Added Component: Designator=Vdc(PHONIX2)
Added Pin To Net: NetName=Netout1_1 Pin=out1-1
Added Pin To Net: NetName=Netout1_2 Pin=out1-2
Added Pin To Net: NetName=Netout2_1 Pin=out2-1
Added Pin To Net: NetName=Netout2_2 Pin=out2-2
Added Pin To Net: NetName=Netout3_1 Pin=out3-1
Added Pin To Net: NetName=Netout3_2 Pin=out3-2
Added Pin To Net: NetName=GND Pin=temp-1
Added Pin To Net: NetName=temp Pin=temp-2
Added Pin To Net: NetName=+5 Pin=temp-3
Added Pin To Net: NetName=GND Pin=Vdc-1
Added Pin To Net: NetName=+12 Pin=Vdc-2
Added Room: Name=Sheet1
