Removed Pin From Net: NetName=GND Pin=s1-2
Removed Pin From Net: NetName=GND Pin=s1-2
Removed Pin From Net: NetName=GND Pin=s2-2
Removed Pin From Net: NetName=GND Pin=s2-2
Removed Pin From Net: NetName=GND Pin=s3-2
Removed Pin From Net: NetName=GND Pin=s3-2
Removed Member From Class: ClassName=Sheet1 Member=s1
Removed Member From Class: ClassName=Sheet1 Member=s2
Removed Member From Class: ClassName=Sheet1 Member=s3
Added Component: Designator=button(HDR1X4)
Add component (AddParameter): Name = "LatestRevisionDate"; Value = "17-Jul-2002"; VariantName = "[No Variations]"
Add component (AddParameter): Name = "LatestRevisionNote"; Value = "Re-released for DXP Platform."; VariantName = "[No Variations]"
Add component (AddParameter): Name = "Publisher"; Value = "Altium Limited"; VariantName = "[No Variations]"
Added Pin To Net: NetName=GND Pin=button-4
Added Pin To Net: NetName=Netbutton_1 Pin=button-1
Added Pin To Net: NetName=Netbutton_1 Pin=R4-1
Added Pin To Net: NetName=Netbutton_1 Pin=U?-23
Added Net: Name=Netbutton_1
Added Pin To Net: NetName=Netbutton_2 Pin=button-2
Added Pin To Net: NetName=Netbutton_2 Pin=R5-1
Added Pin To Net: NetName=Netbutton_2 Pin=U?-24
Added Net: Name=Netbutton_2
Added Pin To Net: NetName=Netbutton_3 Pin=button-3
Added Pin To Net: NetName=Netbutton_3 Pin=R6-1
Added Pin To Net: NetName=Netbutton_3 Pin=U?-25
Added Net: Name=Netbutton_3
Added Member To Class: ClassName=Sheet1 Member=Component button
Added Member To Class: ClassName=Sheet1 Member=Component U? ATmega8A-AU
Added Member To Class: ClassName=Sheet1 Member=Component U? DS1307
Added Room: Name=Sheet1
