Removed Pin From Net: NetName=reset Pin=U?-1
Removed Pin From Net: NetName=RX Pin=U?-2
Removed Pin From Net: NetName=TX Pin=U?-3
Removed Pin From Net: NetName=RST Pin=U?-4
Removed Pin From Net: NetName=poweron Pin=U?-5
Removed Pin From Net: NetName=clk Pin=U?-6
Removed Pin From Net: NetName=vcc Pin=U?-7
Removed Pin From Net: NetName=GND Pin=U?-8
Removed Pin From Net: NetName=xtal1 Pin=U?-9
Removed Pin From Net: NetName=xtal2 Pin=U?-10
Removed Pin From Net: NetName=dio Pin=U?-11
Removed Pin From Net: NetName=remote Pin=U?-12
Removed Pin From Net: NetName=poweron Pin=U?-13
Removed Pin From Net: NetName=key1 Pin=U?-14
Removed Pin From Net: NetName=key2 Pin=U?-15
Removed Pin From Net: NetName=key3 Pin=U?-16
Removed Pin From Net: NetName=mosi Pin=U?-17
Removed Pin From Net: NetName=miso Pin=U?-18
Removed Pin From Net: NetName=sck Pin=U?-19
Removed Pin From Net: NetName=out1 Pin=U?-23
Removed Pin From Net: NetName=out2 Pin=U?-24
Removed Pin From Net: NetName=out3 Pin=U?-25
Removed Pin From Net: NetName=sda Pin=U?-27
Removed Pin From Net: NetName=scl Pin=U?-28
Added Component: Designator=U?(44A_M)
Add component (AddParameter): Name = "Code_JEDEC"; Value = "MS-026-ACB"; VariantName = "[No Variations]"
Add component (AddParameter): Name = "ComponentLink1Description"; Value = "Manufacturer URL"; VariantName = "[No Variations]"
Add component (AddParameter): Name = "ComponentLink1URL"; Value = "http://www.atmel.com/"; VariantName = "[No Variations]"
Add component (AddParameter): Name = "ComponentLink2Description"; Value = "ATmega16(L)  Datasheet"; VariantName = "[No Variations]"
Add component (AddParameter): Name = "ComponentLink2URL"; Value = "http://www.atmel.com/dyn/resources/prod_documents/doc2466.pdf"; VariantName = "[No Variations]"
Add component (AddParameter): Name = "ComponentLink3Description"; Value = "ATmega16(L) Summary"; VariantName = "[No Variations]"
Add component (AddParameter): Name = "ComponentLink3URL"; Value = "http://www.atmel.com/dyn/resources/prod_documents/2466S.pdf"; VariantName = "[No Variations]"
Add component (AddParameter): Name = "DatasheetVersion"; Value = "revT, Jul-2010"; VariantName = "[No Variations]"
Add component (AddParameter): Name = "PackageDescription"; Value = "44-Pin Plastic Thin Profile Quad Flat Pack, 10 x 10 x 1.0 mm Body, 0.8 mm Pitch (TQFP)"; VariantName = "[No Variations]"
Add component (AddParameter): Name = "PackageReference"; Value = "44A"; VariantName = "[No Variations]"
Add component (AddParameter): Name = "PackageVersion"; Value = "revC, Oct-2010"; VariantName = "[No Variations]"
Add component (AddParameter): Name = "RevisionNote"; Value = "DatasheetVersion & PackageVersion updated. URLs added."; VariantName = "[No Variations]"
Added Pin To Net: NetName=vcc Pin=R1-2
Added Pin To Net: NetName=vcc Pin=temp-2
Added Pin To Net: NetName=mosi Pin=U?-1
Added Pin To Net: NetName=miso Pin=U?-2
Added Pin To Net: NetName=sck Pin=U?-3
Added Pin To Net: NetName=reset Pin=U?-4
Added Pin To Net: NetName=vcc Pin=U?-5
Added Pin To Net: NetName=GND Pin=U?-6
Added Pin To Net: NetName=xtal2 Pin=U?-7
Added Pin To Net: NetName=xtal1 Pin=U?-8
Added Pin To Net: NetName=RX Pin=U?-9
Added Pin To Net: NetName=TX Pin=U?-10
Added Pin To Net: NetName=RST Pin=U?-11
Added Pin To Net: NetName=poweron Pin=U?-12
Added Pin To Net: NetName=vcc Pin=U?-17
Added Pin To Net: NetName=GND Pin=U?-18
Added Pin To Net: NetName=scl Pin=U?-19
Added Pin To Net: NetName=sda Pin=U?-20
Added Pin To Net: NetName=vcc Pin=U?-26
Added Pin To Net: NetName=GND Pin=U?-28
Added Pin To Net: NetName=dio Pin=U?-30
Added Pin To Net: NetName=clk Pin=U?-31
Added Pin To Net: NetName=out3 Pin=U?-35
Added Pin To Net: NetName=out2 Pin=U?-36
Added Pin To Net: NetName=out1 Pin=U?-37
Added Pin To Net: NetName=vcc Pin=U?-38
Added Pin To Net: NetName=GND Pin=U?-39
Added Pin To Net: NetName=key1 Pin=U?-40
Added Pin To Net: NetName=key2 Pin=U?-41
Added Pin To Net: NetName=key3 Pin=U?-42
Change Net Name : Old Net Name=vcc New Net Name=temp
Added Pin To Net: NetName=NetLabel106 Pin=U?-21
Added Net: Name=NetLabel106
Added Pin To Net: NetName=NetLabel107 Pin=U?-22
Added Net: Name=NetLabel107
Added Pin To Net: NetName=NetLabel108 Pin=U?-23
Added Net: Name=NetLabel108
Added Pin To Net: NetName=NetLabel109 Pin=U?-24
Added Net: Name=NetLabel109
Added Pin To Net: NetName=NetLabel110 Pin=U?-25
Added Net: Name=NetLabel110
Added Pin To Net: NetName=NetLabel116 Pin=U?-13
Added Net: Name=NetLabel116
Added Pin To Net: NetName=NetLabel117 Pin=U?-14
Added Net: Name=NetLabel117
Added Pin To Net: NetName=NetLabel118 Pin=U?-15
Added Net: Name=NetLabel118
Added Pin To Net: NetName=NetLabel119 Pin=U?-16
Added Net: Name=NetLabel119
Added Pin To Net: NetName=NetLabel123 Pin=U?-34
Added Net: Name=NetLabel123
Added Pin To Net: NetName=NetLabel124 Pin=U?-33
Added Net: Name=NetLabel124
Added Pin To Net: NetName=NetLabel125 Pin=U?-32
Added Net: Name=NetLabel125
Added Net: Name=sensor1
Added Net: Name=sensor2
Change Class Name : Old Net Name=Sheet1 New Net Name=Sheet2
Added Room: Name=Sheet2
