Report       : ATMEGA32-DIP
Date         : 09-17-2024
Time         : 19:13:55

Compiler     : BASCOM-AVR LIBRARY V 2.0.8.5
Processor    : M32
SRAM         : 800 hex
EEPROM       : 400 hex
ROMSIZE      : 8000 hex

ROMIMAGE     : 7EA0 hex  -> Will fit into ROM
ROMIMAGE     :  32416 dec
FLASH USED   :  98  %
BAUD         : 9600 Baud
XTAL         : 8000000 Hz
BAUD error   : 0.16%

Stack start  : 85F hex
Stack size   : 28 hex
S-Stacksize  : 10 hex
S-Stackstart : 838 hex
Framesize    : 20 hex
Framestart   : 808 hex
Space left   :  1216  dec

LCD DB7      : PORTD.7
LCD DB6      : PORTD.0
LCD DB5      : PORTD.1
LCD DB4      : PORTD.4
LCD E        : PORTD.5
LCD RS       : PORTD.6
LCD mode     :  4  bit

--------------------------------------------------------------------------------
Variable                         Type            Address(hex)   Address(dec)
--------------------------------------------------------------------------------
SP                               Word              005D          93 
TCNT1                            Word              004C          76 
OCR1A                            Word              004A          74 
OCR1B                            Word              0048          72 
ICR1                             Word              0046          70 
EEAR                             Word              003E          62 
ADC                              Word              0024          36 
TIMER1                           Word              004C          76 
COUNTER1                         Word              004C          76 
COMPARE1A                        Word              004A          74 
COMPARE1B                        Word              0048          72 
PWM1A                            Word              004A          74 
PWM1B                            Word              0048          72 
CAPTURE1                         Word              0046          70 
HWSTACK                          Word              005D          93 
SWSTACK                          Word              001C          28 
FRAME                            Word              0004          4 
R0                                                 0000          0 
R1                                                 0001          1 
R2                                                 0002          2 
R3                                                 0003          3 
R4                                                 0004          4 
R5                                                 0005          5 
R6                                                 0006          6 
R7                                                 0007          7 
R8                                                 0008          8 
R9                                                 0009          9 
R10                                                000A          10 
R11                                                000B          11 
R12                                                000C          12 
R13                                                000D          13 
R14                                                000E          14 
R15                                                000F          15 
R16                                                0010          16 
R17                                                0011          17 
R18                                                0012          18 
R19                                                0013          19 
R20                                                0014          20 
R21                                                0015          21 
R22                                                0016          22 
R23                                                0017          23 
R24                                                0018          24 
R25                                                0019          25 
R26                                                001A          26 
R27                                                001B          27 
R28                                                001C          28 
R29                                                001D          29 
R30                                                001E          30 
R31                                                001F          31 
ADCD                             Word              0024          36 
COUNTER1                         Word              004C          76 
TIMER1                           Word              004C          76 
CAPTURE1                         Word              0046          70 
COMPARE1A                        Word              004A          74 
PWM1A                            Word              004A          74 
COMPARE1                         Word              004A          74 
PWM1B                            Word              0048          72 
COMPARE1B                        Word              0048          72 
PWM0                             Byte              005C          92 
ERR                              Bit [2]           0006          6 
DATE$                            String * 8        0066          102 
TIME$                            String * 8        006F          111 
A                                Word              0078          120 
AQ                               Byte              007A          122 
AW                               Byte              007B          123 
CONTER                           Word              007C          124 
AB                               Byte              007E          126 
B                                Word              007F          127 
AC                               Byte              0081          129 
W                                Byte              0082          130 
GF                               Byte              0083          131 
ERR3                             Byte              0084          132 
C                                Single            0085          133 
GH                               Byte              0089          137 
QA                               Byte              008A          138 
QF                               Byte              008B          139 
RT                               Byte              008C          140 
G                                Single            008D          141 
ERR2                             Byte              0091          145 
RY                               Byte              0092          146 
PPT                              Byte              0093          147 
PPR                              Byte              0094          148 
K                                Single            0095          149 
HJ                               Byte              0099          153 
B8                               Integer           009A          154 
ER                               Single            009C          156 
PPY                              Byte              00A0          160 
OI                               Byte              00A1          161 
MW                               Byte              00A2          162 
MDS                              Byte              00A3          163 
EDS                              Byte              00A4          164 
AK                               Byte              00A5          165 
RV                               Byte              00A6          166 
LK                               Byte              00A7          167 
DG                               Byte              00A8          168 
HO                               Byte              00A9          169 
AO                               Byte              00AA          170 
RV2                              Byte              00AB          171 
DF                               Byte              00AC          172 
FD                               Single            00AD          173 
CK                               Byte              00B1          177 
SDA                              Byte              00B2          178 
PO                               Byte              00B3          179 
FA                               Byte              00B4          180 
JH                               Byte              00B5          181 
UP_TEMP                          Single            00B6          182 
LT                               Byte              00BA          186 
FAN                              Byte              00BB          187 
FF                               Byte              00BC          188 
M3                               Word              00BD          189 
M6                               Word              00BF          191 
EKF                              Byte              00C1          193 
X                                Single            00C2          194 
RQ                               Byte              00C6          198 
PU                               Byte              00C7          199 
S5                               Byte              00C8          200 
U5                               Byte              00C9          201 
AN                               Byte              00CA          202 
QW                               Byte              00CB          203 
EE                               Byte              00CC          204 
J                                Byte              00CD          205 
N1                               Byte              00CE          206 
O                                Byte              00CF          207 
DC                               Byte              00D0          208 
B50                              Byte              00D1          209 
W50                              Word              00D2          210 
DT50                             Single            00D4          212 
DY50                             String * 10       00D8          216 
R_S                              Single            00E3          227 
B1                               Byte              00E7          231 
SUM                              Single            00E8          232 
RS                               Byte              00EC          236 
NBB                              Byte              00ED          237 
AX                               Byte              00EE          238 
CONTM                            Byte              00EF          239 
US                               Byte              00F0          240 
A77                              Integer           00F1          241 
DS                               Byte              00F3          243 
RV1                              Byte              00F4          244 
D1                               Byte              00F5          245 
M_NT                             Byte              00F6          246 
CONT_RV                          Byte              00F7          247 
E_S                              Single            00F8          248 
E_RN                             Byte              00FC          252 
RR                               Byte              00FD          253 
NNN                              Byte              00FE          254 
HUMIDITY_TEST                    Single            00FF          255 
DT50_TEST                        Single            0103          259 
TEMP_SR                          String * 8        0107          263 
TEMP_AR                          String * 4        0110          272 
CRC_DATA                         Byte              0115          277 
ERR_DATA                         Byte              0116          278 
TEMP_S                           Integer           0117          279 
TEMP_A                           Byte              0119          281 
TEMP_DATA                        String * 10       011A          282 
CRCDATA2                         Integer           0125          293 
TEMP_2                           String * 10       0127          295 
TEMP                             Single            0132          306 
READ_SENSOR                      Byte              0136          310 
CRC_DATA3                        Byte              0137          311 
H_SR                             String * 8        0138          312 
H_AR                             String * 4        0141          321 
H_R                              String * 12       0146          326 
CRC_DATA2                        Byte              0153          339 
H_S                              Integer           0154          340 
H_DATA                           String * 5        0156          342 
H_1                              String * 10       015C          348 
CRCTEMP_A                        Byte              0167          359 
TEMP_DATAN                       Single            0168          360 
H_DATAN                          Single            016C          364 
RECIVE_DATA                      String * 33       0170          368 
T_D                              Word              0192          402 
TEMP_1                           String * 10       0194          404 
H_2                              String * 10       019F          415 
CRCTEMP_1                        Single            01AA          426 
H_A                              Byte              01AE          430 
HUMIDITY                         Single            01AF          431 
I                                Byte              01B3          435 
H_STR                            String * 10       01B4          436 
R_STR                            String * 10       01BF          447 
E_STR                            String * 10       01CA          458 
K_STR                            String * 5        01D5          469 
VAR                              Byte              01DB          475 
G_STR                            String * 10       01DC          476 
STAR_T                           Byte              01E7          487 
ERR4                             Single            01E8          488 
CRC_DATARECIVE                   String * 8        01EC          492 
ML                               Single            01F5          501 
BN                               Byte              01F9          505 
TEMP_MANFI                       String * 1        01FA          506 
CRCH_S                           Byte              01FC          508 
TEMP_R                           String * 12       01FD          509 
TEMP_R3                          String * 4        020A          522 
TEMP_SHT                         Single            020F          527 
TEMP_ABS                         Single            0213          531 
CRCH_A                           Byte              0217          535 
CRCH_1                           Single            0218          536 
SN                               Byte              021C          540 
FN                               Byte              021D          541 
CRC_DATA1                        Single            021E          542 
CRCTEMP_S                        Integer           0222          546 
CRC_BINVAL                       Byte              0224          548 
TEST_H                           Byte              0225          549 
DATA_SENS                        String * 34       0226          550 
TY                               Byte              0249          585 
H_K_STR                          String * 5        024A          586 
T_K_STR                          String * 5        0250          592 
STR_N                            String * 16       0256          598 
STR_B                            String * 16       0267          615 
STR_C                            String * 1        0278          632 
IT                               Byte              027A          634 
STR_L                            String * 16       027B          635 
STR_E                            String * 16       028C          652 
STR_D                            String * 1        029D          669 
ML_STR                           String * 5        029F          671 
RW                               Byte              02A5          677 
H_K                              Single            02A6          678 
ED                               Byte              02AA          682 
T_K                              Single            02AB          683 
R_S_HACH                         Single            02AF          687 
V_HELP                           Single            02B3          691 
K_HACH                           Single            02B7          695 
G_HACH                           Single            02BB          699 
E_S_HACH                         Single            02BF          703 
SAL                              Word              02C3          707 
MAH                              Byte              02C5          709 
RUZ                              Byte              02C6          710 
RUZ_SATER                        Byte              02C7          711 
RUZ_HACHER                       Byte              02C8          712 
MOTOR_HACH                       Byte              02C9          713 
RUZ_J                            Byte              02CA          714 
MENO1                            Byte              02CB          715 
MENO2                            Byte              02CC          716 
RUZ_JOJEKESHI                    Byte              02CD          717 
VVV                              Byte              02CE          718 
K_SATER                          Single            02CF          719 
G_SATER                          Single            02D3          723 
E_S_SATER                        Single            02D7          727 
R_S_SATER                        Single            02DB          731 
JJJ                              Byte              02DF          735 
PP                               Byte              02E0          736 
M3_SINGLE                        Single            02E1          737 
M6_SINGLE                        Single            02E5          741 
YU                               Single            02E9          745 
ER_V                             Byte              02ED          749 
PROGRAM                          Byte              02EE          750 
EF                               Byte              02EF          751 
DK                               Byte              02F0          752 
NB                               Byte              02F1          753 
D                                Byte              02F2          754 
TIME_HACH_BUTTON                 Byte              02F3          755 
VAR_K                            Byte              02F4          756 
SAVE_TIME                        Byte              02F5          757 
NJ                               Byte              02F6          758 
BNM                              Byte              02F7          759 
RAVESH_MOTOR                     Byte              02F8          760 
VAR_CONT                         Byte              02F9          761 
NH                               Word              02FA          762 
SS                               String * 6        02FC          764 
I1                               Integer           0303          771 
I2                               Integer           0305          773 
I3                               Integer           0307          775 
I4                               Integer           0309          777 
DSID1                            Byte(8)           030B          779 
DSID2                            Byte(8)           0313          787 
DSID3                            Byte(8)           031B          795 
DSID4                            Byte(8)           0323          803 
DS_A_STR                         String * 6        032B          811 
DS_B_STR                         String * 6        0332          818 
DS_C_STR                         String * 6        0339          825 
DS_D_STR                         String * 6        0340          832 

--------------------------------------------------------------------------------
Constant                         Value
--------------------------------------------------------------------------------
SREG                             &H3F
SPH                              &H3E
SPL                              &H3D
OCR0                             &H3C
PWM0                             &H3C
COMPARE0                         &H3C
GIMSK                            &H3B
GICR                             &H3B
GIFR                             &H3A
TIMSK                            &H39
TIFR                             &H38
TIFR1                            &H38
SPMCR                            &H37
SPMCSR                           &H37
TWCR                             &H36
MCUCR                            &H35
MCUSR                            &H34
MCUCSR                           &H34
TCCR0                            &H33
TCNT0                            &H32
COUNTER0                         &H32
TIMER0                           &H32
OSCCAL                           &H31
SFIOR                            &H30
TCCR1A                           &H2F
TCCR1B                           &H2E
TCNT1H                           &H2D
TCNT1L                           &H2C
OCR1AH                           &H2B
OCR1AL                           &H2A
OCR1BH                           &H29
OCR1BL                           &H28
ICR1H                            &H27
ICR1L                            &H26
TCCR2                            &H25
TCNT2                            &H24
TIMER2                           &H24
COUNTER2                         &H24
OCR2                             &H23
PWM2                             &H23
COMPARE2                         &H23
ASSR                             &H22
WDTCR                            &H21
UBRRHI                           &H20
UCSRC                            &H20
EEARH                            &H1F
EEARL                            &H1E
EEDR                             &H1D
EECR                             &H1C
PORTA                            &H1B
DDRA                             &H1A
PINA                             &H19
PORTB                            &H18
DDRB                             &H17
PINB                             &H16
PORTC                            &H15
DDRC                             &H14
PINC                             &H13
PORTD                            &H12
DDRD                             &H11
PIND                             &H10
SPDR                             &H0F
SPSR                             &H0E
SPCR                             &H0D
UDR                              &H0C
USR                              &H0B
UCSRA                            &H0B
UCSR0A                           &H0B
UCR                              &H0A
UCSRB                            &H0A
UBRR                             &H09
UBRRL                            &H09
ACSR                             &H08
ADMUX                            &H07
ADCSR                            &H06
ADCSRA                           &H06
ADCH                             &H05
ADCL                             &H04
TWDR                             &H03
TWAR                             &H02
TWSR                             &H01
TWBR                             &H00
_ROMSIZE                         32768
_CHIP                            23
INT1                             7
INT0                             6
INT2                             5
IVSEL                            1
IVCE                             0
INTF1                            7
INTF0                            6
INTF2                            5
TOIE0                            0
OCIE0                            1
TOIE1                            2
OCIE1B                           3
OCIE1A                           4
TICIE1                           5
TOIE2                            6
OCIE2                            7
TOV0                             0
OCF0                             1
TOV1                             2
OCF1B                            3
OCF1A                            4
ICF1                             5
TOV2                             6
OCF2                             7
SPMIE                            7
ASB                              6
ASRE                             4
BLBSET                           3
PGWRT                            2
PGERS                            1
SPMEN                            0
SELFPRGEN                        0
SE                               7
SM2                              6
SM1                              5
SM0                              4
ISC11                            3
ISC10                            2
ISC01                            1
ISC00                            0
JTD                              7
ISC2                             6
EIH                              5
JTRF                             4
WDRF                             3
BORF                             2
EXTRF                            1
PORF                             0
FOC0                             7
WGM00                            6
COM01                            5
COM00                            4
WGM01                            3
CS02                             2
CS01                             1
CS00                             0
COM1A1                           7
COM1A0                           6
COM1B1                           5
COM1B0                           4
FOC1A                            3
FOC1B                            2
PWM11                            1
PWM10                            0
ICNC1                            7
ICES1                            6
CTC11                            4
CTC10                            3
CTC1                             3
CS12                             2
CS11                             1
CS10                             0
FOC2                             7
PWM2BIT                          6
COM21                            5
COM20                            4
CTC2                             3
CS22                             2
CS21                             1
CS20                             0
RPDD                             7
RPDC                             6
RPDB                             5
RPDA                             4
ACME                             3
PUD                              2
PSR2                             1
PSR10                            0
WDTOE                            4
WDE                              3
WDP2                             2
WDP1                             1
WDP0                             0
EERIE                            3
EEMWE                            2
EEWE                             1
EERE                             0
EEPE                             1
PA7                              7
PA6                              6
PA5                              5
PA4                              4
PA3                              3
PA2                              2
PA1                              1
PA0                              0
DDA7                             7
DDA6                             6
DDA5                             5
DDA4                             4
DDA3                             3
DDA2                             2
DDA1                             1
DDA0                             0
PINA7                            7
PINA6                            6
PINA5                            5
PINA4                            4
PINA3                            3
PINA2                            2
PINA1                            1
PINA0                            0
PB7                              7
PB6                              6
PB5                              5
PB4                              4
PB3                              3
PB2                              2
PB1                              1
PB0                              0
DDB7                             7
DDB6                             6
DDB5                             5
DDB4                             4
DDB3                             3
DDB2                             2
DDB1                             1
DDB0                             0
PINB7                            7
PINB6                            6
PINB5                            5
PINB4                            4
PINB3                            3
PINB2                            2
PINB1                            1
PINB0                            0
PC7                              7
PC6                              6
PC5                              5
PC4                              4
PC3                              3
PC2                              2
PC1                              1
PC0                              0
DDC7                             7
DDC6                             6
DDC5                             5
DDC4                             4
DDC3                             3
DDC2                             2
DDC1                             1
DDC0                             0
PINC7                            7
PINC6                            6
PINC5                            5
PINC4                            4
PINC3                            3
PINC2                            2
PINC1                            1
PINC0                            0
PD7                              7
PD6                              6
PD5                              5
PD4                              4
PD3                              3
PD2                              2
PD1                              1
PD0                              0
DDD7                             7
DDD6                             6
DDD5                             5
DDD4                             4
DDD3                             3
DDD2                             2
DDD1                             1
DDD0                             0
PIND7                            7
PIND6                            6
PIND5                            5
PIND4                            4
PIND3                            3
PIND2                            2
PIND1                            1
PIND0                            0
RXC                              7
TXC                              6
UDRE                             5
FE                               4
DOR                              3
PE                               2
U2X                              1
MPCM                             0
RXCIE                            7
TXCIE                            6
UDRIE                            5
RXEN                             4
TXEN                             3
CHR9                             2
UCSZ2                            2
RXB8                             1
TXB8                             0
URSEL                            7
UMSEL                            6
UPM1                             5
UPM0                             4
USBS                             3
UCSZ1                            2
UCSZ0                            1
UCPOL                            0
SPIE                             7
SPE                              6
DORD                             5
MSTR                             4
CPOL                             3
CPHA                             2
SPR1                             1
SPR0                             0
SPIF                             7
WCOL                             6
SPI2X                            0
ACD                              7
ACBG                             6
ACO                              5
ACI                              4
ACIE                             3
ACIC                             2
ACIS1                            1
ACIS0                            0
REFS1                            7
REFS0                            6
ADLAR                            5
MUX4                             4
MUX3                             3
MUX2                             2
MUX1                             1
MUX0                             0
ADEN                             7
ADSC                             6
ADFR                             5
ADIF                             4
ADIE                             3
ADPS2                            2
ADPS1                            1
ADPS0                            0
TWINT                            7
TWEA                             6
TWSTA                            5
TWSTO                            4
TWWC                             3
TWEN                             2
TWI_TST                          1
TWIE                             0
TWGCE                            0
AS2                              3
TCN2UB                           2
OCR2UB                           1
TCR2UB                           0
_RESET                           0
_DATE_FORMAT                     0
_DATE_SEPARATOR                  92
_GSTRBUF                         2056
_DECIMALPOINT                    46
_RTSCTS                          0
_RTSCTS1                         0
_RTSCTS3                         0
_RTSCTS4                         0
_RTSCTS5                         0
_RTSCTS6                         0
_RTSCTS7                         0
_RTSCTS8                         0
_RAMSIZE                         2048
_ERAMSIZE                        1024
_SIM                             0
_HUGE                            0
_BASE                            1
_XTAL                            8000000
_BUILD                           20850
_COMPILER                        90
_HWMUL                           1
_DOSFILEWRITE                    0
_DOSDIRWRITE                     0
_1WEXT                           0
_ADC_REFMODEL                    0
_UARTS                           1
_HWSTACKSTART                    2143
_TIMEOUT                         0
_PBIN_EXTENDED                   0
_SPI_EXTENDED                    0
_INPBIN_EXTENDED                 0
_BIGSTRINGS                      0
SEROUT_EXTPULL                   1
_FPROTECT                        0
_HWSTACK_LOW                     &H0837
_SWSTACK_LOW                     &H0828
_FRAME_HIGH                      &H0829
_HAVEMOVW                        1
_XMEGA                           0
_XTINY                           0
_LCDDB4                          &H12
_LCDDB4_PIN                      4
_LCDDB4DIR                       &H11
_LCDDB5                          &H12
_LCDDB5_PIN                      1
_LCDDB5DIR                       &H11
_LCDDB6                          &H12
_LCDDB6_PIN                      0
_LCDDB6DIR                       &H11
_LCDDB7                          &H12
_LCDDB7_PIN                      7
_LCDDB7DIR                       &H11
_LCDDBE                          &H12
_LCDDBE_PIN                      5
_LCDDBEDIR                       &H11
_LCDDBRS                         &H12
_LCDDBRS_PIN                     6
_LCDDBRSDIR                      &H11
_TEXTLCDKIND                     162
_USERCLOCK                       0
_SECTIC                          0
CBITINFINITY                     0
CMBITINFINITY                    1
CBITZERO                         1
CMBITZERO                        2
CBITNAN                          2
CMBITNAN                         4
CBITNANIFINF                     3
CMBITNANIFINF                    8
CBITNANIFMINUS                   4
CMBITNANIFMINUS                  16
CBITSIGN                         7
CMBITSIGN                        128
CEXPADDOFFSET                    0
CEXPSUBOFFSET                    12
CEXPMULOFFSET                    24
CEXPDIVOFFSET                    36


--------------------------------------------------------------------------------
Warnings:
--------------------------------------------------------------------------------
ADCD                             not used
COMPARE1                         not used
A                                not used
B                                not used
ERR3                             not used
C                                not used
RT                               not used
RY                               not used
HJ                               not used
B8                               not used
X                                not used
S5                               not used
U5                               not used
J                                not used
N1                               not used
B50                              not used
W50                              not used
DY50                             not used
B1                               not used
SUM                              not used
NBB                              not used
CONTM                            not used
A77                              not used
DS                               not used
RR                               not used
NNN                              not used
CRCDATA2                         not used
READ_SENSOR                      not used
CRC_DATA3                        not used
CRC_DATA2                        not used
R_STR                            not used
E_STR                            not used
G_STR                            not used
TEMP_R3                          not used
DATA_SENS                        not used
STR_N                            not used
STR_B                            not used
STR_C                            not used
IT                               not used
STR_L                            not used
STR_E                            not used
STR_D                            not used
RW                               not used
BNM                              not used
SS                               not used
I1                               not used
I2                               not used
I3                               not used
I4                               not used
DSID1                            not used
DSID2                            not used
DSID3                            not used
DSID4                            not used
DS_A_STR                         not used
DS_B_STR                         not used
DS_C_STR                         not used
DS_D_STR                         not used

Length of string might not be enough to hold the result. A length of 16 is desired.  in line  252 
Length of string might not be enough to hold the result. A length of 16 is desired.  in line  305 
Length of string might not be enough to hold the result. A length of 16 is desired.  in line  327 
Length of string might not be enough to hold the result. A length of 16 is desired.  in line  638 
Length of string might not be enough to hold the result. A length of 16 is desired.  in line  638 
Length of string might not be enough to hold the result. A length of 16 is desired.  in line  643 
Length of string might not be enough to hold the result. A length of 16 is desired.  in line  643 
Length of string might not be enough to hold the result. A length of 16 is desired.  in line  655 
Length of string might not be enough to hold the result. A length of 16 is desired.  in line  663 
Length of string might not be enough to hold the result. A length of 16 is desired.  in line  681 
Source string could be too big to fit into target string [H_1>H_DATA]  in line  865 
Source string could be too big to fit into target string [H_2>H_DATA]  in line  866 
Length of string might not be enough to hold the result. A length of 16 is desired.  in line  1115 
Length of string might not be enough to hold the result. A length of 16 is desired.  in line  1116 
Length of string might not be enough to hold the result. A length of 16 is desired.  in line  1912 

Eeprom binary image map
--------------------------------------------------------------------------------
Variable                               Value(dec)
--------------------------------------------------------------------------------
