Removed Pin From Net: NetName=+5v Pin=Programmer-5
Removed Pin From Net: NetName=+5v Pin=R4-2
Removed Pin From Net: NetName=+5v Pin=R5-2
Removed Pin From Net: NetName=+5v Pin=R6-2
Removed Pin From Net: NetName=+5v Pin=R7-2
Removed Pin From Net: NetName=+5v Pin=R8-2
Added Pin To Net: NetName=vcc Pin=78M05-3
Added Pin To Net: NetName=vcc Pin=Atmega16-5
Added Pin To Net: NetName=vcc Pin=Atmega16-17
Added Pin To Net: NetName=vcc Pin=Atmega16-38
Added Pin To Net: NetName=vcc Pin=C1-1
Added Pin To Net: NetName=vcc Pin=C2-1
Added Pin To Net: NetName=vcc Pin=C3-1
Added Pin To Net: NetName=vcc Pin=D1-1
Added Pin To Net: NetName=+5 Pin=R4-2
Added Pin To Net: NetName=+5 Pin=R5-2
Added Pin To Net: NetName=+5 Pin=R6-2
Added Pin To Net: NetName=+5 Pin=R7-2
Added Pin To Net: NetName=+5 Pin=R8-2
Added Net: Name=+5
Added Member To Class: ClassName=Sheet2 Member=Component jumper? 10K
Added Member To Class: ClassName=Sheet2 Member=Component jumper? 10K
Added Room: Name=Sheet2
