Removed Pin From Net: NetName=out1 Pin=uln2003-1
Removed Pin From Net: NetName=out2 Pin=uln2003-2
Removed Pin From Net: NetName=out3 Pin=uln2003-3
Removed Pin From Net: NetName=buzzer Pin=uln2003-4
Removed Pin From Net: NetName=GND Pin=uln2003-8
Removed Pin From Net: NetName=+12 Pin=uln2003-9
Removed Pin From Net: NetName=out4 Pin=uln2003-13
Removed Pin From Net: NetName=Netrelay3_4 Pin=uln2003-14
Removed Pin From Net: NetName=Netrelay2_4 Pin=uln2003-15
Removed Pin From Net: NetName=Netrelay1_4 Pin=uln2003-16
Removed Member From Class: ClassName=Sheet2 Member=uln2003
Added Component: Designator=U?(STM-SO-16_M)
Add component (AddParameter): Name = "Automotive Qualification Standard"; Value = "-"; VariantName = "[No Variations]"
Add component (AddParameter): Name = "Collector Emitter Voltage V(br)ceo"; Value = "50V"; VariantName = "[No Variations]"
Add component (AddParameter): Name = "Datasheet URL"; Value = "https://datasheet.ciiva.com/1193/1690348-1193460.pdf"; VariantName = "[No Variations]"
Add component (AddParameter): Name = "Datasheet Version"; Value = "Rev. 8, 06/2012"; VariantName = "[No Variations]"
Add component (AddParameter): Name = "DC Collector Current"; Value = "500mA"; VariantName = "[No Variations]"
Add component (AddParameter): Name = "DC Current Gain hFE"; Value = "1000hFE"; VariantName = "[No Variations]"
Add component (AddParameter): Name = "Manufacturer"; Value = "STMicroelectronics"; VariantName = "[No Variations]"
Add component (AddParameter): Name = "Manufacturer URL"; Value = "http://www.st.com/"; VariantName = "[No Variations]"
Add component (AddParameter): Name = "MSL"; Value = "MSL1-Unlimited"; VariantName = "[No Variations]"
Add component (AddParameter): Name = "No. of Pins"; Value = "16Pins"; VariantName = "[No Variations]"
Add component (AddParameter): Name = "Operating Temperature Max"; Value = "85degC"; VariantName = "[No Variations]"
Add component (AddParameter): Name = "Package Description"; Value = "16-Pin Small Outline Integrated Circuit, Body 9.9 x 3.9 mm, Pitch 1.27 mm"; VariantName = "[No Variations]"
Add component (AddParameter): Name = "Package Reference"; Value = "SO-16"; VariantName = "[No Variations]"
Add component (AddParameter): Name = "Power Dissipation Pd"; Value = "-"; VariantName = "[No Variations]"
Add component (AddParameter): Name = "Product Range"; Value = "-"; VariantName = "[No Variations]"
Add component (AddParameter): Name = "SVHC"; Value = "NoSVHC(17-Dec-2015)"; VariantName = "[No Variations]"
Add component (AddParameter): Name = "Transistor Case Style"; Value = "SOIC"; VariantName = "[No Variations]"
Add component (AddParameter): Name = "Transistor Polarity"; Value = "NPN"; VariantName = "[No Variations]"
Added Pin To Net: NetName=out1 Pin=U?-1
Added Pin To Net: NetName=out2 Pin=U?-2
Added Pin To Net: NetName=out3 Pin=U?-3
Added Pin To Net: NetName=buzzer Pin=U?-4
Added Pin To Net: NetName=+12 Pin=U?-8
Added Pin To Net: NetName=GND Pin=U?-9
Added Pin To Net: NetName=out4 Pin=U?-13
Added Pin To Net: NetName=Netrelay3_4 Pin=U?-14
Added Pin To Net: NetName=Netrelay2_4 Pin=U?-15
Added Pin To Net: NetName=Netrelay1_4 Pin=U?-16
Added Member To Class: ClassName=Sheet2 Member=Component C4 470uF
Added Member To Class: ClassName=Sheet2 Member=Component R13 RES
Added Member To Class: ClassName=Sheet2 Member=Component U? ULN2003D1013TR
Added Member To Class: ClassName=Sheet2 Member=Component Y? 6 MHz
Added Room: Name=Sheet2
